[0.022s] Invoking command in '/home/mariem/multi_robot_ws/build/explore_lite': CMAKE_PREFIX_PATH=${CMAKE_PREFIX_PATH}:/home/mariem/multi_robot_ws/install/merge_map:/home/mariem/my_ros2_ws/install/my_turtlebot_gazebo:/opt/ros/humble /usr/bin/cmake --build /home/mariem/multi_robot_ws/build/explore_lite -- -j16 -l16
[0.251s] -- Build for ROS2: humble
[0.251s] -- Found ament_cmake: 1.3.11 (/opt/ros/humble/share/ament_cmake/cmake)
[0.251s] -- Override CMake install command with custom implementation using symlinks instead of copying resources
[0.251s] -- Found rclcpp: 16.0.11 (/opt/ros/humble/share/rclcpp/cmake)
[0.251s] -- Found rosidl_generator_c: 3.1.6 (/opt/ros/humble/share/rosidl_generator_c/cmake)
[0.252s] -- Found rosidl_adapter: 3.1.6 (/opt/ros/humble/share/rosidl_adapter/cmake)
[0.252s] -- Found rosidl_generator_cpp: 3.1.6 (/opt/ros/humble/share/rosidl_generator_cpp/cmake)
[0.252s] -- Using all available rosidl_typesupport_c: rosidl_typesupport_fastrtps_c;rosidl_typesupport_introspection_c
[0.252s] -- Using all available rosidl_typesupport_cpp: rosidl_typesupport_fastrtps_cpp;rosidl_typesupport_introspection_cpp
[0.252s] -- Found rmw_implementation_cmake: 6.1.2 (/opt/ros/humble/share/rmw_implementation_cmake/cmake)
[0.252s] -- Found rmw_fastrtps_cpp: 6.2.7 (/opt/ros/humble/share/rmw_fastrtps_cpp/cmake)
[0.348s] -- Using RMW implementation 'rmw_fastrtps_cpp' as default
[0.396s] -- Found sensor_msgs: 4.2.4 (/opt/ros/humble/share/sensor_msgs/cmake)
[0.424s] -- Found tf2_ros: 0.25.12 (/opt/ros/humble/share/tf2_ros/cmake)
[0.494s] -- Found tf2_geometry_msgs: 0.25.12 (/opt/ros/humble/share/tf2_geometry_msgs/cmake)
[0.497s] -- Found eigen3_cmake_module: 0.1.1 (/opt/ros/humble/share/eigen3_cmake_module/cmake)
[0.498s] -- Ensuring Eigen3 include directory is part of orocos-kdl CMake target
[0.500s] -- Found nav2_msgs: 1.1.18 (/opt/ros/humble/share/nav2_msgs/cmake)
[0.539s] -- Found map_msgs: 2.1.0 (/opt/ros/humble/share/map_msgs/cmake)
[0.553s] -- Found visualization_msgs: 4.2.4 (/opt/ros/humble/share/visualization_msgs/cmake)
[0.571s] -- Found nav2_costmap_2d: 1.1.18 (/opt/ros/humble/share/nav2_costmap_2d/cmake)
[0.746s] -- Configuring done
[0.801s] -- Generating done
[0.808s] -- Build files have been written to: /home/mariem/multi_robot_ws/build/explore_lite
[0.839s] [35m[1mConsolidate compiler generated dependencies of target explore[0m
[0.862s] [100%] Built target explore
[0.871s] Invoked command in '/home/mariem/multi_robot_ws/build/explore_lite' returned '0': CMAKE_PREFIX_PATH=${CMAKE_PREFIX_PATH}:/home/mariem/multi_robot_ws/install/merge_map:/home/mariem/my_ros2_ws/install/my_turtlebot_gazebo:/opt/ros/humble /usr/bin/cmake --build /home/mariem/multi_robot_ws/build/explore_lite -- -j16 -l16
[0.873s] Invoking command in '/home/mariem/multi_robot_ws/build/explore_lite': CMAKE_PREFIX_PATH=${CMAKE_PREFIX_PATH}:/home/mariem/multi_robot_ws/install/merge_map:/home/mariem/my_ros2_ws/install/my_turtlebot_gazebo:/opt/ros/humble /usr/bin/cmake --install /home/mariem/multi_robot_ws/build/explore_lite
[0.880s] -- Install configuration: ""
[0.880s] -- Execute custom install script
[0.880s] -- Up-to-date symlink: /home/mariem/multi_robot_ws/install/explore_lite/include/explore//costmap_client.h
[0.881s] -- Up-to-date symlink: /home/mariem/multi_robot_ws/install/explore_lite/include/explore//costmap_tools.h
[0.881s] -- Up-to-date symlink: /home/mariem/multi_robot_ws/install/explore_lite/include/explore//explore.h
[0.881s] -- Up-to-date symlink: /home/mariem/multi_robot_ws/install/explore_lite/include/explore//frontier_search.h
[0.882s] -- Up-to-date symlink: /home/mariem/multi_robot_ws/install/explore_lite/share/explore_lite/config/params.yaml
[0.882s] -- Up-to-date symlink: /home/mariem/multi_robot_ws/install/explore_lite/share/explore_lite/config/params_costmap.yaml
[0.882s] -- Up-to-date symlink: /home/mariem/multi_robot_ws/install/explore_lite/share/explore_lite/config/robot1_explore_params.yaml
[0.883s] -- Up-to-date symlink: /home/mariem/multi_robot_ws/install/explore_lite/share/explore_lite/launch/explore.launch.py
[0.883s] -- Up-to-date symlink: /home/mariem/multi_robot_ws/install/explore_lite/share/explore_lite/launch/robot1_explore.launch.py
[0.883s] -- Up-to-date symlink: /home/mariem/multi_robot_ws/install/explore_lite/share/explore_lite/launch/robot2_explore.launch.py
[0.883s] -- Up-to-date symlink: /home/mariem/multi_robot_ws/install/explore_lite/lib/explore_lite/explore
[0.883s] -- Up-to-date symlink: /home/mariem/multi_robot_ws/install/explore_lite/share/ament_index/resource_index/package_run_dependencies/explore_lite
[0.884s] -- Up-to-date symlink: /home/mariem/multi_robot_ws/install/explore_lite/share/ament_index/resource_index/parent_prefix_path/explore_lite
[0.884s] -- Up-to-date symlink: /home/mariem/multi_robot_ws/install/explore_lite/share/explore_lite/environment/ament_prefix_path.sh
[0.884s] -- Up-to-date symlink: /home/mariem/multi_robot_ws/install/explore_lite/share/explore_lite/environment/ament_prefix_path.dsv
[0.884s] -- Up-to-date symlink: /home/mariem/multi_robot_ws/install/explore_lite/share/explore_lite/environment/path.sh
[0.885s] -- Up-to-date symlink: /home/mariem/multi_robot_ws/install/explore_lite/share/explore_lite/environment/path.dsv
[0.885s] -- Up-to-date symlink: /home/mariem/multi_robot_ws/install/explore_lite/share/explore_lite/local_setup.bash
[0.885s] -- Up-to-date symlink: /home/mariem/multi_robot_ws/install/explore_lite/share/explore_lite/local_setup.sh
[0.885s] -- Up-to-date symlink: /home/mariem/multi_robot_ws/install/explore_lite/share/explore_lite/local_setup.zsh
[0.885s] -- Up-to-date symlink: /home/mariem/multi_robot_ws/install/explore_lite/share/explore_lite/local_setup.dsv
[0.885s] -- Symlinking: /home/mariem/multi_robot_ws/install/explore_lite/share/explore_lite/package.dsv
[0.894s] -- Up-to-date symlink: /home/mariem/multi_robot_ws/install/explore_lite/share/ament_index/resource_index/packages/explore_lite
[0.894s] -- Up-to-date symlink: /home/mariem/multi_robot_ws/install/explore_lite/share/explore_lite/cmake/ament_cmake_export_include_directories-extras.cmake
[0.894s] -- Up-to-date symlink: /home/mariem/multi_robot_ws/install/explore_lite/share/explore_lite/cmake/explore_liteConfig.cmake
[0.894s] -- Up-to-date symlink: /home/mariem/multi_robot_ws/install/explore_lite/share/explore_lite/cmake/explore_liteConfig-version.cmake
[0.894s] -- Up-to-date symlink: /home/mariem/multi_robot_ws/install/explore_lite/share/explore_lite/package.xml
[0.897s] Invoked command in '/home/mariem/multi_robot_ws/build/explore_lite' returned '0': CMAKE_PREFIX_PATH=${CMAKE_PREFIX_PATH}:/home/mariem/multi_robot_ws/install/merge_map:/home/mariem/my_ros2_ws/install/my_turtlebot_gazebo:/opt/ros/humble /usr/bin/cmake --install /home/mariem/multi_robot_ws/build/explore_lite
