[0.509s] Invoking command in '/home/mariem/multi_robot_ws/build/merge_map': PYTHONPATH=/home/mariem/multi_robot_ws/build/merge_map/prefix_override:/usr/lib/python3/dist-packages/colcon_core/task/python/colcon_distutils_commands:/home/mariem/multi_robot_ws/install/merge_map/lib/python3.10/site-packages:${PYTHONPATH} /usr/bin/python3 -W ignore:setup.py install is deprecated -W ignore:easy_install command is deprecated setup.py develop --editable --build-directory /home/mariem/multi_robot_ws/build/merge_map/build --no-deps symlink_data --force
[0.714s] running develop
[0.844s] running egg_info
[0.844s] writing merge_map.egg-info/PKG-INFO
[0.844s] writing dependency_links to merge_map.egg-info/dependency_links.txt
[0.844s] writing entry points to merge_map.egg-info/entry_points.txt
[0.844s] writing requirements to merge_map.egg-info/requires.txt
[0.844s] writing top-level names to merge_map.egg-info/top_level.txt
[0.846s] reading manifest file 'merge_map.egg-info/SOURCES.txt'
[0.846s] writing manifest file 'merge_map.egg-info/SOURCES.txt'
[0.848s] running build_ext
[0.848s] Creating /home/mariem/multi_robot_ws/install/merge_map/lib/python3.10/site-packages/merge-map.egg-link (link to .)
[0.848s] Installing merge_map script to /home/mariem/multi_robot_ws/install/merge_map/lib/merge_map
[0.848s] 
[0.849s] Installed /home/mariem/multi_robot_ws/build/merge_map
[0.849s] running symlink_data
[0.849s] symbolically linking /home/mariem/multi_robot_ws/build/merge_map/resource/merge_map -> /home/mariem/multi_robot_ws/install/merge_map/share/ament_index/resource_index/packages
[0.849s] symbolically linking /home/mariem/multi_robot_ws/build/merge_map/package.xml -> /home/mariem/multi_robot_ws/install/merge_map/share/merge_map
[0.849s] symbolically linking /home/mariem/multi_robot_ws/build/merge_map/launch/merge_map_launch.py -> /home/mariem/multi_robot_ws/install/merge_map/share/merge_map/launch
[0.849s] symbolically linking /home/mariem/multi_robot_ws/build/merge_map/config/merge_map.rviz -> /home/mariem/multi_robot_ws/install/merge_map/share/merge_map/config
[0.871s] Invoked command in '/home/mariem/multi_robot_ws/build/merge_map' returned '0': PYTHONPATH=/home/mariem/multi_robot_ws/build/merge_map/prefix_override:/usr/lib/python3/dist-packages/colcon_core/task/python/colcon_distutils_commands:/home/mariem/multi_robot_ws/install/merge_map/lib/python3.10/site-packages:${PYTHONPATH} /usr/bin/python3 -W ignore:setup.py install is deprecated -W ignore:easy_install command is deprecated setup.py develop --editable --build-directory /home/mariem/multi_robot_ws/build/merge_map/build --no-deps symlink_data --force
