[0.826s] Invoking command in '/home/mariem/multi_robot_ws/build/merge_map': PYTHONPATH=/home/mariem/multi_robot_ws/build/merge_map/prefix_override:/usr/lib/python3/dist-packages/colcon_core/task/python/colcon_distutils_commands:/home/mariem/multi_robot_ws/install/merge_map/lib/python3.10/site-packages:${PYTHONPATH} /usr/bin/python3 -W ignore:setup.py install is deprecated -W ignore:easy_install command is deprecated setup.py develop --uninstall --editable --build-directory /home/mariem/multi_robot_ws/build/merge_map/build
[1.177s] running develop
[1.408s] Removing /home/mariem/multi_robot_ws/install/merge_map/lib/python3.10/site-packages/merge-map.egg-link (link to .)
[1.440s] Invoked command in '/home/mariem/multi_robot_ws/build/merge_map' returned '0': PYTHONPATH=/home/mariem/multi_robot_ws/build/merge_map/prefix_override:/usr/lib/python3/dist-packages/colcon_core/task/python/colcon_distutils_commands:/home/mariem/multi_robot_ws/install/merge_map/lib/python3.10/site-packages:${PYTHONPATH} /usr/bin/python3 -W ignore:setup.py install is deprecated -W ignore:easy_install command is deprecated setup.py develop --uninstall --editable --build-directory /home/mariem/multi_robot_ws/build/merge_map/build
[1.441s] Invoking command in '/home/mariem/multi_robot_ws/src/merge_map': PYTHONPATH=/home/mariem/multi_robot_ws/build/merge_map/prefix_override:/usr/lib/python3/dist-packages/colcon_core/task/python/colcon_distutils_commands:/home/mariem/multi_robot_ws/install/merge_map/lib/python3.10/site-packages:${PYTHONPATH} /usr/bin/python3 -W ignore:setup.py install is deprecated -W ignore:easy_install command is deprecated setup.py egg_info --egg-base ../../build/merge_map build --build-base /home/mariem/multi_robot_ws/build/merge_map/build install --record /home/mariem/multi_robot_ws/build/merge_map/install.log --single-version-externally-managed install_data --force
[1.780s] running egg_info
[1.781s] writing ../../build/merge_map/merge_map.egg-info/PKG-INFO
[1.782s] writing dependency_links to ../../build/merge_map/merge_map.egg-info/dependency_links.txt
[1.782s] writing entry points to ../../build/merge_map/merge_map.egg-info/entry_points.txt
[1.782s] writing requirements to ../../build/merge_map/merge_map.egg-info/requires.txt
[1.782s] writing top-level names to ../../build/merge_map/merge_map.egg-info/top_level.txt
[1.785s] reading manifest file '../../build/merge_map/merge_map.egg-info/SOURCES.txt'
[1.786s] writing manifest file '../../build/merge_map/merge_map.egg-info/SOURCES.txt'
[1.786s] running build
[1.786s] running build_py
[1.788s] running install
[1.788s] running install_lib
[1.789s] creating /home/mariem/multi_robot_ws/install/merge_map/lib/python3.10/site-packages/merge_map
[1.790s] copying /home/mariem/multi_robot_ws/build/merge_map/build/lib/merge_map/merge_map.py -> /home/mariem/multi_robot_ws/install/merge_map/lib/python3.10/site-packages/merge_map
[1.790s] copying /home/mariem/multi_robot_ws/build/merge_map/build/lib/merge_map/__init__.py -> /home/mariem/multi_robot_ws/install/merge_map/lib/python3.10/site-packages/merge_map
[1.790s] byte-compiling /home/mariem/multi_robot_ws/install/merge_map/lib/python3.10/site-packages/merge_map/merge_map.py to merge_map.cpython-310.pyc
[1.792s] byte-compiling /home/mariem/multi_robot_ws/install/merge_map/lib/python3.10/site-packages/merge_map/__init__.py to __init__.cpython-310.pyc
[1.792s] running install_data
[1.792s] copying resource/merge_map -> /home/mariem/multi_robot_ws/install/merge_map/share/ament_index/resource_index/packages
[1.792s] copying package.xml -> /home/mariem/multi_robot_ws/install/merge_map/share/merge_map
[1.793s] copying launch/merge_map_launch.py -> /home/mariem/multi_robot_ws/install/merge_map/share/merge_map/launch
[1.793s] copying config/merge_map.rviz -> /home/mariem/multi_robot_ws/install/merge_map/share/merge_map/config
[1.793s] running install_egg_info
[1.796s] Copying ../../build/merge_map/merge_map.egg-info to /home/mariem/multi_robot_ws/install/merge_map/lib/python3.10/site-packages/merge_map-0.0.0-py3.10.egg-info
[1.797s] running install_scripts
[1.822s] Installing merge_map script to /home/mariem/multi_robot_ws/install/merge_map/lib/merge_map
[1.823s] writing list of installed files to '/home/mariem/multi_robot_ws/build/merge_map/install.log'
[1.857s] Invoked command in '/home/mariem/multi_robot_ws/src/merge_map' returned '0': PYTHONPATH=/home/mariem/multi_robot_ws/build/merge_map/prefix_override:/usr/lib/python3/dist-packages/colcon_core/task/python/colcon_distutils_commands:/home/mariem/multi_robot_ws/install/merge_map/lib/python3.10/site-packages:${PYTHONPATH} /usr/bin/python3 -W ignore:setup.py install is deprecated -W ignore:easy_install command is deprecated setup.py egg_info --egg-base ../../build/merge_map build --build-base /home/mariem/multi_robot_ws/build/merge_map/build install --record /home/mariem/multi_robot_ws/build/merge_map/install.log --single-version-externally-managed install_data --force
