[0.690s] Invoking command in '/home/mariem/multi_robot_ws/build/merge_map': PYTHONPATH=/home/mariem/multi_robot_ws/build/merge_map/prefix_override:/usr/lib/python3/dist-packages/colcon_core/task/python/colcon_distutils_commands:/home/mariem/multi_robot_ws/install/merge_map/lib/python3.10/site-packages:${PYTHONPATH} /usr/bin/python3 -W ignore:setup.py install is deprecated -W ignore:easy_install command is deprecated setup.py develop --uninstall --editable --build-directory /home/mariem/multi_robot_ws/build/merge_map/build
[1.030s] running develop
[1.251s] Removing /home/mariem/multi_robot_ws/install/merge_map/lib/python3.10/site-packages/merge-map.egg-link (link to .)
[1.282s] Invoked command in '/home/mariem/multi_robot_ws/build/merge_map' returned '0': PYTHONPATH=/home/mariem/multi_robot_ws/build/merge_map/prefix_override:/usr/lib/python3/dist-packages/colcon_core/task/python/colcon_distutils_commands:/home/mariem/multi_robot_ws/install/merge_map/lib/python3.10/site-packages:${PYTHONPATH} /usr/bin/python3 -W ignore:setup.py install is deprecated -W ignore:easy_install command is deprecated setup.py develop --uninstall --editable --build-directory /home/mariem/multi_robot_ws/build/merge_map/build
[1.283s] Invoking command in '/home/mariem/multi_robot_ws/src/merge_map': PYTHONPATH=/home/mariem/multi_robot_ws/build/merge_map/prefix_override:/usr/lib/python3/dist-packages/colcon_core/task/python/colcon_distutils_commands:/home/mariem/multi_robot_ws/install/merge_map/lib/python3.10/site-packages:${PYTHONPATH} /usr/bin/python3 -W ignore:setup.py install is deprecated -W ignore:easy_install command is deprecated setup.py egg_info --egg-base ../../build/merge_map build --build-base /home/mariem/multi_robot_ws/build/merge_map/build install --record /home/mariem/multi_robot_ws/build/merge_map/install.log --single-version-externally-managed install_data --force
[1.568s] running egg_info
[1.569s] writing ../../build/merge_map/merge_map.egg-info/PKG-INFO
[1.569s] writing dependency_links to ../../build/merge_map/merge_map.egg-info/dependency_links.txt
[1.570s] writing entry points to ../../build/merge_map/merge_map.egg-info/entry_points.txt
[1.570s] writing requirements to ../../build/merge_map/merge_map.egg-info/requires.txt
[1.570s] writing top-level names to ../../build/merge_map/merge_map.egg-info/top_level.txt
[1.572s] reading manifest file '../../build/merge_map/merge_map.egg-info/SOURCES.txt'
[1.573s] writing manifest file '../../build/merge_map/merge_map.egg-info/SOURCES.txt'
[1.573s] running build
[1.573s] running build_py
[1.573s] running install
[1.573s] running install_lib
[1.574s] creating /home/mariem/multi_robot_ws/install/merge_map/lib/python3.10/site-packages/merge_map
[1.574s] copying /home/mariem/multi_robot_ws/build/merge_map/build/lib/merge_map/merge_map.py -> /home/mariem/multi_robot_ws/install/merge_map/lib/python3.10/site-packages/merge_map
[1.574s] copying /home/mariem/multi_robot_ws/build/merge_map/build/lib/merge_map/__init__.py -> /home/mariem/multi_robot_ws/install/merge_map/lib/python3.10/site-packages/merge_map
[1.575s] byte-compiling /home/mariem/multi_robot_ws/install/merge_map/lib/python3.10/site-packages/merge_map/merge_map.py to merge_map.cpython-310.pyc
[1.576s] byte-compiling /home/mariem/multi_robot_ws/install/merge_map/lib/python3.10/site-packages/merge_map/__init__.py to __init__.cpython-310.pyc
[1.577s] running install_data
[1.577s] copying resource/merge_map -> /home/mariem/multi_robot_ws/install/merge_map/share/ament_index/resource_index/packages
[1.577s] copying package.xml -> /home/mariem/multi_robot_ws/install/merge_map/share/merge_map
[1.577s] copying launch/merge_map_launch.py -> /home/mariem/multi_robot_ws/install/merge_map/share/merge_map/launch
[1.577s] copying config/merge_map.rviz -> /home/mariem/multi_robot_ws/install/merge_map/share/merge_map/config
[1.577s] running install_egg_info
[1.579s] Copying ../../build/merge_map/merge_map.egg-info to /home/mariem/multi_robot_ws/install/merge_map/lib/python3.10/site-packages/merge_map-0.0.0-py3.10.egg-info
[1.580s] running install_scripts
[1.605s] Installing merge_map script to /home/mariem/multi_robot_ws/install/merge_map/lib/merge_map
[1.605s] writing list of installed files to '/home/mariem/multi_robot_ws/build/merge_map/install.log'
[1.632s] Invoked command in '/home/mariem/multi_robot_ws/src/merge_map' returned '0': PYTHONPATH=/home/mariem/multi_robot_ws/build/merge_map/prefix_override:/usr/lib/python3/dist-packages/colcon_core/task/python/colcon_distutils_commands:/home/mariem/multi_robot_ws/install/merge_map/lib/python3.10/site-packages:${PYTHONPATH} /usr/bin/python3 -W ignore:setup.py install is deprecated -W ignore:easy_install command is deprecated setup.py egg_info --egg-base ../../build/merge_map build --build-base /home/mariem/multi_robot_ws/build/merge_map/build install --record /home/mariem/multi_robot_ws/build/merge_map/install.log --single-version-externally-managed install_data --force
