--2025-05-04 19:22:18--  https://raw.githubusercontent.com/hrnr/m-explore-extra/master/map_merge/hector_maps/map00.pgm
Resolving raw.githubusercontent.com (raw.githubusercontent.com)... 2606:50c0:8002::154, 2606:50c0:8003::154, 2606:50c0:8001::154, ...
Connecting to raw.githubusercontent.com (raw.githubusercontent.com)|2606:50c0:8002::154|:443... connected.
HTTP request sent, awaiting response... 200 OK
Length: 4194362 (4.0M) [application/octet-stream]
Saving to: ‘/home/mariem/multi_robot_ws/build/multirobot_map_merge/map00.pgm’

     0K .......... .......... .......... .......... ..........  1%  139K 29s
    50K .......... .......... .......... .......... ..........  2%  332M 14s
   100K .......... .......... .......... .......... ..........  3% 68.8K 29s
   150K .......... .......... .......... .......... ..........  4%  323M 21s
   200K .......... .......... .......... .......... ..........  6%  456M 17s
   250K .......... .......... .......... .......... ..........  7% 1.24M 14s
   300K .......... .......... .......... .......... ..........  8%  438K 13s
   350K .......... .......... .......... .......... ..........  9%  431K 13s
   400K .......... .......... .......... .......... .......... 10%  396K 12s
   450K .......... .......... .......... .......... .......... 12% 7.09M 11s
   500K .......... .......... .......... .......... .......... 13%  471K 10s
   550K .......... .......... .......... .......... .......... 14%  543K 10s
   600K .......... .......... .......... .......... .......... 15%  702K 9s
   650K .......... .......... .......... .......... .......... 17% 1.00M 9s
   700K .......... .......... .......... .......... .......... 18%  869K 8s
   750K .......... .......... .......... .......... .......... 19%  731K 8s
   800K .......... .......... .......... .......... .......... 20%  639K 8s
   850K .......... .......... .......... .......... .......... 21% 95.8K 9s
   900K .......... .......... .......... .......... .......... 23% 2.08M 8s
   950K .......... .......... .......... .......... .......... 24%  142K 9s
  1000K .......... .......... .......... .......... .......... 25% 1.50M 9s
  1050K .......... .......... .......... .......... .......... 26%  362K 8s
  1100K .......... .......... .......... .......... .......... 28%  339K 8s
  1150K .......... .......... .......... .......... .......... 29%  136K 9s
  1200K .......... .......... .......... .......... .......... 30%  586K 8s
  1250K .......... .......... .......... .......... .......... 31%  106K 9s
  1300K .......... .......... .......... .......... .......... 32%  143K 9s
  1350K .......... .......... .......... .......... .......... 34%  159K 9s
  1400K .......... .......... .......... .......... .......... 35%  365K 9s
  1450K .......... .......... .......... .......... .......... 36%  407K 9s
  1500K .......... .......... .......... .......... .......... 37%  426K 9s
  1550K .......... .......... .......... .......... .......... 39%  387K 8s
  1600K .......... .......... .......... .......... .......... 40%  496K 8s
  1650K .......... .......... .......... .......... .......... 41%  521K 8s
  1700K .......... .......... .......... .......... .......... 42%  521K 8s
  1750K .......... .......... .......... .......... .......... 43%  506K 7s
  1800K .......... .......... .......... .......... .......... 45%  468K 7s
  1850K .......... .......... .......... .......... .......... 46%  461K 7s
  1900K .......... .......... .......... .......... .......... 47%  467K 7s
  1950K .......... .......... .......... .......... .......... 48%  507K 6s
  2000K .......... .......... .......... .......... .......... 50%  769K 6s
  2050K .......... .......... .......... .......... .......... 51%  683K 6s
  2100K .......... .......... .......... .......... .......... 52%  418K 6s
  2150K .......... .......... .......... .......... .......... 53%  827K 6s
  2200K .......... .......... .......... .......... .......... 54%  568K 5s
  2250K .......... .......... .......... .......... .......... 56%  529K 5s
  2300K .......... .......... .......... .......... .......... 57%  465K 5s
  2350K .......... .......... .......... .......... .......... 58%  317K 5s
  2400K .......... .......... .......... .......... .......... 59%  354K 5s
  2450K .......... .......... .......... .......... .......... 61%  661K 5s
  2500K .......... .......... .......... .......... .......... 62%  522K 4s
  2550K .......... .......... .......... .......... .......... 63%  156K 4s
  2600K .......... .......... .......... .......... .......... 64%  657K 4s
  2650K .......... .......... .......... .......... .......... 65%  541K 4s
  2700K .......... .......... .......... .......... .......... 67%  522K 4s
  2750K .......... .......... .......... .......... .......... 68%  467K 4s
  2800K .......... .......... .......... .......... .......... 69%  616K 3s
  2850K .......... .......... .......... .......... .......... 70%  521K 3s
  2900K .......... .......... .......... .......... .......... 72%  565K 3s
  2950K .......... .......... .......... .......... .......... 73%  418K 3s
  3000K .......... .......... .......... .......... .......... 74%  594K 3s
  3050K .......... .......... .......... .......... .......... 75%  330K 3s
  3100K .......... .......... .......... .......... .......... 76%  326K 3s
  3150K .......... .......... .......... .......... .......... 78%  470K 2s
  3200K .......... .......... .......... .......... .......... 79%  347K 2s
  3250K .......... .......... .......... .......... .......... 80%  908K 2s
  3300K .......... .......... .......... .......... .......... 81%  195K 2s
  3350K .......... .......... .......... .......... .......... 83%  209K 2s
  3400K .......... .......... .......... .......... .......... 84%  437K 2s
  3450K .......... .......... .......... .......... .......... 85% 93.9K 2s
  3500K .......... .......... .......... .......... .......... 86%  783K 2s
  3550K .......... .......... .......... .......... .......... 87%  109K 1s
  3600K .......... .......... .......... .......... .......... 89%  227K 1s
  3650K .......... .......... .......... .......... .......... 90%  206K 1s
  3700K .......... .......... .......... .......... .......... 91%  240K 1s
  3750K .......... .......... .......... .......... .......... 92%  288K 1s
  3800K .......... .......... .......... .......... .......... 93%  281K 1s
  3850K .......... .......... .......... .......... .......... 95%  389K 1s
  3900K .......... .......... .......... .......... .......... 96%  371K 0s
  3950K .......... .......... .......... .......... .......... 97%  363K 0s
  4000K .......... .......... .......... .......... .......... 98%  211K 0s
  4050K .......... .......... .......... .......... ......    100%  673K=12s

2025-05-04 19:22:31 (331 KB/s) - ‘/home/mariem/multi_robot_ws/build/multirobot_map_merge/map00.pgm’ saved [4194362/4194362]

--2025-05-04 19:22:31--  https://raw.githubusercontent.com/hrnr/m-explore-extra/master/map_merge/hector_maps/map05.pgm
Resolving raw.githubusercontent.com (raw.githubusercontent.com)... 2606:50c0:8002::154, 2606:50c0:8001::154, 2606:50c0:8000::154, ...
Connecting to raw.githubusercontent.com (raw.githubusercontent.com)|2606:50c0:8002::154|:443... connected.
HTTP request sent, awaiting response... 200 OK
Length: 4194362 (4.0M) [application/octet-stream]
Saving to: ‘/home/mariem/multi_robot_ws/build/multirobot_map_merge/map05.pgm’

     0K .......... .......... .......... .......... ..........  1%  505K 8s
    50K .......... .......... .......... .......... ..........  2%  780K 7s
   100K .......... .......... .......... .......... ..........  3%  750K 6s
   150K .......... .......... .......... .......... ..........  4% 4.48M 5s
   200K .......... .......... .......... .......... ..........  6%  154K 9s
   250K .......... .......... .......... .......... ..........  7%  124M 7s
   300K .......... .......... .......... .......... ..........  8%  525K 7s
   350K .......... .......... .......... .......... ..........  9%  757K 7s
   400K .......... .......... .......... .......... .......... 10%  126K 9s
   450K .......... .......... .......... .......... .......... 12%  580M 8s
   500K .......... .......... .......... .......... .......... 13%  228K 9s
   550K .......... .......... .......... .......... .......... 14%  520M 8s
   600K .......... .......... .......... .......... .......... 15%  741K 7s
   650K .......... .......... .......... .......... .......... 17%  478K 7s
   700K .......... .......... .......... .......... .......... 18%  659K 7s
   750K .......... .......... .......... .......... .......... 19% 1003K 7s
   800K .......... .......... .......... .......... .......... 20%  367K 7s
   850K .......... .......... .......... .......... .......... 21%  860K 7s
   900K .......... .......... .......... .......... .......... 23%  695K 6s
   950K .......... .......... .......... .......... .......... 24%  736K 6s
  1000K .......... .......... .......... .......... .......... 25%  703K 6s
  1050K .......... .......... .......... .......... .......... 26% 1.79M 6s
  1100K .......... .......... .......... .......... .......... 28%  663K 6s
  1150K .......... .......... .......... .......... .......... 29%  449K 5s
  1200K .......... .......... .......... .......... .......... 30%  828K 5s
  1250K .......... .......... .......... .......... .......... 31%  681K 5s
  1300K .......... .......... .......... .......... .......... 32%  730K 5s
  1350K .......... .......... .......... .......... .......... 34%  197K 5s
  1400K .......... .......... .......... .......... .......... 35%  416M 5s
  1450K .......... .......... .......... .......... .......... 36%  441K 5s
  1500K .......... .......... .......... .......... .......... 37%  583K 5s
  1550K .......... .......... .......... .......... .......... 39%  706K 5s
  1600K .......... .......... .......... .......... .......... 40%  163K 5s
  1650K .......... .......... .......... .......... .......... 41%  662K 5s
  1700K .......... .......... .......... .......... .......... 42%  758K 5s
  1750K .......... .......... .......... .......... .......... 43%  167K 5s
  1800K .......... .......... .......... .......... .......... 45% 1.71M 5s
  1850K .......... .......... .......... .......... .......... 46%  116K 5s
  1900K .......... .......... .......... .......... .......... 47%  148K 5s
  1950K .......... .......... .......... .......... .......... 48% 74.1K 5s
  2000K .......... .......... .......... .......... .......... 50% 50.1K 6s
  2050K .......... .......... .......... .......... .......... 51%  119K 6s
  2100K .......... .......... .......... .......... .......... 52%  135K 6s
  2150K .......... .......... .......... .......... .......... 53%  201K 6s
  2200K .......... .......... .......... .......... .......... 54%  182K 6s
  2250K .......... .......... .......... .......... .......... 56%  254K 6s
  2300K .......... .......... .......... .......... .......... 57%  213K 6s
  2350K .......... .......... .......... .......... .......... 58%  257K 6s
  2400K .......... .......... .......... .......... .......... 59% 71.8K 6s
  2450K .......... .......... .......... .......... .......... 61% 45.3K 6s
  2500K .......... .......... .......... .......... .......... 62% 54.2K 7s
  2550K .......... .......... .......... .......... .......... 63% 74.9K 7s
  2600K .......... .......... .......... .......... .......... 64% 60.1K 7s
  2650K .......... .......... .......... .......... .......... 65%  106K 7s
  2700K .......... .......... .......... .......... .......... 67%  140K 6s
  2750K .......... .......... .......... .......... .......... 68%  102K 6s
  2800K .......... .......... .......... .......... .......... 69% 67.4K 6s
  2850K .......... .......... .......... .......... .......... 70%  135K 6s
  2900K .......... .......... .......... .......... .......... 72% 54.3K 6s
  2950K .......... .......... .......... .......... .......... 73% 74.5K 6s
  3000K .......... .......... .......... .......... .......... 74%  158K 6s
  3050K .......... .......... .......... .......... .......... 75%  138K 5s
  3100K .......... .......... .......... .......... .......... 76%  231K 5s
  3150K .......... .......... .......... .......... .......... 78%  124K 5s
  3200K .......... .......... .......... .......... .......... 79%  113K 5s
  3250K .......... .......... .......... .......... .......... 80% 69.8K 5s
  3300K .......... .......... .......... .......... .......... 81%  116K 4s
  3350K .......... .......... .......... .......... .......... 83%  168K 4s
  3400K .......... .......... .......... .......... .......... 84%  184K 4s
  3450K .......... .......... .......... .......... .......... 85%  195K 3s
  3500K .......... .......... .......... .......... .......... 86%  186K 3s
  3550K .......... .......... .......... .......... .......... 87%  156K 3s
  3600K .......... .......... .......... .......... .......... 89%  131K 3s
  3650K .......... .......... .......... .......... .......... 90%  127K 2s
  3700K .......... .......... .......... .......... .......... 91%  219K 2s
  3750K .......... .......... .......... .......... .......... 92%  169K 2s
  3800K .......... .......... .......... .......... .......... 93%  127K 1s
  3850K .......... .......... .......... .......... .......... 95%  115K 1s
  3900K .......... .......... .......... .......... .......... 96%  202K 1s
  3950K .......... .......... .......... .......... .......... 97%  322K 1s
  4000K .......... .......... .......... .......... .......... 98%  175K 0s
  4050K .......... .......... .......... .......... ......    100%  262K=24s

2025-05-04 19:22:56 (173 KB/s) - ‘/home/mariem/multi_robot_ws/build/multirobot_map_merge/map05.pgm’ saved [4194362/4194362]

--2025-05-04 19:22:56--  https://raw.githubusercontent.com/hrnr/m-explore-extra/master/map_merge/gmapping_maps/2011-08-09-12-22-52.pgm
Resolving raw.githubusercontent.com (raw.githubusercontent.com)... 2606:50c0:8000::154, 2606:50c0:8002::154, 2606:50c0:8001::154, ...
Connecting to raw.githubusercontent.com (raw.githubusercontent.com)|2606:50c0:8000::154|:443... connected.
HTTP request sent, awaiting response... 200 OK
Length: 16000058 (15M) [application/octet-stream]
Saving to: ‘/home/mariem/multi_robot_ws/build/multirobot_map_merge/2011-08-09-12-22-52.pgm’

     0K .......... .......... .......... .......... ..........  0%  469K 33s
    50K .......... .......... .......... .......... ..........  0%  622K 29s
   100K .......... .......... .......... .......... ..........  0%  291K 37s
   150K .......... .......... .......... .......... ..........  1%  665M 28s
   200K .......... .......... .......... .......... ..........  1%  449M 22s
   250K .......... .......... .......... .......... ..........  1%  622K 22s
   300K .......... .......... .......... .......... ..........  2%  721K 22s
   350K .......... .......... .......... .......... ..........  2% 31.0M 19s
   400K .......... .......... .......... .......... ..........  2%  749K 19s
   450K .......... .......... .......... .......... ..........  3%  729K 20s
   500K .......... .......... .......... .......... ..........  3%  665M 18s
   550K .......... .......... .......... .......... ..........  3%  140K 25s
   600K .......... .......... .......... .......... ..........  4%  591M 23s
   650K .......... .......... .......... .......... ..........  4%  532M 21s
   700K .......... .......... .......... .......... ..........  4% 3.10M 20s
   750K .......... .......... .......... .......... ..........  5%  628K 20s
   800K .......... .......... .......... .......... ..........  5%  789K 20s
   850K .......... .......... .......... .......... ..........  5%  658K 20s
   900K .......... .......... .......... .......... ..........  6% 3.21M 19s
   950K .......... .......... .......... .......... ..........  6%  584K 20s
  1000K .......... .......... .......... .......... ..........  6%  408K 20s
  1050K .......... .......... .......... .......... ..........  7%  363M 19s
  1100K .......... .......... .......... .......... ..........  7%  723K 19s
  1150K .......... .......... .......... .......... ..........  7% 2.03M 19s
  1200K .......... .......... .......... .......... ..........  7%  865K 19s
  1250K .......... .......... .......... .......... ..........  8%  553K 19s
  1300K .......... .......... .......... .......... ..........  8%  687K 19s
  1350K .......... .......... .......... .......... ..........  8%  826K 19s
  1400K .......... .......... .......... .......... ..........  9% 28.6M 18s
  1450K .......... .......... .......... .......... ..........  9%  373K 19s
  1500K .......... .......... .......... .......... ..........  9% 7.31M 18s
  1550K .......... .......... .......... .......... .......... 10%  433K 18s
  1600K .......... .......... .......... .......... .......... 10% 16.3M 18s
  1650K .......... .......... .......... .......... .......... 10%  550K 18s
  1700K .......... .......... .......... .......... .......... 11% 1.26M 18s
  1750K .......... .......... .......... .......... .......... 11% 1.89M 17s
  1800K .......... .......... .......... .......... .......... 11%  767K 17s
  1850K .......... .......... .......... .......... .......... 12% 1.88M 17s
  1900K .......... .......... .......... .......... .......... 12%  470K 17s
  1950K .......... .......... .......... .......... .......... 12%  708K 17s
  2000K .......... .......... .......... .......... .......... 13%  591K 17s
  2050K .......... .......... .......... .......... .......... 13% 1.50M 17s
  2100K .......... .......... .......... .......... .......... 13%  923K 17s
  2150K .......... .......... .......... .......... .......... 14%  713K 17s
  2200K .......... .......... .......... .......... .......... 14% 6.45M 16s
  2250K .......... .......... .......... .......... .......... 14% 72.5K 20s
  2300K .......... .......... .......... .......... .......... 15%  476M 20s
  2350K .......... .......... .......... .......... .......... 15% 7.30M 19s
  2400K .......... .......... .......... .......... .......... 15%  467K 19s
  2450K .......... .......... .......... .......... .......... 15%  360K 19s
  2500K .......... .......... .......... .......... .......... 16%  101K 22s
  2550K .......... .......... .......... .......... .......... 16% 91.0M 21s
  2600K .......... .......... .......... .......... .......... 16%  759K 21s
  2650K .......... .......... .......... .......... .......... 17%  664K 21s
  2700K .......... .......... .......... .......... .......... 17%  528K 21s
  2750K .......... .......... .......... .......... .......... 17%  401K 21s
  2800K .......... .......... .......... .......... .......... 18%  528K 21s
  2850K .......... .......... .......... .......... .......... 18%  121K 22s
  2900K .......... .......... .......... .......... .......... 18%  309K 23s
  2950K .......... .......... .......... .......... .......... 19%  226K 23s
  3000K .......... .......... .......... .......... .......... 19%  648K 23s
  3050K .......... .......... .......... .......... .......... 19%  605K 23s
  3100K .......... .......... .......... .......... .......... 20%  286K 23s
  3150K .......... .......... .......... .......... .......... 20%  580K 23s
  3200K .......... .......... .......... .......... .......... 20%  820K 23s
  3250K .......... .......... .......... .......... .......... 21%  352K 23s
  3300K .......... .......... .......... .......... .......... 21%  568K 23s
  3350K .......... .......... .......... .......... .......... 21%  530K 23s
  3400K .......... .......... .......... .......... .......... 22%  138K 23s
  3450K .......... .......... .......... .......... .......... 22%  235K 24s
  3500K .......... .......... .......... .......... .......... 22%  128K 25s
  3550K .......... .......... .......... .......... .......... 23%  170K 25s
  3600K .......... .......... .......... .......... .......... 23%  330K 25s
  3650K .......... .......... .......... .......... .......... 23%  552K 25s
  3700K .......... .......... .......... .......... .......... 23% 55.6K 27s
  3750K .......... .......... .......... .......... .......... 24%  170K 28s
  3800K .......... .......... .......... .......... .......... 24%  165K 28s
  3850K .......... .......... .......... .......... .......... 24%  859K 28s
  3900K .......... .......... .......... .......... .......... 25%  198K 28s
  3950K .......... .......... .......... .......... .......... 25%  312K 28s
  4000K .......... .......... .......... .......... .......... 25%  394K 28s
  4050K .......... .......... .......... .......... .......... 26%  322K 28s
  4100K .......... .......... .......... .......... .......... 26%  131K 29s
  4150K .......... .......... .......... .......... .......... 26%  247K 29s
  4200K .......... .......... .......... .......... .......... 27%  450K 29s
  4250K .......... .......... .......... .......... .......... 27%  605K 28s
  4300K .......... .......... .......... .......... .......... 27%  420K 28s
  4350K .......... .......... .......... .......... .......... 28%  632K 28s
  4400K .......... .......... .......... .......... .......... 28%  101K 29s
  4450K .......... .......... .......... .......... .......... 28%  257K 29s
  4500K .......... .......... .......... .......... .......... 29%  334K 29s
  4550K .......... .......... .......... .......... .......... 29%  691K 29s
  4600K .......... .......... .......... .......... .......... 29%  539K 28s
  4650K .......... .......... .......... .......... .......... 30%  580K 28s
  4700K .......... .......... .......... .......... .......... 30%  170K 28s
  4750K .......... .......... .......... .......... .......... 30%  574K 28s
  4800K .......... .......... .......... .......... .......... 31%  409K 28s
  4850K .......... .......... .......... .......... .......... 31%  343K 28s
  4900K .......... .......... .......... .......... .......... 31%  605K 28s
  4950K .......... .......... .......... .......... .......... 31%  265K 28s
  5000K .......... .......... .......... .......... .......... 32%  428K 27s
  5050K .......... .......... .......... .......... .......... 32%  213K 28s
  5100K .......... .......... .......... .......... .......... 32%  229K 28s
  5150K .......... .......... .......... .......... .......... 33% 66.2K 29s
  5200K .......... .......... .......... .......... .......... 33%  299K 29s
  5250K .......... .......... .......... .......... .......... 33%  150K 29s
  5300K .......... .......... .......... .......... .......... 34%  163K 29s
  5350K .......... .......... .......... .......... .......... 34%  250K 29s
  5400K .......... .......... .......... .......... .......... 34%  136K 29s
  5450K .......... .......... .......... .......... .......... 35%  106K 30s
  5500K .......... .......... .......... .......... .......... 35%  135K 30s
  5550K .......... .......... .......... .......... .......... 35%  162K 30s
  5600K .......... .......... .......... .......... .......... 36%  138K 30s
  5650K .......... .......... .......... .......... .......... 36%  156K 31s
  5700K .......... .......... .......... .......... .......... 36%  246K 30s
  5750K .......... .......... .......... .......... .......... 37%  288K 30s
  5800K .......... .......... .......... .......... .......... 37%  242K 30s
  5850K .......... .......... .......... .......... .......... 37%  212K 30s
  5900K .......... .......... .......... .......... .......... 38%  760K 30s
  5950K .......... .......... .......... .......... .......... 38%  236K 30s
  6000K .......... .......... .......... .......... .......... 38%  278K 30s
  6050K .......... .......... .......... .......... .......... 39%  128K 30s
  6100K .......... .......... .......... .......... .......... 39%  227K 30s
  6150K .......... .......... .......... .......... .......... 39%  160K 30s
  6200K .......... .......... .......... .......... .......... 39%  101K 30s
  6250K .......... .......... .......... .......... .......... 40%  108K 31s
  6300K .......... .......... .......... .......... .......... 40%  176K 31s
  6350K .......... .......... .......... .......... .......... 40%  113K 31s
  6400K .......... .......... .......... .......... .......... 41%  166K 31s
  6450K .......... .......... .......... .......... .......... 41%  153K 31s
  6500K .......... .......... .......... .......... .......... 41%  183K 31s
  6550K .......... .......... .......... .......... .......... 42%  124K 31s
  6600K .......... .......... .......... .......... .......... 42%  269K 31s
  6650K .......... .......... .......... .......... .......... 42% 40.5K 32s
  6700K .......... .......... .......... .......... .......... 43%  144K 32s
  6750K .......... .......... .......... .......... .......... 43% 61.9K 33s
  6800K .......... .......... .......... .......... .......... 43%  189K 33s
  6850K .......... .......... .......... .......... .......... 44% 91.7K 33s
  6900K .......... .......... .......... .......... .......... 44% 64.2K 34s
  6950K .......... .......... .......... .......... .......... 44% 42.6K 35s
  7000K .......... .......... .......... .......... .......... 45% 71.0K 35s
  7050K .......... .......... .......... .......... .......... 45%  155K 35s
  7100K .......... .......... .......... .......... .......... 45%  127K 35s
  7150K .......... .......... .......... .......... .......... 46%  120K 35s
  7200K .......... .......... .......... .......... .......... 46%  148K 35s
  7250K .......... .......... .......... .......... .......... 46%  138K 35s
  7300K .......... .......... .......... .......... .......... 47%  136K 35s
  7350K .......... .......... .......... .......... .......... 47%  399K 35s
  7400K .......... .......... .......... .......... .......... 47%  198K 34s
  7450K .......... .......... .......... .......... .......... 47% 92.7K 35s
  7500K .......... .......... .......... .......... .......... 48%  264K 34s
  7550K .......... .......... .......... .......... .......... 48%  260K 34s
  7600K .......... .......... .......... .......... .......... 48%  205K 34s
  7650K .......... .......... .......... .......... .......... 49%  213K 34s
  7700K .......... .......... .......... .......... .......... 49%  261K 33s
  7750K .......... .......... .......... .......... .......... 49% 91.6K 34s
  7800K .......... .......... .......... .......... .......... 50% 96.7K 34s
  7850K .......... .......... .......... .......... .......... 50%  205K 33s
  7900K .......... .......... .......... .......... .......... 50% 40.7K 34s
  7950K .......... .......... .......... .......... .......... 51% 84.5K 34s
  8000K .......... .......... .......... .......... .......... 51%  133K 34s
  8050K .......... .......... .......... .......... .......... 51%  141K 34s
  8100K .......... .......... .......... .......... .......... 52%  225K 34s
  8150K .......... .......... .......... .......... .......... 52%  309K 34s
  8200K .......... .......... .......... .......... .......... 52%  212K 33s
  8250K .......... .......... .......... .......... .......... 53%  207K 33s
  8300K .......... .......... .......... .......... .......... 53%  383K 33s
  8350K .......... .......... .......... .......... .......... 53%  131K 33s
  8400K .......... .......... .......... .......... .......... 54%  228K 33s
  8450K .......... .......... .......... .......... .......... 54%  162K 32s
  8500K .......... .......... .......... .......... .......... 54%  233K 32s
  8550K .......... .......... .......... .......... .......... 55%  220K 32s
  8600K .......... .......... .......... .......... .......... 55%  208K 32s
  8650K .......... .......... .......... .......... .......... 55%  144K 32s
  8700K .......... .......... .......... .......... .......... 55%  276K 31s
  8750K .......... .......... .......... .......... .......... 56%  333K 31s
  8800K .......... .......... .......... .......... .......... 56%  222K 31s
  8850K .......... .......... .......... .......... .......... 56%  159K 31s
  8900K .......... .......... .......... .......... .......... 57% 73.2K 31s
  8950K .......... .......... .......... .......... .......... 57%  143K 31s
  9000K .......... .......... .......... .......... .......... 57% 20.1K 32s
  9050K .......... .......... .......... .......... .......... 58% 97.7K 32s
  9100K .......... .......... .......... .......... .......... 58%  170K 32s
  9150K .......... .......... .......... .......... .......... 58% 60.3K 32s
  9200K .......... .......... .......... .......... .......... 59%  154K 32s
  9250K .......... .......... .......... .......... .......... 59%  137K 32s
  9300K .......... .......... .......... .......... .......... 59%  192K 31s
  9350K .......... .......... .......... .......... .......... 60%  137K 31s
  9400K .......... .......... .......... .......... .......... 60%  169K 31s
  9450K .......... .......... .......... .......... .......... 60%  167K 31s
  9500K .......... .......... .......... .......... .......... 61%  218K 30s
  9550K .......... .......... .......... .......... .......... 61% 80.7K 30s
  9600K .......... .......... .......... .......... .......... 61% 96.6K 30s
  9650K .......... .......... .......... .......... .......... 62% 95.1K 30s
  9700K .......... .......... .......... .......... .......... 62%  192K 30s
  9750K .......... .......... .......... .......... .......... 62% 1.14M 30s
  9800K .......... .......... .......... .......... .......... 63%  137K 29s
  9850K .......... .......... .......... .......... .......... 63% 68.7K 29s
  9900K .......... .......... .......... .......... .......... 63%  140K 29s
  9950K .......... .......... .......... .......... .......... 63%  231K 29s
 10000K .......... .......... .......... .......... .......... 64%  217K 29s
 10050K .......... .......... .......... .......... .......... 64% 50.5K 29s
 10100K .......... .......... .......... .......... .......... 64%  225K 29s
 10150K .......... .......... .......... .......... .......... 65%  148K 28s
 10200K .......... .......... .......... .......... .......... 65%  119K 28s
 10250K .......... .......... .......... .......... .......... 65%  168K 28s
 10300K .......... .......... .......... .......... .......... 66%  108K 28s
 10350K .......... .......... .......... .......... .......... 66% 66.7K 28s
 10400K .......... .......... .......... .......... .......... 66% 80.4K 28s
 10450K .......... .......... .......... .......... .......... 67% 43.7K 28s
 10500K .......... .......... .......... .......... .......... 67%  185K 28s
 10550K .......... .......... .......... .......... .......... 67%  208K 27s
 10600K .......... .......... .......... .......... .......... 68%  197K 27s
 10650K .......... .......... .......... .......... .......... 68%  128K 27s
 10700K .......... .......... .......... .......... .......... 68%  241K 26s
 10750K .......... .......... .......... .......... .......... 69%  325K 26s
 10800K .......... .......... .......... .......... .......... 69%  243K 26s
 10850K .......... .......... .......... .......... .......... 69%  283K 26s
 10900K .......... .......... .......... .......... .......... 70%  261K 25s
 10950K .......... .......... .......... .......... .......... 70%  423K 25s
 11000K .......... .......... .......... .......... .......... 70%  419K 25s
 11050K .......... .......... .......... .......... .......... 71%  594K 24s
 11100K .......... .......... .......... .......... .......... 71%  448K 24s
 11150K .......... .......... .......... .......... .......... 71%  432K 24s
 11200K .......... .......... .......... .......... .......... 71%  616K 23s
 11250K .......... .......... .......... .......... .......... 72%  316K 23s
 11300K .......... .......... .......... .......... .......... 72%  391K 23s
 11350K .......... .......... .......... .......... .......... 72%  320K 22s
 11400K .......... .......... .......... .......... .......... 73%  665K 22s
 11450K .......... .......... .......... .......... .......... 73%  489K 22s
 11500K .......... .......... .......... .......... .......... 73% 98.9K 21s
 11550K .......... .......... .......... .......... .......... 74%  551K 21s
 11600K .......... .......... .......... .......... .......... 74%  238K 21s
 11650K .......... .......... .......... .......... .......... 74%  111K 21s
 11700K .......... .......... .......... .......... .......... 75%  399K 20s
 11750K .......... .......... .......... .......... .......... 75%  192K 20s
 11800K .......... .......... .......... .......... .......... 75%  287K 20s
 11850K .......... .......... .......... .......... .......... 76%  266K 20s
 11900K .......... .......... .......... .......... .......... 76%  238K 19s
 11950K .......... .......... .......... .......... .......... 76%  499K 19s
 12000K .......... .......... .......... .......... .......... 77%  227K 19s
 12050K .......... .......... .......... .......... .......... 77%  229K 18s
 12100K .......... .......... .......... .......... .......... 77%  377K 18s
 12150K .......... .......... .......... .......... .......... 78%  337K 18s
 12200K .......... .......... .......... .......... .......... 78%  275K 18s
 12250K .......... .......... .......... .......... .......... 78%  388K 17s
 12300K .......... .......... .......... .......... .......... 79%  648K 17s
 12350K .......... .......... .......... .......... .......... 79%  452K 17s
 12400K .......... .......... .......... .......... .......... 79%  717K 16s
 12450K .......... .......... .......... .......... .......... 79%  278K 16s
 12500K .......... .......... .......... .......... .......... 80%  382K 16s
 12550K .......... .......... .......... .......... .......... 80%  396K 15s
 12600K .......... .......... .......... .......... .......... 80%  380K 15s
 12650K .......... .......... .......... .......... .......... 81%  469K 15s
 12700K .......... .......... .......... .......... .......... 81%  393K 15s
 12750K .......... .......... .......... .......... .......... 81%  635K 14s
 12800K .......... .......... .......... .......... .......... 82%  633K 14s
 12850K .......... .......... .......... .......... .......... 82%  520K 14s
 12900K .......... .......... .......... .......... .......... 82%  445K 13s
 12950K .......... .......... .......... .......... .......... 83%  212K 13s
 13000K .......... .......... .......... .......... .......... 83%  103M 13s
 13050K .......... .......... .......... .......... .......... 83%  158K 13s
 13100K .......... .......... .......... .......... .......... 84%  312K 12s
 13150K .......... .......... .......... .......... .......... 84%  266K 12s
 13200K .......... .......... .......... .......... .......... 84%  390K 12s
 13250K .......... .......... .......... .......... .......... 85%  260K 12s
 13300K .......... .......... .......... .......... .......... 85%  259K 11s
 13350K .......... .......... .......... .......... .......... 85%  423K 11s
 13400K .......... .......... .......... .......... .......... 86%  540K 11s
 13450K .......... .......... .......... .......... .......... 86%  262K 11s
 13500K .......... .......... .......... .......... .......... 86%  252K 10s
 13550K .......... .......... .......... .......... .......... 87%  202K 10s
 13600K .......... .......... .......... .......... .......... 87% 5.04M 10s
 13650K .......... .......... .......... .......... .......... 87%  231K 10s
 13700K .......... .......... .......... .......... .......... 87%  365K 9s
 13750K .......... .......... .......... .......... .......... 88%  222K 9s
 13800K .......... .......... .......... .......... .......... 88%  680K 9s
 13850K .......... .......... .......... .......... .......... 88%  247K 8s
 13900K .......... .......... .......... .......... .......... 89%  147K 8s
 13950K .......... .......... .......... .......... .......... 89% 89.4K 8s
 14000K .......... .......... .......... .......... .......... 89%  259K 8s
 14050K .......... .......... .......... .......... .......... 90%  157K 8s
 14100K .......... .......... .......... .......... .......... 90%  238K 7s
 14150K .......... .......... .......... .......... .......... 90%  477K 7s
 14200K .......... .......... .......... .......... .......... 91% 76.2K 7s
 14250K .......... .......... .......... .......... .......... 91%  221K 7s
 14300K .......... .......... .......... .......... .......... 91%  149K 6s
 14350K .......... .......... .......... .......... .......... 92%  243K 6s
 14400K .......... .......... .......... .......... .......... 92%  248K 6s
 14450K .......... .......... .......... .......... .......... 92%  158K 6s
 14500K .......... .......... .......... .......... .......... 93%  177K 5s
 14550K .......... .......... .......... .......... .......... 93%  171K 5s
 14600K .......... .......... .......... .......... .......... 93%  308K 5s
 14650K .......... .......... .......... .......... .......... 94%  240K 5s
 14700K .......... .......... .......... .......... .......... 94%  244K 4s
 14750K .......... .......... .......... .......... .......... 94%  250K 4s
 14800K .......... .......... .......... .......... .......... 95%  203K 4s
 14850K .......... .......... .......... .......... .......... 95%  171K 4s
 14900K .......... .......... .......... .......... .......... 95%  118K 3s
 14950K .......... .......... .......... .......... .......... 95%  193K 3s
 15000K .......... .......... .......... .......... .......... 96%  131K 3s
 15050K .......... .......... .......... .......... .......... 96% 80.1K 3s
 15100K .......... .......... .......... .......... .......... 96% 74.1K 2s
 15150K .......... .......... .......... .......... .......... 97%  125K 2s
 15200K .......... .......... .......... .......... .......... 97%  159K 2s
 15250K .......... .......... .......... .......... .......... 97%  127K 2s
 15300K .......... .......... .......... .......... .......... 98%  147K 1s
 15350K .......... .......... .......... .......... .......... 98%  110K 1s
 15400K .......... .......... .......... .......... .......... 98% 66.3K 1s
 15450K .......... .......... .......... .......... .......... 99%  108K 1s
 15500K .......... .......... .......... .......... .......... 99%  142K 0s
 15550K .......... .......... .......... .......... .......... 99%  117K 0s
 15600K .......... .......... .....                           100%  275K=80s

2025-05-04 19:24:17 (195 KB/s) - ‘/home/mariem/multi_robot_ws/build/multirobot_map_merge/2011-08-09-12-22-52.pgm’ saved [16000058/16000058]

--2025-05-04 19:24:17--  https://raw.githubusercontent.com/hrnr/m-explore-extra/master/map_merge/gmapping_maps/2012-01-28-11-12-01.pgm
Resolving raw.githubusercontent.com (raw.githubusercontent.com)... 2606:50c0:8001::154, 2606:50c0:8000::154, 2606:50c0:8003::154, ...
Connecting to raw.githubusercontent.com (raw.githubusercontent.com)|2606:50c0:8001::154|:443... connected.
HTTP request sent, awaiting response... 200 OK
Length: 16000058 (15M) [application/octet-stream]
Saving to: ‘/home/mariem/multi_robot_ws/build/multirobot_map_merge/2012-01-28-11-12-01.pgm’

     0K .......... .......... .......... .......... ..........  0%  668K 23s
    50K .......... .......... .......... .......... ..........  0%  272K 40s
   100K .......... .......... .......... .......... ..........  0% 29.8M 27s
   150K .......... .......... .......... .......... ..........  1%  717K 25s
   200K .......... .......... .......... .......... ..........  1%  402K 28s
   250K .......... .......... .......... .......... ..........  1%  566M 23s
   300K .......... .......... .......... .......... ..........  2%  147K 35s
   350K .......... .......... .......... .......... ..........  2%  511M 30s
   400K .......... .......... .......... .......... ..........  2%  563M 27s
   450K .......... .......... .......... .......... ..........  3% 1.30M 25s
   500K .......... .......... .......... .......... ..........  3% 94.8K 37s
   550K .......... .......... .......... .......... ..........  3%  380M 34s
   600K .......... .......... .......... .......... ..........  4%  649M 31s
   650K .......... .......... .......... .......... ..........  4%  218K 34s
   700K .......... .......... .......... .......... ..........  4%  196K 37s
   750K .......... .......... .......... .......... ..........  5%  253K 38s
   800K .......... .......... .......... .......... ..........  5% 78.2M 36s
   850K .......... .......... .......... .......... ..........  5%  271K 36s
   900K .......... .......... .......... .......... ..........  6% 1.69M 35s
   950K .......... .......... .......... .......... ..........  6%  397K 35s
  1000K .......... .......... .......... .......... ..........  6%  188K 37s
  1050K .......... .......... .......... .......... ..........  7% 72.4K 44s
  1100K .......... .......... .......... .......... ..........  7%  701K 43s
  1150K .......... .......... .......... .......... ..........  7%  305K 43s
  1200K .......... .......... .......... .......... ..........  7% 97.3K 47s
  1250K .......... .......... .......... .......... ..........  8%  638M 45s
  1300K .......... .......... .......... .......... ..........  8%  807M 43s
  1350K .......... .......... .......... .......... ..........  8%  105K 46s
  1400K .......... .......... .......... .......... ..........  9%  277K 46s
  1450K .......... .......... .......... .......... ..........  9%  149K 48s
  1500K .......... .......... .......... .......... ..........  9%  268K 48s
  1550K .......... .......... .......... .......... .......... 10%  329K 47s
  1600K .......... .......... .......... .......... .......... 10%  599K 47s
  1650K .......... .......... .......... .......... .......... 10%  423K 46s
  1700K .......... .......... .......... .......... .......... 11%  268K 46s
  1750K .......... .......... .......... .......... .......... 11%  602K 45s
  1800K .......... .......... .......... .......... .......... 11%  313K 45s
  1850K .......... .......... .......... .......... .......... 12%  302K 45s
  1900K .......... .......... .......... .......... .......... 12%  155K 46s
  1950K .......... .......... .......... .......... .......... 12%  206K 46s
  2000K .......... .......... .......... .......... .......... 13%  381K 46s
  2050K .......... .......... .......... .......... .......... 13%  226K 46s
  2100K .......... .......... .......... .......... .......... 13%  229K 46s
  2150K .......... .......... .......... .......... .......... 14% 79.3K 49s
  2200K .......... .......... .......... .......... .......... 14%  124K 50s
  2250K .......... .......... .......... .......... .......... 14%  204K 50s
  2300K .......... .......... .......... .......... .......... 15%  120K 51s
  2350K .......... .......... .......... .......... .......... 15%  146K 52s
  2400K .......... .......... .......... .......... .......... 15%  129K 53s
  2450K .......... .......... .......... .......... .......... 15%  126K 53s
  2500K .......... .......... .......... .......... .......... 16%  159K 54s
  2550K .......... .......... .......... .......... .......... 16%  208K 54s
  2600K .......... .......... .......... .......... .......... 16%  358K 53s
  2650K .......... .......... .......... .......... .......... 17%  376K 53s
  2700K .......... .......... .......... .......... .......... 17%  319K 52s
  2750K .......... .......... .......... .......... .......... 17%  258K 52s
  2800K .......... .......... .......... .......... .......... 18%  184K 52s
  2850K .......... .......... .......... .......... .......... 18%  190K 52s
  2900K .......... .......... .......... .......... .......... 18%  206K 52s
  2950K .......... .......... .......... .......... .......... 19%  232K 52s
  3000K .......... .......... .......... .......... .......... 19%  194K 52s
  3050K .......... .......... .......... .......... .......... 19%  199K 52s
  3100K .......... .......... .......... .......... .......... 20%  140K 52s
  3150K .......... .......... .......... .......... .......... 20%  354K 52s
  3200K .......... .......... .......... .......... .......... 20%  181K 52s
  3250K .......... .......... .......... .......... .......... 21% 71.0K 54s
  3300K .......... .......... .......... .......... .......... 21%  168K 54s
  3350K .......... .......... .......... .......... .......... 21% 81.9K 55s
  3400K .......... .......... .......... .......... .......... 22%  240K 55s
  3450K .......... .......... .......... .......... .......... 22% 97.0K 55s
  3500K .......... .......... .......... .......... .......... 22%  179K 55s
  3550K .......... .......... .......... .......... .......... 23%  484K 55s
  3600K .......... .......... .......... .......... .......... 23%  197K 54s
  3650K .......... .......... .......... .......... .......... 23%  321K 54s
  3700K .......... .......... .......... .......... .......... 23%  415K 53s
  3750K .......... .......... .......... .......... .......... 24%  222K 53s
  3800K .......... .......... .......... .......... .......... 24%  306K 53s
  3850K .......... .......... .......... .......... .......... 24%  164K 53s
  3900K .......... .......... .......... .......... .......... 25%  324K 52s
  3950K .......... .......... .......... .......... .......... 25%  263K 52s
  4000K .......... .......... .......... .......... .......... 25%  316K 52s
  4050K .......... .......... .......... .......... .......... 26%  316K 51s
  4100K .......... .......... .......... .......... .......... 26%  323K 51s
  4150K .......... .......... .......... .......... .......... 26%  217K 51s
  4200K .......... .......... .......... .......... .......... 27%  345K 50s
  4250K .......... .......... .......... .......... .......... 27%  342K 50s
  4300K .......... .......... .......... .......... .......... 27%  222K 50s
  4350K .......... .......... .......... .......... .......... 28%  586K 49s
  4400K .......... .......... .......... .......... .......... 28%  113K 49s
  4450K .......... .......... .......... .......... .......... 28%  502K 49s
  4500K .......... .......... .......... .......... .......... 29%  187K 49s
  4550K .......... .......... .......... .......... .......... 29%  184K 49s
  4600K .......... .......... .......... .......... .......... 29%  413K 48s
  4650K .......... .......... .......... .......... .......... 30%  598K 48s
  4700K .......... .......... .......... .......... .......... 30%  159K 48s
  4750K .......... .......... .......... .......... .......... 30%  356K 47s
  4800K .......... .......... .......... .......... .......... 31%  292K 47s
  4850K .......... .......... .......... .......... .......... 31%  467K 46s
  4900K .......... .......... .......... .......... .......... 31%  157K 46s
  4950K .......... .......... .......... .......... .......... 31%  226K 46s
  5000K .......... .......... .......... .......... .......... 32% 90.3K 47s
  5050K .......... .......... .......... .......... .......... 32%  228K 47s
  5100K .......... .......... .......... .......... .......... 32%  555K 46s
  5150K .......... .......... .......... .......... .......... 33%  389K 46s
  5200K .......... .......... .......... .......... .......... 33%  289K 45s
  5250K .......... .......... .......... .......... .......... 33%  566K 45s
  5300K .......... .......... .......... .......... .......... 34%  417K 44s
  5350K .......... .......... .......... .......... .......... 34%  301K 44s
  5400K .......... .......... .......... .......... .......... 34%  670K 44s
  5450K .......... .......... .......... .......... .......... 35%  392K 43s
  5500K .......... .......... .......... .......... .......... 35%  581K 43s
  5550K .......... .......... .......... .......... .......... 35%  504K 42s
  5600K .......... .......... .......... .......... .......... 36%  393K 42s
  5650K .......... .......... .......... .......... .......... 36%  650K 42s
  5700K .......... .......... .......... .......... .......... 36%  326K 41s
  5750K .......... .......... .......... .......... .......... 37%  460K 41s
  5800K .......... .......... .......... .......... .......... 37%  340K 41s
  5850K .......... .......... .......... .......... .......... 37%  159K 41s
  5900K .......... .......... .......... .......... .......... 38% 78.0K 41s
  5950K .......... .......... .......... .......... .......... 38%  217K 41s
  6000K .......... .......... .......... .......... .......... 38%  138K 41s
  6050K .......... .......... .......... .......... .......... 39%  119K 41s
  6100K .......... .......... .......... .......... .......... 39%  213K 41s
  6150K .......... .......... .......... .......... .......... 39%  192K 41s
  6200K .......... .......... .......... .......... .......... 39%  328K 40s
  6250K .......... .......... .......... .......... .......... 40%  337K 40s
  6300K .......... .......... .......... .......... .......... 40%  625K 40s
  6350K .......... .......... .......... .......... .......... 40%  309K 39s
  6400K .......... .......... .......... .......... .......... 41%  110K 40s
  6450K .......... .......... .......... .......... .......... 41%  513K 39s
  6500K .......... .......... .......... .......... .......... 41%  140K 39s
  6550K .......... .......... .......... .......... .......... 42%  166K 39s
  6600K .......... .......... .......... .......... .......... 42%  612K 39s
  6650K .......... .......... .......... .......... .......... 42%  215K 38s
  6700K .......... .......... .......... .......... .......... 43% 96.9K 39s
  6750K .......... .......... .......... .......... .......... 43%  763K 38s
  6800K .......... .......... .......... .......... .......... 43%  160K 38s
  6850K .......... .......... .......... .......... .......... 44%  167K 38s
  6900K .......... .......... .......... .......... .......... 44%  330K 38s
  6950K .......... .......... .......... .......... .......... 44%  214K 37s
  7000K .......... .......... .......... .......... .......... 45%  113K 38s
  7050K .......... .......... .......... .......... .......... 45%  222K 37s
  7100K .......... .......... .......... .......... .......... 45%  206K 37s
  7150K .......... .......... .......... .......... .......... 46%  196K 37s
  7200K .......... .......... .......... .......... .......... 46%  320K 37s
  7250K .......... .......... .......... .......... .......... 46%  362K 36s
  7300K .......... .......... .......... .......... .......... 47%  307K 36s
  7350K .......... .......... .......... .......... .......... 47%  355K 36s
  7400K .......... .......... .......... .......... .......... 47%  168K 36s
  7450K .......... .......... .......... .......... .......... 47% 40.2M 35s
  7500K .......... .......... .......... .......... .......... 48%  188K 35s
  7550K .......... .......... .......... .......... .......... 48%  645K 35s
  7600K .......... .......... .......... .......... .......... 48%  325K 34s
  7650K .......... .......... .......... .......... .......... 49%  203K 34s
  7700K .......... .......... .......... .......... .......... 49%  355K 34s
  7750K .......... .......... .......... .......... .......... 49%  163K 34s
  7800K .......... .......... .......... .......... .......... 50% 82.3K 34s
  7850K .......... .......... .......... .......... .......... 50%  206K 34s
  7900K .......... .......... .......... .......... .......... 50%  242K 34s
  7950K .......... .......... .......... .......... .......... 51%  348K 33s
  8000K .......... .......... .......... .......... .......... 51%  188K 33s
  8050K .......... .......... .......... .......... .......... 51%  363K 33s
  8100K .......... .......... .......... .......... .......... 52%  294K 33s
  8150K .......... .......... .......... .......... .......... 52% 99.3K 33s
  8200K .......... .......... .......... .......... .......... 52%  229K 32s
  8250K .......... .......... .......... .......... .......... 53%  210K 32s
  8300K .......... .......... .......... .......... .......... 53%  237K 32s
  8350K .......... .......... .......... .......... .......... 53%  167K 32s
  8400K .......... .......... .......... .......... .......... 54%  237K 32s
  8450K .......... .......... .......... .......... .......... 54%  408K 31s
  8500K .......... .......... .......... .......... .......... 54%  243K 31s
  8550K .......... .......... .......... .......... .......... 55%  278K 31s
  8600K .......... .......... .......... .......... .......... 55%  339K 30s
  8650K .......... .......... .......... .......... .......... 55%  410K 30s
  8700K .......... .......... .......... .......... .......... 55%  332K 30s
  8750K .......... .......... .......... .......... .......... 56%  308K 30s
  8800K .......... .......... .......... .......... .......... 56%  349K 29s
  8850K .......... .......... .......... .......... .......... 56%  318K 29s
  8900K .......... .......... .......... .......... .......... 57%  532K 29s
  8950K .......... .......... .......... .......... .......... 57%  415K 29s
  9000K .......... .......... .......... .......... .......... 57%  479K 28s
  9050K .......... .......... .......... .......... .......... 58%  366K 28s
  9100K .......... .......... .......... .......... .......... 58%  342K 28s
  9150K .......... .......... .......... .......... .......... 58%  599K 27s
  9200K .......... .......... .......... .......... .......... 59%  415K 27s
  9250K .......... .......... .......... .......... .......... 59%  566K 27s
  9300K .......... .......... .......... .......... .......... 59%  458K 27s
  9350K .......... .......... .......... .......... .......... 60%  219K 26s
  9400K .......... .......... .......... .......... .......... 60%  698K 26s
  9450K .......... .......... .......... .......... .......... 60%  699K 26s
  9500K .......... .......... .......... .......... .......... 61%  562K 25s
  9550K .......... .......... .......... .......... .......... 61%  637K 25s
  9600K .......... .......... .......... .......... .......... 61%  683K 25s
  9650K .......... .......... .......... .......... .......... 62%  451K 25s
  9700K .......... .......... .......... .......... .......... 62%  595K 24s
  9750K .......... .......... .......... .......... .......... 62%  635K 24s
  9800K .......... .......... .......... .......... .......... 63%  847K 24s
  9850K .......... .......... .......... .......... .......... 63%  627K 23s
  9900K .......... .......... .......... .......... .......... 63% 89.9K 23s
  9950K .......... .......... .......... .......... .......... 63% 4.93M 23s
 10000K .......... .......... .......... .......... .......... 64%  412K 23s
 10050K .......... .......... .......... .......... .......... 64%  456K 23s
 10100K .......... .......... .......... .......... .......... 64%  396K 22s
 10150K .......... .......... .......... .......... .......... 65%  441K 22s
 10200K .......... .......... .......... .......... .......... 65%  234K 22s
 10250K .......... .......... .......... .......... .......... 65%  347K 22s
 10300K .......... .......... .......... .......... .......... 66%  579K 21s
 10350K .......... .......... .......... .......... .......... 66%  818K 21s
 10400K .......... .......... .......... .......... .......... 66%  740K 21s
 10450K .......... .......... .......... .......... .......... 67%  719K 21s
 10500K .......... .......... .......... .......... .......... 67%  918K 20s
 10550K .......... .......... .......... .......... .......... 67%  705K 20s
 10600K .......... .......... .......... .......... .......... 68%  748K 20s
 10650K .......... .......... .......... .......... .......... 68%  826K 20s
 10700K .......... .......... .......... .......... .......... 68%  424K 19s
 10750K .......... .......... .......... .......... .......... 69%  619K 19s
 10800K .......... .......... .......... .......... .......... 69%  603K 19s
 10850K .......... .......... .......... .......... .......... 69%  684K 19s
 10900K .......... .......... .......... .......... .......... 70% 1.03M 18s
 10950K .......... .......... .......... .......... .......... 70%  409K 18s
 11000K .......... .......... .......... .......... .......... 70%  790K 18s
 11050K .......... .......... .......... .......... .......... 71%  910K 18s
 11100K .......... .......... .......... .......... .......... 71%  375K 17s
 11150K .......... .......... .......... .......... .......... 71%  538K 17s
 11200K .......... .......... .......... .......... .......... 71%  438K 17s
 11250K .......... .......... .......... .......... .......... 72%  525K 17s
 11300K .......... .......... .......... .......... .......... 72%  716K 16s
 11350K .......... .......... .......... .......... .......... 72%  642K 16s
 11400K .......... .......... .......... .......... .......... 73%  682K 16s
 11450K .......... .......... .......... .......... .......... 73%  736K 16s
 11500K .......... .......... .......... .......... .......... 73%  836K 15s
 11550K .......... .......... .......... .......... .......... 74%  830K 15s
 11600K .......... .......... .......... .......... .......... 74%  658K 15s
 11650K .......... .......... .......... .......... .......... 74%  559K 15s
 11700K .......... .......... .......... .......... .......... 75%  690K 15s
 11750K .......... .......... .......... .......... .......... 75%  854K 14s
 11800K .......... .......... .......... .......... .......... 75%  741K 14s
 11850K .......... .......... .......... .......... .......... 76% 2.05M 14s
 11900K .......... .......... .......... .......... .......... 76%  637K 14s
 11950K .......... .......... .......... .......... .......... 76%  534K 13s
 12000K .......... .......... .......... .......... .......... 77%  676M 13s
 12050K .......... .......... .......... .......... .......... 77%  651K 13s
 12100K .......... .......... .......... .......... .......... 77%  140K 13s
 12150K .......... .......... .......... .......... .......... 78%  337M 13s
 12200K .......... .......... .......... .......... .......... 78%  797K 12s
 12250K .......... .......... .......... .......... .......... 78%  492K 12s
 12300K .......... .......... .......... .......... .......... 79%  773K 12s
 12350K .......... .......... .......... .......... .......... 79%  538K 12s
 12400K .......... .......... .......... .......... .......... 79%  389K 12s
 12450K .......... .......... .......... .......... .......... 79%  736K 11s
 12500K .......... .......... .......... .......... .......... 80% 1.60M 11s
 12550K .......... .......... .......... .......... .......... 80%  496K 11s
 12600K .......... .......... .......... .......... .......... 80%  409K 11s
 12650K .......... .......... .......... .......... .......... 81%  927K 11s
 12700K .......... .......... .......... .......... .......... 81%  667K 10s
 12750K .......... .......... .......... .......... .......... 81% 2.25M 10s
 12800K .......... .......... .......... .......... .......... 82%  880K 10s
 12850K .......... .......... .......... .......... .......... 82%  893K 10s
 12900K .......... .......... .......... .......... .......... 82%  535K 10s
 12950K .......... .......... .......... .......... .......... 83%  306K 9s
 13000K .......... .......... .......... .......... .......... 83%  570K 9s
 13050K .......... .......... .......... .......... .......... 83% 1.29M 9s
 13100K .......... .......... .......... .......... .......... 84%  335K 9s
 13150K .......... .......... .......... .......... .......... 84%  507K 9s
 13200K .......... .......... .......... .......... .......... 84% 1.71M 8s
 13250K .......... .......... .......... .......... .......... 85%  764K 8s
 13300K .......... .......... .......... .......... .......... 85%  905K 8s
 13350K .......... .......... .......... .......... .......... 85%  485K 8s
 13400K .......... .......... .......... .......... .......... 86%  671K 8s
 13450K .......... .......... .......... .......... .......... 86%  985K 7s
 13500K .......... .......... .......... .......... .......... 86%  622K 7s
 13550K .......... .......... .......... .......... .......... 87% 4.15M 7s
 13600K .......... .......... .......... .......... .......... 87%  373K 7s
 13650K .......... .......... .......... .......... .......... 87% 1.43M 7s
 13700K .......... .......... .......... .......... .......... 87%  737K 6s
 13750K .......... .......... .......... .......... .......... 88%  833K 6s
 13800K .......... .......... .......... .......... .......... 88%  862K 6s
 13850K .......... .......... .......... .......... .......... 88%  546K 6s
 13900K .......... .......... .......... .......... .......... 89% 11.8M 6s
 13950K .......... .......... .......... .......... .......... 89%  588K 6s
 14000K .......... .......... .......... .......... .......... 89% 1.01M 5s
 14050K .......... .......... .......... .......... .......... 90%  542K 5s
 14100K .......... .......... .......... .......... .......... 90%  801K 5s
 14150K .......... .......... .......... .......... .......... 90%  755K 5s
 14200K .......... .......... .......... .......... .......... 91%  553K 5s
 14250K .......... .......... .......... .......... .......... 91%  175K 4s
 14300K .......... .......... .......... .......... .......... 91%  759K 4s
 14350K .......... .......... .......... .......... .......... 92%  640K 4s
 14400K .......... .......... .......... .......... .......... 92%  619K 4s
 14450K .......... .......... .......... .......... .......... 92%  783K 4s
 14500K .......... .......... .......... .......... .......... 93% 1.91M 4s
 14550K .......... .......... .......... .......... .......... 93%  685K 3s
 14600K .......... .......... .......... .......... .......... 93%  180K 3s
 14650K .......... .......... .......... .......... .......... 94% 1.85M 3s
 14700K .......... .......... .......... .......... .......... 94%  651K 3s
 14750K .......... .......... .......... .......... .......... 94%  407K 3s
 14800K .......... .......... .......... .......... .......... 95%  755K 3s
 14850K .......... .......... .......... .......... .......... 95% 1.27M 2s
 14900K .......... .......... .......... .......... .......... 95% 1010K 2s
 14950K .......... .......... .......... .......... .......... 95%  302K 2s
 15000K .......... .......... .......... .......... .......... 96%  441M 2s
 15050K .......... .......... .......... .......... .......... 96%  364K 2s
 15100K .......... .......... .......... .......... .......... 96%  697K 2s
 15150K .......... .......... .......... .......... .......... 97% 2.47M 1s
 15200K .......... .......... .......... .......... .......... 97%  800K 1s
 15250K .......... .......... .......... .......... .......... 97%  123K 1s
 15300K .......... .......... .......... .......... .......... 98%  688K 1s
 15350K .......... .......... .......... .......... .......... 98%  134K 1s
 15400K .......... .......... .......... .......... .......... 98%  368K 1s
 15450K .......... .......... .......... .......... .......... 99%  125K 0s
 15500K .......... .......... .......... .......... .......... 99% 98.6M 0s
 15550K .......... .......... .......... .......... .......... 99%  263K 0s
 15600K .......... .......... .....                           100%  106M=51s

2025-05-04 19:25:10 (304 KB/s) - ‘/home/mariem/multi_robot_ws/build/multirobot_map_merge/2012-01-28-11-12-01.pgm’ saved [16000058/16000058]

In file included from [01m[K/home/mariem/multi_robot_ws/src/multirobot_map_merge/test/testing_helpers.h:7[m[K,
                 from [01m[K/home/mariem/multi_robot_ws/src/multirobot_map_merge/test/test_merging_pipeline.cpp:42[m[K:
[01m[K/opt/ros/humble/include/tf2_geometry_msgs/tf2_geometry_msgs/tf2_geometry_msgs.h:35:2:[m[K [01;35m[Kwarning: [m[K#warning This header is obsolete, please include tf2_geometry_msgs/tf2_geometry_msgs.hpp instead [[01;35m[K]8;;https://gcc.gnu.org/onlinedocs/gcc/Warning-Options.html#index-Wcpp-Wcpp]8;;[m[K]
   35 | #[01;35m[Kwarning[m[K This header is obsolete, please include tf2_geometry_msgs/tf2_geometry_msgs.hpp instead
      |  [01;35m[K^~~~~~~[m[K
In file included from [01m[K/home/mariem/multi_robot_ws/src/multirobot_map_merge/src/map_merge.cpp:44[m[K:
[01m[K/opt/ros/humble/include/tf2_geometry_msgs/tf2_geometry_msgs/tf2_geometry_msgs.h:35:2:[m[K [01;35m[Kwarning: [m[K#warning This header is obsolete, please include tf2_geometry_msgs/tf2_geometry_msgs.hpp instead [[01;35m[K]8;;https://gcc.gnu.org/onlinedocs/gcc/Warning-Options.html#index-Wcpp-Wcpp]8;;[m[K]
   35 | #[01;35m[Kwarning[m[K This header is obsolete, please include tf2_geometry_msgs/tf2_geometry_msgs.hpp instead
      |  [01;35m[K^~~~~~~[m[K
