[0.200s] Invoking command in '/home/mariem/multi_robot_ws/build/multirobot_map_merge': CMAKE_PREFIX_PATH=${CMAKE_PREFIX_PATH}:/home/mariem/my_ros2_ws/install/my_turtlebot_gazebo:/home/mariem/multi_robot_ws/install/merge_map:/opt/ros/humble /usr/bin/cmake /home/mariem/multi_robot_ws/src/multirobot_map_merge -DCMAKE_INSTALL_PREFIX=/home/mariem/multi_robot_ws/install/multirobot_map_merge
[0.235s] -- The C compiler identification is GNU 11.4.0
[0.277s] -- The CXX compiler identification is GNU 11.4.0
[0.282s] -- Detecting C compiler ABI info
[0.332s] -- Detecting C compiler ABI info - done
[0.338s] -- Check for working C compiler: /usr/bin/cc - skipped
[0.338s] -- Detecting C compile features
[0.339s] -- Detecting C compile features - done
[0.341s] -- Detecting CXX compiler ABI info
[0.399s] -- Detecting CXX compiler ABI info - done
[0.405s] -- Check for working CXX compiler: /usr/bin/c++ - skipped
[0.405s] -- Detecting CXX compile features
[0.405s] -- Detecting CXX compile features - done
[0.407s] -- Found ament_cmake: 1.3.11 (/opt/ros/humble/share/ament_cmake/cmake)
[0.543s] -- Found Python3: /usr/bin/python3 (found version "3.10.12") found components: Interpreter 
[0.629s] -- Found rclcpp: 16.0.11 (/opt/ros/humble/share/rclcpp/cmake)
[0.669s] -- Found rosidl_generator_c: 3.1.6 (/opt/ros/humble/share/rosidl_generator_c/cmake)
[0.674s] -- Found rosidl_adapter: 3.1.6 (/opt/ros/humble/share/rosidl_adapter/cmake)
[0.682s] -- Found rosidl_generator_cpp: 3.1.6 (/opt/ros/humble/share/rosidl_generator_cpp/cmake)
[0.692s] -- Using all available rosidl_typesupport_c: rosidl_typesupport_fastrtps_c;rosidl_typesupport_introspection_c
[0.707s] -- Using all available rosidl_typesupport_cpp: rosidl_typesupport_fastrtps_cpp;rosidl_typesupport_introspection_cpp
[0.747s] -- Found rmw_implementation_cmake: 6.1.2 (/opt/ros/humble/share/rmw_implementation_cmake/cmake)
[0.750s] -- Found rmw_fastrtps_cpp: 6.2.7 (/opt/ros/humble/share/rmw_fastrtps_cpp/cmake)
[0.818s] -- Found OpenSSL: /usr/lib/x86_64-linux-gnu/libcrypto.so (found version "3.0.2")  
[0.838s] -- Found FastRTPS: /opt/ros/humble/include  
[0.872s] -- Using RMW implementation 'rmw_fastrtps_cpp' as default
[0.880s] -- Looking for pthread.h
[0.930s] -- Looking for pthread.h - found
[0.931s] -- Performing Test CMAKE_HAVE_LIBC_PTHREAD
[0.991s] -- Performing Test CMAKE_HAVE_LIBC_PTHREAD - Success
[0.992s] -- Found Threads: TRUE  
[1.037s] -- Found geometry_msgs: 4.2.4 (/opt/ros/humble/share/geometry_msgs/cmake)
[1.050s] -- Found image_geometry: 3.2.1 (/opt/ros/humble/share/image_geometry/cmake)
[1.077s] -- Found map_msgs: 2.1.0 (/opt/ros/humble/share/map_msgs/cmake)
[1.116s] -- Found tf2_geometry_msgs: 0.25.12 (/opt/ros/humble/share/tf2_geometry_msgs/cmake)
[1.131s] -- Found eigen3_cmake_module: 0.1.1 (/opt/ros/humble/share/eigen3_cmake_module/cmake)
[1.132s] -- Found Eigen3: TRUE (found version "3.4.0") 
[1.132s] -- Ensuring Eigen3 include directory is part of orocos-kdl CMake target
[1.247s] -- Found Boost: /usr/lib/x86_64-linux-gnu/cmake/Boost-1.74.0/BoostConfig.cmake (found version "1.74.0") found components: thread 
[1.251s] -- Found OpenCV: /usr (found version "4.5.4") 
[1.265s] -- Found ament_lint_auto: 0.12.11 (/opt/ros/humble/share/ament_lint_auto/cmake)
[1.327s] -- Found ament_cmake_gtest: 1.3.11 (/opt/ros/humble/share/ament_cmake_gtest/cmake)
[1.332s] --2025-05-04 19:22:18--  https://raw.githubusercontent.com/hrnr/m-explore-extra/master/map_merge/hector_maps/map00.pgm
[1.367s] Resolving raw.githubusercontent.com (raw.githubusercontent.com)... 2606:50c0:8002::154, 2606:50c0:8003::154, 2606:50c0:8001::154, ...
[1.416s] Connecting to raw.githubusercontent.com (raw.githubusercontent.com)|2606:50c0:8002::154|:443... connected.
[1.940s] HTTP request sent, awaiting response... 200 OK
[1.940s] Length: 4194362 (4.0M) [application/octet-stream]
[1.940s] Saving to: ‘/home/mariem/multi_robot_ws/build/multirobot_map_merge/map00.pgm’
[1.940s] 
[2.300s]      0K .......... .......... .......... .......... ..........  1%  139K 29s
[2.300s]     50K .......... .......... .......... .......... ..........  2%  332M 14s
[3.027s]    100K .......... .......... .......... .......... ..........  3% 68.8K 29s
[3.027s]    150K .......... .......... .......... .......... ..........  4%  323M 21s
[3.027s]    200K .......... .......... .......... .......... ..........  6%  456M 17s
[3.066s]    250K .......... .......... .......... .......... ..........  7% 1.24M 14s
[3.295s]    300K .......... .......... .......... .......... ..........  8%  438K 13s
[3.297s]    350K .......... .......... .......... .......... ..........  9%  431K 13s
[3.423s]    400K .......... .......... .......... .......... .......... 10%  396K 12s
[3.430s]    450K .......... .......... .......... .......... .......... 12% 7.09M 11s
[3.536s]    500K .......... .......... .......... .......... .......... 13%  471K 10s
[3.628s]    550K .......... .......... .......... .......... .......... 14%  543K 10s
[3.699s]    600K .......... .......... .......... .......... .......... 15%  702K 9s
[3.748s]    650K .......... .......... .......... .......... .......... 17% 1.00M 9s
[3.831s]    700K .......... .......... .......... .......... .......... 18%  869K 8s
[3.874s]    750K .......... .......... .......... .......... .......... 19%  731K 8s
[3.952s]    800K .......... .......... .......... .......... .......... 20%  639K 8s
[4.474s]    850K .......... .......... .......... .......... .......... 21% 95.8K 9s
[4.497s]    900K .......... .......... .......... .......... .......... 23% 2.08M 8s
[4.848s]    950K .......... .......... .......... .......... .......... 24%  142K 9s
[4.881s]   1000K .......... .......... .......... .......... .......... 25% 1.50M 9s
[5.019s]   1050K .......... .......... .......... .......... .......... 26%  362K 8s
[5.192s]   1100K .......... .......... .......... .......... .......... 28%  339K 8s
[5.534s]   1150K .......... .......... .......... .......... .......... 29%  136K 9s
[5.619s]   1200K .......... .......... .......... .......... .......... 30%  586K 8s
[6.090s]   1250K .......... .......... .......... .......... .......... 31%  106K 9s
[6.439s]   1300K .......... .......... .......... .......... .......... 32%  143K 9s
[6.754s]   1350K .......... .......... .......... .......... .......... 34%  159K 9s
[6.891s]   1400K .......... .......... .......... .......... .......... 35%  365K 9s
[7.014s]   1450K .......... .......... .......... .......... .......... 36%  407K 9s
[7.183s]   1500K .......... .......... .......... .......... .......... 37%  426K 9s
[7.260s]   1550K .......... .......... .......... .......... .......... 39%  387K 8s
[7.361s]   1600K .......... .......... .......... .......... .......... 40%  496K 8s
[7.457s]   1650K .......... .......... .......... .......... .......... 41%  521K 8s
[7.553s]   1700K .......... .......... .......... .......... .......... 42%  521K 8s
[7.652s]   1750K .......... .......... .......... .......... .......... 43%  506K 7s
[7.759s]   1800K .......... .......... .......... .......... .......... 45%  468K 7s
[7.867s]   1850K .......... .......... .......... .......... .......... 46%  461K 7s
[7.974s]   1900K .......... .......... .......... .......... .......... 47%  467K 7s
[8.073s]   1950K .......... .......... .......... .......... .......... 48%  507K 6s
[8.138s]   2000K .......... .......... .......... .......... .......... 50%  769K 6s
[8.211s]   2050K .......... .......... .......... .......... .......... 51%  683K 6s
[8.331s]   2100K .......... .......... .......... .......... .......... 52%  418K 6s
[8.391s]   2150K .......... .......... .......... .......... .......... 53%  827K 6s
[8.479s]   2200K .......... .......... .......... .......... .......... 54%  568K 5s
[8.574s]   2250K .......... .......... .......... .......... .......... 56%  529K 5s
[8.681s]   2300K .......... .......... .......... .......... .......... 57%  465K 5s
[8.839s]   2350K .......... .......... .......... .......... .......... 58%  317K 5s
[8.980s]   2400K .......... .......... .......... .......... .......... 59%  354K 5s
[9.056s]   2450K .......... .......... .......... .......... .......... 61%  661K 5s
[9.151s]   2500K .......... .......... .......... .......... .......... 62%  522K 4s
[9.472s]   2550K .......... .......... .......... .......... .......... 63%  156K 4s
[9.548s]   2600K .......... .......... .......... .......... .......... 64%  657K 4s
[9.641s]   2650K .......... .......... .......... .......... .......... 65%  541K 4s
[9.774s]   2700K .......... .......... .......... .......... .......... 67%  522K 4s
[9.844s]   2750K .......... .......... .......... .......... .......... 68%  467K 4s
[9.925s]   2800K .......... .......... .......... .......... .......... 69%  616K 3s
[10.021s]   2850K .......... .......... .......... .......... .......... 70%  521K 3s
[10.110s]   2900K .......... .......... .......... .......... .......... 72%  565K 3s
[10.229s]   2950K .......... .......... .......... .......... .......... 73%  418K 3s
[10.313s]   3000K .......... .......... .......... .......... .......... 74%  594K 3s
[10.465s]   3050K .......... .......... .......... .......... .......... 75%  330K 3s
[10.618s]   3100K .......... .......... .......... .......... .......... 76%  326K 3s
[10.724s]   3150K .......... .......... .......... .......... .......... 78%  470K 2s
[10.868s]   3200K .......... .......... .......... .......... .......... 79%  347K 2s
[10.923s]   3250K .......... .......... .......... .......... .......... 80%  908K 2s
[11.179s]   3300K .......... .......... .......... .......... .......... 81%  195K 2s
[11.419s]   3350K .......... .......... .......... .......... .......... 83%  209K 2s
[11.533s]   3400K .......... .......... .......... .......... .......... 84%  437K 2s
[12.066s]   3450K .......... .......... .......... .......... .......... 85% 93.9K 2s
[12.198s]   3500K .......... .......... .......... .......... .......... 86%  783K 2s
[12.590s]   3550K .......... .......... .......... .......... .......... 87%  109K 1s
[12.811s]   3600K .......... .......... .......... .......... .......... 89%  227K 1s
[13.053s]   3650K .......... .......... .......... .......... .......... 90%  206K 1s
[13.262s]   3700K .......... .......... .......... .......... .......... 91%  240K 1s
[13.435s]   3750K .......... .......... .......... .......... .......... 92%  288K 1s
[13.613s]   3800K .......... .......... .......... .......... .......... 93%  281K 1s
[13.742s]   3850K .......... .......... .......... .......... .......... 95%  389K 1s
[13.885s]   3900K .......... .......... .......... .......... .......... 96%  371K 0s
[14.014s]   3950K .......... .......... .......... .......... .......... 97%  363K 0s
[14.251s]   4000K .......... .......... .......... .......... .......... 98%  211K 0s
[14.319s]   4050K .......... .......... .......... .......... ......    100%  673K=12s
[14.319s] 
[14.319s] 2025-05-04 19:22:31 (331 KB/s) - ‘/home/mariem/multi_robot_ws/build/multirobot_map_merge/map00.pgm’ saved [4194362/4194362]
[14.319s] 
[14.320s] Checking MD5 sum of /home/mariem/multi_robot_ws/build/multirobot_map_merge/map00.pgm
[14.326s] /home/mariem/multi_robot_ws/build/multirobot_map_merge/map00.pgm: OK
[14.329s] --2025-05-04 19:22:31--  https://raw.githubusercontent.com/hrnr/m-explore-extra/master/map_merge/hector_maps/map05.pgm
[14.331s] Resolving raw.githubusercontent.com (raw.githubusercontent.com)... 2606:50c0:8002::154, 2606:50c0:8001::154, 2606:50c0:8000::154, ...
[15.012s] Connecting to raw.githubusercontent.com (raw.githubusercontent.com)|2606:50c0:8002::154|:443... connected.
[15.681s] HTTP request sent, awaiting response... 200 OK
[15.681s] Length: 4194362 (4.0M) [application/octet-stream]
[15.681s] Saving to: ‘/home/mariem/multi_robot_ws/build/multirobot_map_merge/map05.pgm’
[15.682s] 
[15.780s]      0K .......... .......... .......... .......... ..........  1%  505K 8s
[15.844s]     50K .......... .......... .......... .......... ..........  2%  780K 7s
[15.910s]    100K .......... .......... .......... .......... ..........  3%  750K 6s
[15.921s]    150K .......... .......... .......... .......... ..........  4% 4.48M 5s
[16.246s]    200K .......... .......... .......... .......... ..........  6%  154K 9s
[16.246s]    250K .......... .......... .......... .......... ..........  7%  124M 7s
[16.342s]    300K .......... .......... .......... .......... ..........  8%  525K 7s
[16.415s]    350K .......... .......... .......... .......... ..........  9%  757K 7s
[16.803s]    400K .......... .......... .......... .......... .......... 10%  126K 9s
[16.804s]    450K .......... .......... .......... .......... .......... 12%  580M 8s
[17.023s]    500K .......... .......... .......... .......... .......... 13%  228K 9s
[17.023s]    550K .......... .......... .......... .......... .......... 14%  520M 8s
[17.091s]    600K .......... .......... .......... .......... .......... 15%  741K 7s
[17.195s]    650K .......... .......... .......... .......... .......... 17%  478K 7s
[17.271s]    700K .......... .......... .......... .......... .......... 18%  659K 7s
[17.369s]    750K .......... .......... .......... .......... .......... 19% 1003K 7s
[17.457s]    800K .......... .......... .......... .......... .......... 20%  367K 7s
[17.516s]    850K .......... .......... .......... .......... .......... 21%  860K 7s
[17.587s]    900K .......... .......... .......... .......... .......... 23%  695K 6s
[17.656s]    950K .......... .......... .......... .......... .......... 24%  736K 6s
[17.727s]   1000K .......... .......... .......... .......... .......... 25%  703K 6s
[17.754s]   1050K .......... .......... .......... .......... .......... 26% 1.79M 6s
[17.829s]   1100K .......... .......... .......... .......... .......... 28%  663K 6s
[17.940s]   1150K .......... .......... .......... .......... .......... 29%  449K 5s
[18.001s]   1200K .......... .......... .......... .......... .......... 30%  828K 5s
[18.074s]   1250K .......... .......... .......... .......... .......... 31%  681K 5s
[18.142s]   1300K .......... .......... .......... .......... .......... 32%  730K 5s
[18.397s]   1350K .......... .......... .......... .......... .......... 34%  197K 5s
[18.397s]   1400K .......... .......... .......... .......... .......... 35%  416M 5s
[18.510s]   1450K .......... .......... .......... .......... .......... 36%  441K 5s
[18.596s]   1500K .......... .......... .......... .......... .......... 37%  583K 5s
[18.727s]   1550K .......... .......... .......... .......... .......... 39%  706K 5s
[18.974s]   1600K .......... .......... .......... .......... .......... 40%  163K 5s
[19.049s]   1650K .......... .......... .......... .......... .......... 41%  662K 5s
[19.115s]   1700K .......... .......... .......... .......... .......... 42%  758K 5s
[19.414s]   1750K .......... .......... .......... .......... .......... 43%  167K 5s
[19.442s]   1800K .......... .......... .......... .......... .......... 45% 1.71M 5s
[19.872s]   1850K .......... .......... .......... .......... .......... 46%  116K 5s
[20.210s]   1900K .......... .......... .......... .......... .......... 47%  148K 5s
[21.295s]   1950K .......... .......... .......... .......... .......... 48% 74.1K 5s
[21.884s]   2000K .......... .......... .......... .......... .......... 50% 50.1K 6s
[22.302s]   2050K .......... .......... .......... .......... .......... 51%  119K 6s
[22.672s]   2100K .......... .......... .......... .......... .......... 52%  135K 6s
[22.921s]   2150K .......... .......... .......... .......... .......... 53%  201K 6s
[23.195s]   2200K .......... .......... .......... .......... .......... 54%  182K 6s
[23.393s]   2250K .......... .......... .......... .......... .......... 56%  254K 6s
[23.628s]   2300K .......... .......... .......... .......... .......... 57%  213K 6s
[24.304s]   2350K .......... .......... .......... .......... .......... 58%  257K 6s
[24.519s]   2400K .......... .......... .......... .......... .......... 59% 71.8K 6s
[25.623s]   2450K .......... .......... .......... .......... .......... 61% 45.3K 6s
[26.545s]   2500K .......... .......... .......... .......... .......... 62% 54.2K 7s
[27.212s]   2550K .......... .......... .......... .......... .......... 63% 74.9K 7s
[28.045s]   2600K .......... .......... .......... .......... .......... 64% 60.1K 7s
[28.515s]   2650K .......... .......... .......... .......... .......... 65%  106K 7s
[28.871s]   2700K .......... .......... .......... .......... .......... 67%  140K 6s
[29.542s]   2750K .......... .......... .......... .......... .......... 68%  102K 6s
[30.103s]   2800K .......... .......... .......... .......... .......... 69% 67.4K 6s
[30.472s]   2850K .......... .......... .......... .......... .......... 70%  135K 6s
[31.394s]   2900K .......... .......... .......... .......... .......... 72% 54.3K 6s
[32.064s]   2950K .......... .......... .......... .......... .......... 73% 74.5K 6s
[32.381s]   3000K .......... .......... .......... .......... .......... 74%  158K 6s
[32.744s]   3050K .......... .......... .......... .......... .......... 75%  138K 5s
[32.961s]   3100K .......... .......... .......... .......... .......... 76%  231K 5s
[33.437s]   3150K .......... .......... .......... .......... .......... 78%  124K 5s
[33.805s]   3200K .......... .......... .......... .......... .......... 79%  113K 5s
[34.522s]   3250K .......... .......... .......... .......... .......... 80% 69.8K 5s
[34.952s]   3300K .......... .......... .......... .......... .......... 81%  116K 4s
[35.249s]   3350K .......... .......... .......... .......... .......... 83%  168K 4s
[35.520s]   3400K .......... .......... .......... .......... .......... 84%  184K 4s
[35.777s]   3450K .......... .......... .......... .......... .......... 85%  195K 3s
[36.046s]   3500K .......... .......... .......... .......... .......... 86%  186K 3s
[36.452s]   3550K .......... .......... .......... .......... .......... 87%  156K 3s
[36.749s]   3600K .......... .......... .......... .......... .......... 89%  131K 3s
[37.142s]   3650K .......... .......... .......... .......... .......... 90%  127K 2s
[37.370s]   3700K .......... .......... .......... .......... .......... 91%  219K 2s
[37.666s]   3750K .......... .......... .......... .......... .......... 92%  169K 2s
[38.061s]   3800K .......... .......... .......... .......... .......... 93%  127K 1s
[38.496s]   3850K .......... .......... .......... .......... .......... 95%  115K 1s
[38.744s]   3900K .......... .......... .......... .......... .......... 96%  202K 1s
[38.967s]   3950K .......... .......... .......... .......... .......... 97%  322K 1s
[39.184s]   4000K .......... .......... .......... .......... .......... 98%  175K 0s
[39.359s]   4050K .......... .......... .......... .......... ......    100%  262K=24s
[39.359s] 
[39.359s] 2025-05-04 19:22:56 (173 KB/s) - ‘/home/mariem/multi_robot_ws/build/multirobot_map_merge/map05.pgm’ saved [4194362/4194362]
[39.359s] 
[39.360s] Checking MD5 sum of /home/mariem/multi_robot_ws/build/multirobot_map_merge/map05.pgm
[39.366s] /home/mariem/multi_robot_ws/build/multirobot_map_merge/map05.pgm: OK
[39.370s] --2025-05-04 19:22:56--  https://raw.githubusercontent.com/hrnr/m-explore-extra/master/map_merge/gmapping_maps/2011-08-09-12-22-52.pgm
[39.372s] Resolving raw.githubusercontent.com (raw.githubusercontent.com)... 2606:50c0:8000::154, 2606:50c0:8002::154, 2606:50c0:8001::154, ...
[39.415s] Connecting to raw.githubusercontent.com (raw.githubusercontent.com)|2606:50c0:8000::154|:443... connected.
[40.301s] HTTP request sent, awaiting response... 200 OK
[40.302s] Length: 16000058 (15M) [application/octet-stream]
[40.302s] Saving to: ‘/home/mariem/multi_robot_ws/build/multirobot_map_merge/2011-08-09-12-22-52.pgm’
[40.303s] 
[40.408s]      0K .......... .......... .......... .......... ..........  0%  469K 33s
[40.489s]     50K .......... .......... .......... .......... ..........  0%  622K 29s
[40.660s]    100K .......... .......... .......... .......... ..........  0%  291K 37s
[40.660s]    150K .......... .......... .......... .......... ..........  1%  665M 28s
[40.660s]    200K .......... .......... .......... .......... ..........  1%  449M 22s
[40.741s]    250K .......... .......... .......... .......... ..........  1%  622K 22s
[40.810s]    300K .......... .......... .......... .......... ..........  2%  721K 22s
[40.812s]    350K .......... .......... .......... .......... ..........  2% 31.0M 19s
[40.878s]    400K .......... .......... .......... .......... ..........  2%  749K 19s
[40.947s]    450K .......... .......... .......... .......... ..........  3%  729K 20s
[40.947s]    500K .......... .......... .......... .......... ..........  3%  665M 18s
[41.305s]    550K .......... .......... .......... .......... ..........  3%  140K 25s
[41.305s]    600K .......... .......... .......... .......... ..........  4%  591M 23s
[41.305s]    650K .......... .......... .......... .......... ..........  4%  532M 21s
[41.321s]    700K .......... .......... .......... .......... ..........  4% 3.10M 20s
[41.401s]    750K .......... .......... .......... .......... ..........  5%  628K 20s
[41.464s]    800K .......... .......... .......... .......... ..........  5%  789K 20s
[41.540s]    850K .......... .......... .......... .......... ..........  5%  658K 20s
[41.556s]    900K .......... .......... .......... .......... ..........  6% 3.21M 19s
[41.641s]    950K .......... .......... .......... .......... ..........  6%  584K 20s
[41.763s]   1000K .......... .......... .......... .......... ..........  6%  408K 20s
[41.764s]   1050K .......... .......... .......... .......... ..........  7%  363M 19s
[41.833s]   1100K .......... .......... .......... .......... ..........  7%  723K 19s
[41.857s]   1150K .......... .......... .......... .......... ..........  7% 2.03M 19s
[41.915s]   1200K .......... .......... .......... .......... ..........  7%  865K 19s
[42.005s]   1250K .......... .......... .......... .......... ..........  8%  553K 19s
[42.078s]   1300K .......... .......... .......... .......... ..........  8%  687K 19s
[42.138s]   1350K .......... .......... .......... .......... ..........  8%  826K 19s
[42.140s]   1400K .......... .......... .......... .......... ..........  9% 28.6M 18s
[42.274s]   1450K .......... .......... .......... .......... ..........  9%  373K 19s
[42.280s]   1500K .......... .......... .......... .......... ..........  9% 7.31M 18s
[42.396s]   1550K .......... .......... .......... .......... .......... 10%  433K 18s
[42.399s]   1600K .......... .......... .......... .......... .......... 10% 16.3M 18s
[42.490s]   1650K .......... .......... .......... .......... .......... 10%  550K 18s
[42.528s]   1700K .......... .......... .......... .......... .......... 11% 1.26M 18s
[42.554s]   1750K .......... .......... .......... .......... .......... 11% 1.89M 17s
[42.619s]   1800K .......... .......... .......... .......... .......... 11%  767K 17s
[42.646s]   1850K .......... .......... .......... .......... .......... 12% 1.88M 17s
[42.752s]   1900K .......... .......... .......... .......... .......... 12%  470K 17s
[42.823s]   1950K .......... .......... .......... .......... .......... 12%  708K 17s
[42.907s]   2000K .......... .......... .......... .......... .......... 13%  591K 17s
[42.940s]   2050K .......... .......... .......... .......... .......... 13% 1.50M 17s
[42.994s]   2100K .......... .......... .......... .......... .......... 13%  923K 17s
[43.064s]   2150K .......... .......... .......... .......... .......... 14%  713K 17s
[43.072s]   2200K .......... .......... .......... .......... .......... 14% 6.45M 16s
[43.761s]   2250K .......... .......... .......... .......... .......... 14% 72.5K 20s
[43.761s]   2300K .......... .......... .......... .......... .......... 15%  476M 20s
[43.768s]   2350K .......... .......... .......... .......... .......... 15% 7.30M 19s
[43.875s]   2400K .......... .......... .......... .......... .......... 15%  467K 19s
[44.014s]   2450K .......... .......... .......... .......... .......... 15%  360K 19s
[44.511s]   2500K .......... .......... .......... .......... .......... 16%  101K 22s
[44.511s]   2550K .......... .......... .......... .......... .......... 16% 91.0M 21s
[44.577s]   2600K .......... .......... .......... .......... .......... 16%  759K 21s
[44.652s]   2650K .......... .......... .......... .......... .......... 17%  664K 21s
[44.747s]   2700K .......... .......... .......... .......... .......... 17%  528K 21s
[44.871s]   2750K .......... .......... .......... .......... .......... 17%  401K 21s
[44.966s]   2800K .......... .......... .......... .......... .......... 18%  528K 21s
[45.380s]   2850K .......... .......... .......... .......... .......... 18%  121K 22s
[45.542s]   2900K .......... .......... .......... .......... .......... 18%  309K 23s
[45.763s]   2950K .......... .......... .......... .......... .......... 19%  226K 23s
[45.840s]   3000K .......... .......... .......... .......... .......... 19%  648K 23s
[45.923s]   3050K .......... .......... .......... .......... .......... 19%  605K 23s
[46.098s]   3100K .......... .......... .......... .......... .......... 20%  286K 23s
[46.184s]   3150K .......... .......... .......... .......... .......... 20%  580K 23s
[46.245s]   3200K .......... .......... .......... .......... .......... 20%  820K 23s
[46.388s]   3250K .......... .......... .......... .......... .......... 21%  352K 23s
[46.476s]   3300K .......... .......... .......... .......... .......... 21%  568K 23s
[46.570s]   3350K .......... .......... .......... .......... .......... 21%  530K 23s
[46.932s]   3400K .......... .......... .......... .......... .......... 22%  138K 23s
[47.145s]   3450K .......... .......... .......... .......... .......... 22%  235K 24s
[47.535s]   3500K .......... .......... .......... .......... .......... 22%  128K 25s
[47.830s]   3550K .......... .......... .......... .......... .......... 23%  170K 25s
[47.981s]   3600K .......... .......... .......... .......... .......... 23%  330K 25s
[48.071s]   3650K .......... .......... .......... .......... .......... 23%  552K 25s
[48.972s]   3700K .......... .......... .......... .......... .......... 23% 55.6K 27s
[49.265s]   3750K .......... .......... .......... .......... .......... 24%  170K 28s
[49.569s]   3800K .......... .......... .......... .......... .......... 24%  165K 28s
[49.627s]   3850K .......... .......... .......... .......... .......... 24%  859K 28s
[49.879s]   3900K .......... .......... .......... .......... .......... 25%  198K 28s
[50.039s]   3950K .......... .......... .......... .......... .......... 25%  312K 28s
[50.166s]   4000K .......... .......... .......... .......... .......... 25%  394K 28s
[50.322s]   4050K .......... .......... .......... .......... .......... 26%  322K 28s
[50.703s]   4100K .......... .......... .......... .......... .......... 26%  131K 29s
[50.905s]   4150K .......... .......... .......... .......... .......... 26%  247K 29s
[51.016s]   4200K .......... .......... .......... .......... .......... 27%  450K 29s
[51.099s]   4250K .......... .......... .......... .......... .......... 27%  605K 28s
[51.218s]   4300K .......... .......... .......... .......... .......... 27%  420K 28s
[51.297s]   4350K .......... .......... .......... .......... .......... 28%  632K 28s
[51.791s]   4400K .......... .......... .......... .......... .......... 28%  101K 29s
[51.985s]   4450K .......... .......... .......... .......... .......... 28%  257K 29s
[52.135s]   4500K .......... .......... .......... .......... .......... 29%  334K 29s
[52.207s]   4550K .......... .......... .......... .......... .......... 29%  691K 29s
[52.300s]   4600K .......... .......... .......... .......... .......... 29%  539K 28s
[52.386s]   4650K .......... .......... .......... .......... .......... 30%  580K 28s
[52.681s]   4700K .......... .......... .......... .......... .......... 30%  170K 28s
[52.768s]   4750K .......... .......... .......... .......... .......... 30%  574K 28s
[52.890s]   4800K .......... .......... .......... .......... .......... 31%  409K 28s
[53.036s]   4850K .......... .......... .......... .......... .......... 31%  343K 28s
[53.119s]   4900K .......... .......... .......... .......... .......... 31%  605K 28s
[53.307s]   4950K .......... .......... .......... .......... .......... 31%  265K 28s
[53.424s]   5000K .......... .......... .......... .......... .......... 32%  428K 27s
[53.659s]   5050K .......... .......... .......... .......... .......... 32%  213K 28s
[53.877s]   5100K .......... .......... .......... .......... .......... 32%  229K 28s
[54.633s]   5150K .......... .......... .......... .......... .......... 33% 66.2K 29s
[54.800s]   5200K .......... .......... .......... .......... .......... 33%  299K 29s
[55.134s]   5250K .......... .......... .......... .......... .......... 33%  150K 29s
[55.440s]   5300K .......... .......... .......... .......... .......... 34%  163K 29s
[55.641s]   5350K .......... .......... .......... .......... .......... 34%  250K 29s
[56.009s]   5400K .......... .......... .......... .......... .......... 34%  136K 29s
[56.481s]   5450K .......... .......... .......... .......... .......... 35%  106K 30s
[56.851s]   5500K .......... .......... .......... .......... .......... 35%  135K 30s
[57.159s]   5550K .......... .......... .......... .......... .......... 35%  162K 30s
[57.521s]   5600K .......... .......... .......... .......... .......... 36%  138K 30s
[57.841s]   5650K .......... .......... .......... .......... .......... 36%  156K 31s
[58.044s]   5700K .......... .......... .......... .......... .......... 36%  246K 30s
[58.217s]   5750K .......... .......... .......... .......... .......... 37%  288K 30s
[58.424s]   5800K .......... .......... .......... .......... .......... 37%  242K 30s
[58.659s]   5850K .......... .......... .......... .......... .......... 37%  212K 30s
[58.725s]   5900K .......... .......... .......... .......... .......... 38%  760K 30s
[58.936s]   5950K .......... .......... .......... .......... .......... 38%  236K 30s
[59.117s]   6000K .......... .......... .......... .......... .......... 38%  278K 30s
[59.508s]   6050K .......... .......... .......... .......... .......... 39%  128K 30s
[59.727s]   6100K .......... .......... .......... .......... .......... 39%  227K 30s
[60.041s]   6150K .......... .......... .......... .......... .......... 39%  160K 30s
[60.533s]   6200K .......... .......... .......... .......... .......... 39%  101K 30s
[60.996s]   6250K .......... .......... .......... .......... .......... 40%  108K 31s
[61.280s]   6300K .......... .......... .......... .......... .......... 40%  176K 31s
[61.722s]   6350K .......... .......... .......... .......... .......... 40%  113K 31s
[62.024s]   6400K .......... .......... .......... .......... .......... 41%  166K 31s
[62.350s]   6450K .......... .......... .......... .......... .......... 41%  153K 31s
[62.624s]   6500K .......... .......... .......... .......... .......... 41%  183K 31s
[63.026s]   6550K .......... .......... .......... .......... .......... 42%  124K 31s
[63.212s]   6600K .......... .......... .......... .......... .......... 42%  269K 31s
[64.446s]   6650K .......... .......... .......... .......... .......... 42% 40.5K 32s
[64.792s]   6700K .......... .......... .......... .......... .......... 43%  144K 32s
[65.600s]   6750K .......... .......... .......... .......... .......... 43% 61.9K 33s
[65.864s]   6800K .......... .......... .......... .......... .......... 43%  189K 33s
[66.409s]   6850K .......... .......... .......... .......... .......... 44% 91.7K 33s
[67.189s]   6900K .......... .......... .......... .......... .......... 44% 64.2K 34s
[68.362s]   6950K .......... .......... .......... .......... .......... 44% 42.6K 35s
[69.066s]   7000K .......... .......... .......... .......... .......... 45% 71.0K 35s
[69.388s]   7050K .......... .......... .......... .......... .......... 45%  155K 35s
[69.783s]   7100K .......... .......... .......... .......... .......... 45%  127K 35s
[70.200s]   7150K .......... .......... .......... .......... .......... 46%  120K 35s
[70.540s]   7200K .......... .......... .......... .......... .......... 46%  148K 35s
[70.903s]   7250K .......... .......... .......... .......... .......... 46%  138K 35s
[71.270s]   7300K .......... .......... .......... .......... .......... 47%  136K 35s
[71.395s]   7350K .......... .......... .......... .......... .......... 47%  399K 35s
[71.648s]   7400K .......... .......... .......... .......... .......... 47%  198K 34s
[72.187s]   7450K .......... .......... .......... .......... .......... 47% 92.7K 35s
[72.376s]   7500K .......... .......... .......... .......... .......... 48%  264K 34s
[72.568s]   7550K .......... .......... .......... .......... .......... 48%  260K 34s
[72.813s]   7600K .......... .......... .......... .......... .......... 48%  205K 34s
[73.048s]   7650K .......... .......... .......... .......... .......... 49%  213K 34s
[73.239s]   7700K .......... .......... .......... .......... .......... 49%  261K 33s
[73.785s]   7750K .......... .......... .......... .......... .......... 49% 91.6K 34s
[74.302s]   7800K .......... .......... .......... .......... .......... 50% 96.7K 34s
[74.546s]   7850K .......... .......... .......... .......... .......... 50%  205K 33s
[75.775s]   7900K .......... .......... .......... .......... .......... 50% 40.7K 34s
[76.366s]   7950K .......... .......... .......... .......... .......... 51% 84.5K 34s
[76.741s]   8000K .......... .......... .......... .......... .......... 51%  133K 34s
[77.098s]   8050K .......... .......... .......... .......... .......... 51%  141K 34s
[77.317s]   8100K .......... .......... .......... .......... .......... 52%  225K 34s
[77.479s]   8150K .......... .......... .......... .......... .......... 52%  309K 34s
[77.715s]   8200K .......... .......... .......... .......... .......... 52%  212K 33s
[77.957s]   8250K .......... .......... .......... .......... .......... 53%  207K 33s
[78.087s]   8300K .......... .......... .......... .......... .......... 53%  383K 33s
[78.468s]   8350K .......... .......... .......... .......... .......... 53%  131K 33s
[78.688s]   8400K .......... .......... .......... .......... .......... 54%  228K 33s
[78.997s]   8450K .......... .......... .......... .......... .......... 54%  162K 32s
[79.212s]   8500K .......... .......... .......... .......... .......... 54%  233K 32s
[79.439s]   8550K .......... .......... .......... .......... .......... 55%  220K 32s
[79.680s]   8600K .......... .......... .......... .......... .......... 55%  208K 32s
[80.027s]   8650K .......... .......... .......... .......... .......... 55%  144K 32s
[80.209s]   8700K .......... .......... .......... .......... .......... 55%  276K 31s
[80.359s]   8750K .......... .......... .......... .......... .......... 56%  333K 31s
[80.584s]   8800K .......... .......... .......... .......... .......... 56%  222K 31s
[80.898s]   8850K .......... .......... .......... .......... .......... 56%  159K 31s
[81.581s]   8900K .......... .......... .......... .......... .......... 57% 73.2K 31s
[81.931s]   8950K .......... .......... .......... .......... .......... 57%  143K 31s
[84.424s]   9000K .......... .......... .......... .......... .......... 57% 20.1K 32s
[84.936s]   9050K .......... .......... .......... .......... .......... 58% 97.7K 32s
[85.230s]   9100K .......... .......... .......... .......... .......... 58%  170K 32s
[86.059s]   9150K .......... .......... .......... .......... .......... 58% 60.3K 32s
[86.384s]   9200K .......... .......... .......... .......... .......... 59%  154K 32s
[86.750s]   9250K .......... .......... .......... .......... .......... 59%  137K 32s
[87.011s]   9300K .......... .......... .......... .......... .......... 59%  192K 31s
[87.376s]   9350K .......... .......... .......... .......... .......... 60%  137K 31s
[87.672s]   9400K .......... .......... .......... .......... .......... 60%  169K 31s
[87.973s]   9450K .......... .......... .......... .......... .......... 60%  167K 31s
[88.202s]   9500K .......... .......... .......... .......... .......... 61%  218K 30s
[88.820s]   9550K .......... .......... .......... .......... .......... 61% 80.7K 30s
[89.338s]   9600K .......... .......... .......... .......... .......... 61% 96.6K 30s
[89.864s]   9650K .......... .......... .......... .......... .......... 62% 95.1K 30s
[90.124s]   9700K .......... .......... .......... .......... .......... 62%  192K 30s
[90.167s]   9750K .......... .......... .......... .......... .......... 62% 1.14M 30s
[90.533s]   9800K .......... .......... .......... .......... .......... 63%  137K 29s
[91.261s]   9850K .......... .......... .......... .......... .......... 63% 68.7K 29s
[91.618s]   9900K .......... .......... .......... .......... .......... 63%  140K 29s
[91.834s]   9950K .......... .......... .......... .......... .......... 63%  231K 29s
[92.064s]  10000K .......... .......... .......... .......... .......... 64%  217K 29s
[93.055s]  10050K .......... .......... .......... .......... .......... 64% 50.5K 29s
[93.277s]  10100K .......... .......... .......... .......... .......... 64%  225K 29s
[93.614s]  10150K .......... .......... .......... .......... .......... 65%  148K 28s
[94.033s]  10200K .......... .......... .......... .......... .......... 65%  119K 28s
[94.330s]  10250K .......... .......... .......... .......... .......... 65%  168K 28s
[94.793s]  10300K .......... .......... .......... .......... .......... 66%  108K 28s
[95.543s]  10350K .......... .......... .......... .......... .......... 66% 66.7K 28s
[96.165s]  10400K .......... .......... .......... .......... .......... 66% 80.4K 28s
[97.309s]  10450K .......... .......... .......... .......... .......... 67% 43.7K 28s
[97.579s]  10500K .......... .......... .......... .......... .......... 67%  185K 28s
[97.820s]  10550K .......... .......... .......... .......... .......... 67%  208K 27s
[98.074s]  10600K .......... .......... .......... .......... .......... 68%  197K 27s
[98.464s]  10650K .......... .......... .......... .......... .......... 68%  128K 27s
[98.671s]  10700K .......... .......... .......... .......... .......... 68%  241K 26s
[98.825s]  10750K .......... .......... .......... .......... .......... 69%  325K 26s
[99.031s]  10800K .......... .......... .......... .......... .......... 69%  243K 26s
[99.207s]  10850K .......... .......... .......... .......... .......... 69%  283K 26s
[99.399s]  10900K .......... .......... .......... .......... .......... 70%  261K 25s
[99.517s]  10950K .......... .......... .......... .......... .......... 70%  423K 25s
[99.636s]  11000K .......... .......... .......... .......... .......... 70%  419K 25s
[99.720s]  11050K .......... .......... .......... .......... .......... 71%  594K 24s
[99.833s]  11100K .......... .......... .......... .......... .......... 71%  448K 24s
[99.948s]  11150K .......... .......... .......... .......... .......... 71%  432K 24s
[100.030s]  11200K .......... .......... .......... .......... .......... 71%  616K 23s
[100.187s]  11250K .......... .......... .......... .......... .......... 72%  316K 23s
[100.315s]  11300K .......... .......... .......... .......... .......... 72%  391K 23s
[100.472s]  11350K .......... .......... .......... .......... .......... 72%  320K 22s
[100.547s]  11400K .......... .......... .......... .......... .......... 73%  665K 22s
[100.649s]  11450K .......... .......... .......... .......... .......... 73%  489K 22s
[101.155s]  11500K .......... .......... .......... .......... .......... 73% 98.9K 21s
[101.246s]  11550K .......... .......... .......... .......... .......... 74%  551K 21s
[101.456s]  11600K .......... .......... .......... .......... .......... 74%  238K 21s
[101.908s]  11650K .......... .......... .......... .......... .......... 74%  111K 21s
[102.034s]  11700K .......... .......... .......... .......... .......... 75%  399K 20s
[102.295s]  11750K .......... .......... .......... .......... .......... 75%  192K 20s
[102.469s]  11800K .......... .......... .......... .......... .......... 75%  287K 20s
[102.657s]  11850K .......... .......... .......... .......... .......... 76%  266K 20s
[102.868s]  11900K .......... .......... .......... .......... .......... 76%  238K 19s
[102.968s]  11950K .......... .......... .......... .......... .......... 76%  499K 19s
[103.188s]  12000K .......... .......... .......... .......... .......... 77%  227K 19s
[103.407s]  12050K .......... .......... .......... .......... .......... 77%  229K 18s
[103.540s]  12100K .......... .......... .......... .......... .......... 77%  377K 18s
[103.687s]  12150K .......... .......... .......... .......... .......... 78%  337K 18s
[103.869s]  12200K .......... .......... .......... .......... .......... 78%  275K 18s
[103.998s]  12250K .......... .......... .......... .......... .......... 78%  388K 17s
[104.075s]  12300K .......... .......... .......... .......... .......... 79%  648K 17s
[104.186s]  12350K .......... .......... .......... .......... .......... 79%  452K 17s
[104.256s]  12400K .......... .......... .......... .......... .......... 79%  717K 16s
[104.436s]  12450K .......... .......... .......... .......... .......... 79%  278K 16s
[104.566s]  12500K .......... .......... .......... .......... .......... 80%  382K 16s
[104.693s]  12550K .......... .......... .......... .......... .......... 80%  396K 15s
[104.825s]  12600K .......... .......... .......... .......... .......... 80%  380K 15s
[104.931s]  12650K .......... .......... .......... .......... .......... 81%  469K 15s
[105.058s]  12700K .......... .......... .......... .......... .......... 81%  393K 15s
[105.136s]  12750K .......... .......... .......... .......... .......... 81%  635K 14s
[105.215s]  12800K .......... .......... .......... .......... .......... 82%  633K 14s
[105.311s]  12850K .......... .......... .......... .......... .......... 82%  520K 14s
[105.424s]  12900K .......... .......... .......... .......... .......... 82%  445K 13s
[105.660s]  12950K .......... .......... .......... .......... .......... 83%  212K 13s
[105.660s]  13000K .......... .......... .......... .......... .......... 83%  103M 13s
[105.977s]  13050K .......... .......... .......... .......... .......... 83%  158K 13s
[106.137s]  13100K .......... .......... .......... .......... .......... 84%  312K 12s
[106.325s]  13150K .......... .......... .......... .......... .......... 84%  266K 12s
[106.453s]  13200K .......... .......... .......... .......... .......... 84%  390K 12s
[106.646s]  13250K .......... .......... .......... .......... .......... 85%  260K 12s
[106.839s]  13300K .......... .......... .......... .......... .......... 85%  259K 11s
[106.957s]  13350K .......... .......... .......... .......... .......... 85%  423K 11s
[107.050s]  13400K .......... .......... .......... .......... .......... 86%  540K 11s
[107.241s]  13450K .......... .......... .......... .......... .......... 86%  262K 11s
[107.439s]  13500K .......... .......... .......... .......... .......... 86%  252K 10s
[107.686s]  13550K .......... .......... .......... .......... .......... 87%  202K 10s
[107.696s]  13600K .......... .......... .......... .......... .......... 87% 5.04M 10s
[107.912s]  13650K .......... .......... .......... .......... .......... 87%  231K 10s
[108.050s]  13700K .......... .......... .......... .......... .......... 87%  365K 9s
[108.275s]  13750K .......... .......... .......... .......... .......... 88%  222K 9s
[108.349s]  13800K .......... .......... .......... .......... .......... 88%  680K 9s
[108.551s]  13850K .......... .......... .......... .......... .......... 88%  247K 8s
[108.890s]  13900K .......... .......... .......... .......... .......... 89%  147K 8s
[109.450s]  13950K .......... .......... .......... .......... .......... 89% 89.4K 8s
[109.643s]  14000K .......... .......... .......... .......... .......... 89%  259K 8s
[109.962s]  14050K .......... .......... .......... .......... .......... 90%  157K 8s
[110.172s]  14100K .......... .......... .......... .......... .......... 90%  238K 7s
[110.277s]  14150K .......... .......... .......... .......... .......... 90%  477K 7s
[110.934s]  14200K .......... .......... .......... .......... .......... 91% 76.2K 7s
[111.162s]  14250K .......... .......... .......... .......... .......... 91%  221K 7s
[111.495s]  14300K .......... .......... .......... .......... .......... 91%  149K 6s
[111.701s]  14350K .......... .......... .......... .......... .......... 92%  243K 6s
[111.902s]  14400K .......... .......... .......... .......... .......... 92%  248K 6s
[112.219s]  14450K .......... .......... .......... .......... .......... 92%  158K 6s
[112.501s]  14500K .......... .......... .......... .......... .......... 93%  177K 5s
[112.794s]  14550K .......... .......... .......... .......... .......... 93%  171K 5s
[112.956s]  14600K .......... .......... .......... .......... .......... 93%  308K 5s
[113.164s]  14650K .......... .......... .......... .......... .......... 94%  240K 5s
[113.369s]  14700K .......... .......... .......... .......... .......... 94%  244K 4s
[113.569s]  14750K .......... .......... .......... .......... .......... 94%  250K 4s
[113.816s]  14800K .......... .......... .......... .......... .......... 95%  203K 4s
[114.107s]  14850K .......... .......... .......... .......... .......... 95%  171K 4s
[114.530s]  14900K .......... .......... .......... .......... .......... 95%  118K 3s
[114.790s]  14950K .......... .......... .......... .......... .......... 95%  193K 3s
[115.171s]  15000K .......... .......... .......... .......... .......... 96%  131K 3s
[115.795s]  15050K .......... .......... .......... .......... .......... 96% 80.1K 3s
[116.469s]  15100K .......... .......... .......... .......... .......... 96% 74.1K 2s
[116.870s]  15150K .......... .......... .......... .......... .......... 97%  125K 2s
[117.184s]  15200K .......... .......... .......... .......... .......... 97%  159K 2s
[117.577s]  15250K .......... .......... .......... .......... .......... 97%  127K 2s
[117.918s]  15300K .......... .......... .......... .......... .......... 98%  147K 1s
[118.374s]  15350K .......... .......... .......... .......... .......... 98%  110K 1s
[119.127s]  15400K .......... .......... .......... .......... .......... 98% 66.3K 1s
[119.593s]  15450K .......... .......... .......... .......... .......... 99%  108K 1s
[119.945s]  15500K .......... .......... .......... .......... .......... 99%  142K 0s
[120.374s]  15550K .......... .......... .......... .......... .......... 99%  117K 0s
[120.465s]  15600K .......... .......... .....                           100%  275K=80s
[120.465s] 
[120.465s] 2025-05-04 19:24:17 (195 KB/s) - ‘/home/mariem/multi_robot_ws/build/multirobot_map_merge/2011-08-09-12-22-52.pgm’ saved [16000058/16000058]
[120.465s] 
[120.466s] Checking MD5 sum of /home/mariem/multi_robot_ws/build/multirobot_map_merge/2011-08-09-12-22-52.pgm
[120.487s] /home/mariem/multi_robot_ws/build/multirobot_map_merge/2011-08-09-12-22-52.pgm: OK
[120.491s] --2025-05-04 19:24:17--  https://raw.githubusercontent.com/hrnr/m-explore-extra/master/map_merge/gmapping_maps/2012-01-28-11-12-01.pgm
[121.409s] Resolving raw.githubusercontent.com (raw.githubusercontent.com)... 2606:50c0:8001::154, 2606:50c0:8000::154, 2606:50c0:8003::154, ...
[121.618s] Connecting to raw.githubusercontent.com (raw.githubusercontent.com)|2606:50c0:8001::154|:443... connected.
[122.517s] HTTP request sent, awaiting response... 200 OK
[122.517s] Length: 16000058 (15M) [application/octet-stream]
[122.517s] Saving to: ‘/home/mariem/multi_robot_ws/build/multirobot_map_merge/2012-01-28-11-12-01.pgm’
[122.517s] 
[122.591s]      0K .......... .......... .......... .......... ..........  0%  668K 23s
[122.775s]     50K .......... .......... .......... .......... ..........  0%  272K 40s
[122.777s]    100K .......... .......... .......... .......... ..........  0% 29.8M 27s
[122.847s]    150K .......... .......... .......... .......... ..........  1%  717K 25s
[122.971s]    200K .......... .......... .......... .......... ..........  1%  402K 28s
[122.971s]    250K .......... .......... .......... .......... ..........  1%  566M 23s
[123.311s]    300K .......... .......... .......... .......... ..........  2%  147K 35s
[123.312s]    350K .......... .......... .......... .......... ..........  2%  511M 30s
[123.312s]    400K .......... .......... .......... .......... ..........  2%  563M 27s
[123.349s]    450K .......... .......... .......... .......... ..........  3% 1.30M 25s
[123.877s]    500K .......... .......... .......... .......... ..........  3% 94.8K 37s
[123.877s]    550K .......... .......... .......... .......... ..........  3%  380M 34s
[123.877s]    600K .......... .......... .......... .......... ..........  4%  649M 31s
[124.107s]    650K .......... .......... .......... .......... ..........  4%  218K 34s
[124.362s]    700K .......... .......... .......... .......... ..........  4%  196K 37s
[124.559s]    750K .......... .......... .......... .......... ..........  5%  253K 38s
[124.560s]    800K .......... .......... .......... .......... ..........  5% 78.2M 36s
[124.744s]    850K .......... .......... .......... .......... ..........  5%  271K 36s
[124.773s]    900K .......... .......... .......... .......... ..........  6% 1.69M 35s
[124.899s]    950K .......... .......... .......... .......... ..........  6%  397K 35s
[125.164s]   1000K .......... .......... .......... .......... ..........  6%  188K 37s
[125.856s]   1050K .......... .......... .......... .......... ..........  7% 72.4K 44s
[125.927s]   1100K .......... .......... .......... .......... ..........  7%  701K 43s
[126.091s]   1150K .......... .......... .......... .......... ..........  7%  305K 43s
[126.604s]   1200K .......... .......... .......... .......... ..........  7% 97.3K 47s
[126.605s]   1250K .......... .......... .......... .......... ..........  8%  638M 45s
[126.605s]   1300K .......... .......... .......... .......... ..........  8%  807M 43s
[127.080s]   1350K .......... .......... .......... .......... ..........  8%  105K 46s
[127.261s]   1400K .......... .......... .......... .......... ..........  9%  277K 46s
[127.596s]   1450K .......... .......... .......... .......... ..........  9%  149K 48s
[127.782s]   1500K .......... .......... .......... .......... ..........  9%  268K 48s
[127.934s]   1550K .......... .......... .......... .......... .......... 10%  329K 47s
[128.018s]   1600K .......... .......... .......... .......... .......... 10%  599K 47s
[128.136s]   1650K .......... .......... .......... .......... .......... 10%  423K 46s
[128.322s]   1700K .......... .......... .......... .......... .......... 11%  268K 46s
[128.405s]   1750K .......... .......... .......... .......... .......... 11%  602K 45s
[128.565s]   1800K .......... .......... .......... .......... .......... 11%  313K 45s
[128.730s]   1850K .......... .......... .......... .......... .......... 12%  302K 45s
[129.052s]   1900K .......... .......... .......... .......... .......... 12%  155K 46s
[129.295s]   1950K .......... .......... .......... .......... .......... 12%  206K 46s
[129.426s]   2000K .......... .......... .......... .......... .......... 13%  381K 46s
[129.647s]   2050K .......... .......... .......... .......... .......... 13%  226K 46s
[129.866s]   2100K .......... .......... .......... .......... .......... 13%  229K 46s
[130.496s]   2150K .......... .......... .......... .......... .......... 14% 79.3K 49s
[130.899s]   2200K .......... .......... .......... .......... .......... 14%  124K 50s
[131.145s]   2250K .......... .......... .......... .......... .......... 14%  204K 50s
[131.561s]   2300K .......... .......... .......... .......... .......... 15%  120K 51s
[131.905s]   2350K .......... .......... .......... .......... .......... 15%  146K 52s
[132.292s]   2400K .......... .......... .......... .......... .......... 15%  129K 53s
[132.690s]   2450K .......... .......... .......... .......... .......... 15%  126K 53s
[133.005s]   2500K .......... .......... .......... .......... .......... 16%  159K 54s
[133.244s]   2550K .......... .......... .......... .......... .......... 16%  208K 54s
[133.384s]   2600K .......... .......... .......... .......... .......... 16%  358K 53s
[133.517s]   2650K .......... .......... .......... .......... .......... 17%  376K 53s
[133.673s]   2700K .......... .......... .......... .......... .......... 17%  319K 52s
[133.867s]   2750K .......... .......... .......... .......... .......... 17%  258K 52s
[134.139s]   2800K .......... .......... .......... .......... .......... 18%  184K 52s
[134.403s]   2850K .......... .......... .......... .......... .......... 18%  190K 52s
[134.646s]   2900K .......... .......... .......... .......... .......... 18%  206K 52s
[134.862s]   2950K .......... .......... .......... .......... .......... 19%  232K 52s
[135.120s]   3000K .......... .......... .......... .......... .......... 19%  194K 52s
[135.371s]   3050K .......... .......... .......... .......... .......... 19%  199K 52s
[135.728s]   3100K .......... .......... .......... .......... .......... 20%  140K 52s
[135.869s]   3150K .......... .......... .......... .......... .......... 20%  354K 52s
[136.145s]   3200K .......... .......... .......... .......... .......... 20%  181K 52s
[136.849s]   3250K .......... .......... .......... .......... .......... 21% 71.0K 54s
[137.147s]   3300K .......... .......... .......... .......... .......... 21%  168K 54s
[137.758s]   3350K .......... .......... .......... .......... .......... 21% 81.9K 55s
[137.967s]   3400K .......... .......... .......... .......... .......... 22%  240K 55s
[138.482s]   3450K .......... .......... .......... .......... .......... 22% 97.0K 55s
[138.761s]   3500K .......... .......... .......... .......... .......... 22%  179K 55s
[138.864s]   3550K .......... .......... .......... .......... .......... 23%  484K 55s
[139.119s]   3600K .......... .......... .......... .......... .......... 23%  197K 54s
[139.274s]   3650K .......... .......... .......... .......... .......... 23%  321K 54s
[139.395s]   3700K .......... .......... .......... .......... .......... 23%  415K 53s
[139.620s]   3750K .......... .......... .......... .......... .......... 24%  222K 53s
[139.784s]   3800K .......... .......... .......... .......... .......... 24%  306K 53s
[140.089s]   3850K .......... .......... .......... .......... .......... 24%  164K 53s
[140.243s]   3900K .......... .......... .......... .......... .......... 25%  324K 52s
[140.433s]   3950K .......... .......... .......... .......... .......... 25%  263K 52s
[140.592s]   4000K .......... .......... .......... .......... .......... 25%  316K 52s
[140.749s]   4050K .......... .......... .......... .......... .......... 26%  316K 51s
[140.904s]   4100K .......... .......... .......... .......... .......... 26%  323K 51s
[141.135s]   4150K .......... .......... .......... .......... .......... 26%  217K 51s
[141.279s]   4200K .......... .......... .......... .......... .......... 27%  345K 50s
[141.425s]   4250K .......... .......... .......... .......... .......... 27%  342K 50s
[141.651s]   4300K .......... .......... .......... .......... .......... 27%  222K 50s
[141.736s]   4350K .......... .......... .......... .......... .......... 28%  586K 49s
[142.179s]   4400K .......... .......... .......... .......... .......... 28%  113K 49s
[142.279s]   4450K .......... .......... .......... .......... .......... 28%  502K 49s
[142.545s]   4500K .......... .......... .......... .......... .......... 29%  187K 49s
[142.818s]   4550K .......... .......... .......... .......... .......... 29%  184K 49s
[142.939s]   4600K .......... .......... .......... .......... .......... 29%  413K 48s
[143.022s]   4650K .......... .......... .......... .......... .......... 30%  598K 48s
[143.337s]   4700K .......... .......... .......... .......... .......... 30%  159K 48s
[143.478s]   4750K .......... .......... .......... .......... .......... 30%  356K 47s
[143.649s]   4800K .......... .......... .......... .......... .......... 31%  292K 47s
[143.755s]   4850K .......... .......... .......... .......... .......... 31%  467K 46s
[144.074s]   4900K .......... .......... .......... .......... .......... 31%  157K 46s
[144.295s]   4950K .......... .......... .......... .......... .......... 31%  226K 46s
[144.849s]   5000K .......... .......... .......... .......... .......... 32% 90.3K 47s
[145.068s]   5050K .......... .......... .......... .......... .......... 32%  228K 47s
[145.158s]   5100K .......... .......... .......... .......... .......... 32%  555K 46s
[145.287s]   5150K .......... .......... .......... .......... .......... 33%  389K 46s
[145.460s]   5200K .......... .......... .......... .......... .......... 33%  289K 45s
[145.548s]   5250K .......... .......... .......... .......... .......... 33%  566K 45s
[145.668s]   5300K .......... .......... .......... .......... .......... 34%  417K 44s
[145.834s]   5350K .......... .......... .......... .......... .......... 34%  301K 44s
[145.909s]   5400K .......... .......... .......... .......... .......... 34%  670K 44s
[146.036s]   5450K .......... .......... .......... .......... .......... 35%  392K 43s
[146.123s]   5500K .......... .......... .......... .......... .......... 35%  581K 43s
[146.222s]   5550K .......... .......... .......... .......... .......... 35%  504K 42s
[146.349s]   5600K .......... .......... .......... .......... .......... 36%  393K 42s
[146.426s]   5650K .......... .......... .......... .......... .......... 36%  650K 42s
[146.579s]   5700K .......... .......... .......... .......... .......... 36%  326K 41s
[146.688s]   5750K .......... .......... .......... .......... .......... 37%  460K 41s
[146.836s]   5800K .......... .......... .......... .......... .......... 37%  340K 41s
[147.151s]   5850K .......... .......... .......... .......... .......... 37%  159K 41s
[147.792s]   5900K .......... .......... .......... .......... .......... 38% 78.0K 41s
[148.023s]   5950K .......... .......... .......... .......... .......... 38%  217K 41s
[148.385s]   6000K .......... .......... .......... .......... .......... 38%  138K 41s
[148.804s]   6050K .......... .......... .......... .......... .......... 39%  119K 41s
[149.039s]   6100K .......... .......... .......... .......... .......... 39%  213K 41s
[149.299s]   6150K .......... .......... .......... .......... .......... 39%  192K 41s
[149.452s]   6200K .......... .......... .......... .......... .......... 39%  328K 40s
[149.600s]   6250K .......... .......... .......... .......... .......... 40%  337K 40s
[149.680s]   6300K .......... .......... .......... .......... .......... 40%  625K 40s
[149.841s]   6350K .......... .......... .......... .......... .......... 40%  309K 39s
[150.295s]   6400K .......... .......... .......... .......... .......... 41%  110K 40s
[150.393s]   6450K .......... .......... .......... .......... .......... 41%  513K 39s
[150.750s]   6500K .......... .......... .......... .......... .......... 41%  140K 39s
[151.050s]   6550K .......... .......... .......... .......... .......... 42%  166K 39s
[151.132s]   6600K .......... .......... .......... .......... .......... 42%  612K 39s
[151.364s]   6650K .......... .......... .......... .......... .......... 42%  215K 38s
[151.880s]   6700K .......... .......... .......... .......... .......... 43% 96.9K 39s
[151.945s]   6750K .......... .......... .......... .......... .......... 43%  763K 38s
[152.259s]   6800K .......... .......... .......... .......... .......... 43%  160K 38s
[152.559s]   6850K .......... .......... .......... .......... .......... 44%  167K 38s
[152.710s]   6900K .......... .......... .......... .......... .......... 44%  330K 38s
[152.944s]   6950K .......... .......... .......... .......... .......... 44%  214K 37s
[153.387s]   7000K .......... .......... .......... .......... .......... 45%  113K 38s
[153.612s]   7050K .......... .......... .......... .......... .......... 45%  222K 37s
[153.855s]   7100K .......... .......... .......... .......... .......... 45%  206K 37s
[154.110s]   7150K .......... .......... .......... .......... .......... 46%  196K 37s
[154.266s]   7200K .......... .......... .......... .......... .......... 46%  320K 37s
[154.404s]   7250K .......... .......... .......... .......... .......... 46%  362K 36s
[154.567s]   7300K .......... .......... .......... .......... .......... 47%  307K 36s
[154.708s]   7350K .......... .......... .......... .......... .......... 47%  355K 36s
[155.005s]   7400K .......... .......... .......... .......... .......... 47%  168K 36s
[155.006s]   7450K .......... .......... .......... .......... .......... 47% 40.2M 35s
[155.272s]   7500K .......... .......... .......... .......... .......... 48%  188K 35s
[155.350s]   7550K .......... .......... .......... .......... .......... 48%  645K 35s
[155.504s]   7600K .......... .......... .......... .......... .......... 48%  325K 34s
[155.749s]   7650K .......... .......... .......... .......... .......... 49%  203K 34s
[155.890s]   7700K .......... .......... .......... .......... .......... 49%  355K 34s
[156.196s]   7750K .......... .......... .......... .......... .......... 49%  163K 34s
[156.804s]   7800K .......... .......... .......... .......... .......... 50% 82.3K 34s
[157.046s]   7850K .......... .......... .......... .......... .......... 50%  206K 34s
[157.252s]   7900K .......... .......... .......... .......... .......... 50%  242K 34s
[157.396s]   7950K .......... .......... .......... .......... .......... 51%  348K 33s
[157.662s]   8000K .......... .......... .......... .......... .......... 51%  188K 33s
[157.800s]   8050K .......... .......... .......... .......... .......... 51%  363K 33s
[157.970s]   8100K .......... .......... .......... .......... .......... 52%  294K 33s
[158.474s]   8150K .......... .......... .......... .......... .......... 52% 99.3K 33s
[158.692s]   8200K .......... .......... .......... .......... .......... 52%  229K 32s
[158.930s]   8250K .......... .......... .......... .......... .......... 53%  210K 32s
[159.140s]   8300K .......... .......... .......... .......... .......... 53%  237K 32s
[159.440s]   8350K .......... .......... .......... .......... .......... 53%  167K 32s
[159.652s]   8400K .......... .......... .......... .......... .......... 54%  237K 32s
[159.774s]   8450K .......... .......... .......... .......... .......... 54%  408K 31s
[159.979s]   8500K .......... .......... .......... .......... .......... 54%  243K 31s
[160.160s]   8550K .......... .......... .......... .......... .......... 55%  278K 31s
[160.307s]   8600K .......... .......... .......... .......... .......... 55%  339K 30s
[160.429s]   8650K .......... .......... .......... .......... .......... 55%  410K 30s
[160.580s]   8700K .......... .......... .......... .......... .......... 55%  332K 30s
[160.742s]   8750K .......... .......... .......... .......... .......... 56%  308K 30s
[160.885s]   8800K .......... .......... .......... .......... .......... 56%  349K 29s
[161.042s]   8850K .......... .......... .......... .......... .......... 56%  318K 29s
[161.137s]   8900K .......... .......... .......... .......... .......... 57%  532K 29s
[161.257s]   8950K .......... .......... .......... .......... .......... 57%  415K 29s
[161.361s]   9000K .......... .......... .......... .......... .......... 57%  479K 28s
[161.498s]   9050K .......... .......... .......... .......... .......... 58%  366K 28s
[161.645s]   9100K .......... .......... .......... .......... .......... 58%  342K 28s
[161.728s]   9150K .......... .......... .......... .......... .......... 58%  599K 27s
[161.848s]   9200K .......... .......... .......... .......... .......... 59%  415K 27s
[161.936s]   9250K .......... .......... .......... .......... .......... 59%  566K 27s
[162.046s]   9300K .......... .......... .......... .......... .......... 59%  458K 27s
[162.274s]   9350K .......... .......... .......... .......... .......... 60%  219K 26s
[162.345s]   9400K .......... .......... .......... .......... .......... 60%  698K 26s
[162.417s]   9450K .......... .......... .......... .......... .......... 60%  699K 26s
[162.506s]   9500K .......... .......... .......... .......... .......... 61%  562K 25s
[162.584s]   9550K .......... .......... .......... .......... .......... 61%  637K 25s
[162.658s]   9600K .......... .......... .......... .......... .......... 61%  683K 25s
[162.769s]   9650K .......... .......... .......... .......... .......... 62%  451K 25s
[162.853s]   9700K .......... .......... .......... .......... .......... 62%  595K 24s
[162.932s]   9750K .......... .......... .......... .......... .......... 62%  635K 24s
[162.991s]   9800K .......... .......... .......... .......... .......... 63%  847K 24s
[163.071s]   9850K .......... .......... .......... .......... .......... 63%  627K 23s
[163.626s]   9900K .......... .......... .......... .......... .......... 63% 89.9K 23s
[163.636s]   9950K .......... .......... .......... .......... .......... 63% 4.93M 23s
[163.758s]  10000K .......... .......... .......... .......... .......... 64%  412K 23s
[163.867s]  10050K .......... .......... .......... .......... .......... 64%  456K 23s
[163.994s]  10100K .......... .......... .......... .......... .......... 64%  396K 22s
[164.107s]  10150K .......... .......... .......... .......... .......... 65%  441K 22s
[164.321s]  10200K .......... .......... .......... .......... .......... 65%  234K 22s
[164.465s]  10250K .......... .......... .......... .......... .......... 65%  347K 22s
[164.551s]  10300K .......... .......... .......... .......... .......... 66%  579K 21s
[164.613s]  10350K .......... .......... .......... .......... .......... 66%  818K 21s
[164.680s]  10400K .......... .......... .......... .......... .......... 66%  740K 21s
[164.750s]  10450K .......... .......... .......... .......... .......... 67%  719K 21s
[164.804s]  10500K .......... .......... .......... .......... .......... 67%  918K 20s
[164.875s]  10550K .......... .......... .......... .......... .......... 67%  705K 20s
[164.942s]  10600K .......... .......... .......... .......... .......... 68%  748K 20s
[165.002s]  10650K .......... .......... .......... .......... .......... 68%  826K 20s
[165.120s]  10700K .......... .......... .......... .......... .......... 68%  424K 19s
[165.201s]  10750K .......... .......... .......... .......... .......... 69%  619K 19s
[165.283s]  10800K .......... .......... .......... .......... .......... 69%  603K 19s
[165.357s]  10850K .......... .......... .......... .......... .......... 69%  684K 19s
[165.404s]  10900K .......... .......... .......... .......... .......... 70% 1.03M 18s
[165.526s]  10950K .......... .......... .......... .......... .......... 70%  409K 18s
[165.589s]  11000K .......... .......... .......... .......... .......... 70%  790K 18s
[165.645s]  11050K .......... .......... .......... .......... .......... 71%  910K 18s
[165.778s]  11100K .......... .......... .......... .......... .......... 71%  375K 17s
[165.871s]  11150K .......... .......... .......... .......... .......... 71%  538K 17s
[165.985s]  11200K .......... .......... .......... .......... .......... 71%  438K 17s
[166.080s]  11250K .......... .......... .......... .......... .......... 72%  525K 17s
[166.150s]  11300K .......... .......... .......... .......... .......... 72%  716K 16s
[166.228s]  11350K .......... .......... .......... .......... .......... 72%  642K 16s
[166.302s]  11400K .......... .......... .......... .......... .......... 73%  682K 16s
[166.369s]  11450K .......... .......... .......... .......... .......... 73%  736K 16s
[166.429s]  11500K .......... .......... .......... .......... .......... 73%  836K 15s
[166.489s]  11550K .......... .......... .......... .......... .......... 74%  830K 15s
[166.565s]  11600K .......... .......... .......... .......... .......... 74%  658K 15s
[166.654s]  11650K .......... .......... .......... .......... .......... 74%  559K 15s
[166.727s]  11700K .......... .......... .......... .......... .......... 75%  690K 15s
[166.785s]  11750K .......... .......... .......... .......... .......... 75%  854K 14s
[166.853s]  11800K .......... .......... .......... .......... .......... 75%  741K 14s
[166.876s]  11850K .......... .......... .......... .......... .......... 76% 2.05M 14s
[166.955s]  11900K .......... .......... .......... .......... .......... 76%  637K 14s
[167.051s]  11950K .......... .......... .......... .......... .......... 76%  534K 13s
[167.052s]  12000K .......... .......... .......... .......... .......... 77%  676M 13s
[167.125s]  12050K .......... .......... .......... .......... .......... 77%  651K 13s
[167.482s]  12100K .......... .......... .......... .......... .......... 77%  140K 13s
[167.482s]  12150K .......... .......... .......... .......... .......... 78%  337M 13s
[167.545s]  12200K .......... .......... .......... .......... .......... 78%  797K 12s
[167.647s]  12250K .......... .......... .......... .......... .......... 78%  492K 12s
[167.711s]  12300K .......... .......... .......... .......... .......... 79%  773K 12s
[167.804s]  12350K .......... .......... .......... .......... .......... 79%  538K 12s
[167.933s]  12400K .......... .......... .......... .......... .......... 79%  389K 12s
[168.001s]  12450K .......... .......... .......... .......... .......... 79%  736K 11s
[168.031s]  12500K .......... .......... .......... .......... .......... 80% 1.60M 11s
[168.131s]  12550K .......... .......... .......... .......... .......... 80%  496K 11s
[168.254s]  12600K .......... .......... .......... .......... .......... 80%  409K 11s
[168.308s]  12650K .......... .......... .......... .......... .......... 81%  927K 11s
[168.383s]  12700K .......... .......... .......... .......... .......... 81%  667K 10s
[168.404s]  12750K .......... .......... .......... .......... .......... 81% 2.25M 10s
[168.461s]  12800K .......... .......... .......... .......... .......... 82%  880K 10s
[168.517s]  12850K .......... .......... .......... .......... .......... 82%  893K 10s
[168.610s]  12900K .......... .......... .......... .......... .......... 82%  535K 10s
[168.774s]  12950K .......... .......... .......... .......... .......... 83%  306K 9s
[168.862s]  13000K .......... .......... .......... .......... .......... 83%  570K 9s
[168.900s]  13050K .......... .......... .......... .......... .......... 83% 1.29M 9s
[169.049s]  13100K .......... .......... .......... .......... .......... 84%  335K 9s
[169.147s]  13150K .......... .......... .......... .......... .......... 84%  507K 9s
[169.176s]  13200K .......... .......... .......... .......... .......... 84% 1.71M 8s
[169.241s]  13250K .......... .......... .......... .......... .......... 85%  764K 8s
[169.297s]  13300K .......... .......... .......... .......... .......... 85%  905K 8s
[169.400s]  13350K .......... .......... .......... .......... .......... 85%  485K 8s
[169.474s]  13400K .......... .......... .......... .......... .......... 86%  671K 8s
[169.525s]  13450K .......... .......... .......... .......... .......... 86%  985K 7s
[169.605s]  13500K .......... .......... .......... .......... .......... 86%  622K 7s
[169.617s]  13550K .......... .......... .......... .......... .......... 87% 4.15M 7s
[169.751s]  13600K .......... .......... .......... .......... .......... 87%  373K 7s
[169.785s]  13650K .......... .......... .......... .......... .......... 87% 1.43M 7s
[169.853s]  13700K .......... .......... .......... .......... .......... 87%  737K 6s
[169.913s]  13750K .......... .......... .......... .......... .......... 88%  833K 6s
[169.971s]  13800K .......... .......... .......... .......... .......... 88%  862K 6s
[170.063s]  13850K .......... .......... .......... .......... .......... 88%  546K 6s
[170.067s]  13900K .......... .......... .......... .......... .......... 89% 11.8M 6s
[170.152s]  13950K .......... .......... .......... .......... .......... 89%  588K 6s
[170.200s]  14000K .......... .......... .......... .......... .......... 89% 1.01M 5s
[170.293s]  14050K .......... .......... .......... .......... .......... 90%  542K 5s
[170.355s]  14100K .......... .......... .......... .......... .......... 90%  801K 5s
[170.422s]  14150K .......... .......... .......... .......... .......... 90%  755K 5s
[170.512s]  14200K .......... .......... .......... .......... .......... 91%  553K 5s
[170.797s]  14250K .......... .......... .......... .......... .......... 91%  175K 4s
[170.863s]  14300K .......... .......... .......... .......... .......... 91%  759K 4s
[170.941s]  14350K .......... .......... .......... .......... .......... 92%  640K 4s
[171.022s]  14400K .......... .......... .......... .......... .......... 92%  619K 4s
[171.086s]  14450K .......... .......... .......... .......... .......... 92%  783K 4s
[171.111s]  14500K .......... .......... .......... .......... .......... 93% 1.91M 4s
[171.184s]  14550K .......... .......... .......... .......... .......... 93%  685K 3s
[171.461s]  14600K .......... .......... .......... .......... .......... 93%  180K 3s
[171.488s]  14650K .......... .......... .......... .......... .......... 94% 1.85M 3s
[171.564s]  14700K .......... .......... .......... .......... .......... 94%  651K 3s
[171.688s]  14750K .......... .......... .......... .......... .......... 94%  407K 3s
[171.754s]  14800K .......... .......... .......... .......... .......... 95%  755K 3s
[171.792s]  14850K .......... .......... .......... .......... .......... 95% 1.27M 2s
[171.842s]  14900K .......... .......... .......... .......... .......... 95% 1010K 2s
[172.007s]  14950K .......... .......... .......... .......... .......... 95%  302K 2s
[172.008s]  15000K .......... .......... .......... .......... .......... 96%  441M 2s
[172.145s]  15050K .......... .......... .......... .......... .......... 96%  364K 2s
[172.217s]  15100K .......... .......... .......... .......... .......... 96%  697K 2s
[172.237s]  15150K .......... .......... .......... .......... .......... 97% 2.47M 1s
[172.299s]  15200K .......... .......... .......... .......... .......... 97%  800K 1s
[172.706s]  15250K .......... .......... .......... .......... .......... 97%  123K 1s
[172.778s]  15300K .......... .......... .......... .......... .......... 98%  688K 1s
[173.151s]  15350K .......... .......... .......... .......... .......... 98%  134K 1s
[173.287s]  15400K .......... .......... .......... .......... .......... 98%  368K 1s
[173.687s]  15450K .......... .......... .......... .......... .......... 99%  125K 0s
[173.687s]  15500K .......... .......... .......... .......... .......... 99% 98.6M 0s
[173.877s]  15550K .......... .......... .......... .......... .......... 99%  263K 0s
[173.878s]  15600K .......... .......... .....                           100%  106M=51s
[173.878s] 
[173.878s] 2025-05-04 19:25:10 (304 KB/s) - ‘/home/mariem/multi_robot_ws/build/multirobot_map_merge/2012-01-28-11-12-01.pgm’ saved [16000058/16000058]
[173.878s] 
[173.881s] Checking MD5 sum of /home/mariem/multi_robot_ws/build/multirobot_map_merge/2012-01-28-11-12-01.pgm
[173.922s] /home/mariem/multi_robot_ws/build/multirobot_map_merge/2012-01-28-11-12-01.pgm: OK
[173.924s] -- Found gtest sources under '/opt/ros/humble/src/gtest_vendor': C++ tests using 'Google Test' will be built
[173.930s] -- Added test 'cppcheck' to perform static code analysis on C / C++ code
[173.930s] -- Configured cppcheck include dirs: /home/mariem/multi_robot_ws/src/multirobot_map_merge/include;$<BUILD_INTERFACE:/home/mariem/multi_robot_ws/src/multirobot_map_merge/include>
[173.930s] -- Configured cppcheck exclude dirs and/or files: 
[173.931s] -- Added test 'flake8' to check Python code syntax and style conventions
[173.931s] -- Added test 'lint_cmake' to check CMake code style
[173.932s] -- Added test 'pep257' to check Python code against some of the docstring style conventions in PEP 257
[173.933s] -- Added test 'uncrustify' to check C / C++ code style
[173.933s] -- Configured uncrustify additional arguments: 
[173.933s] -- Added test 'xmllint' to check XML markup files
[173.934s] -- Configuring done
[173.977s] -- Generating done
[173.985s] -- Build files have been written to: /home/mariem/multi_robot_ws/build/multirobot_map_merge
[173.993s] Invoked command in '/home/mariem/multi_robot_ws/build/multirobot_map_merge' returned '0': CMAKE_PREFIX_PATH=${CMAKE_PREFIX_PATH}:/home/mariem/my_ros2_ws/install/my_turtlebot_gazebo:/home/mariem/multi_robot_ws/install/merge_map:/opt/ros/humble /usr/bin/cmake /home/mariem/multi_robot_ws/src/multirobot_map_merge -DCMAKE_INSTALL_PREFIX=/home/mariem/multi_robot_ws/install/multirobot_map_merge
[173.995s] Invoking command in '/home/mariem/multi_robot_ws/build/multirobot_map_merge': CMAKE_PREFIX_PATH=${CMAKE_PREFIX_PATH}:/home/mariem/my_ros2_ws/install/my_turtlebot_gazebo:/home/mariem/multi_robot_ws/install/merge_map:/opt/ros/humble /usr/bin/cmake --build /home/mariem/multi_robot_ws/build/multirobot_map_merge -- -j16 -l16
[174.025s] [ 16%] [32mBuilding CXX object CMakeFiles/combine_grids.dir/src/combine_grids/merging_pipeline.cpp.o[0m
[174.025s] [ 25%] [32mBuilding CXX object CMakeFiles/combine_grids.dir/src/combine_grids/grid_warper.cpp.o[0m
[174.025s] [ 25%] [32mBuilding CXX object gtest/CMakeFiles/gtest.dir/src/gtest-all.cc.o[0m
[174.025s] [ 41%] [32mBuilding CXX object gtest/CMakeFiles/gtest_main.dir/src/gtest_main.cc.o[0m
[174.026s] [ 41%] [32mBuilding CXX object CMakeFiles/combine_grids.dir/src/combine_grids/grid_compositor.cpp.o[0m
[174.770s] [ 50%] [32m[1mLinking CXX static library libgtest_main.a[0m
[174.797s] [ 50%] Built target gtest_main
[176.603s] [ 58%] [32m[1mLinking CXX static library libgtest.a[0m
[176.642s] [ 58%] Built target gtest
[177.023s] [ 66%] [32m[1mLinking CXX static library libcombine_grids.a[0m
[177.047s] [ 66%] Built target combine_grids
[177.064s] [ 75%] [32mBuilding CXX object CMakeFiles/map_merge.dir/src/map_merge.cpp.o[0m
[177.064s] [ 83%] [32mBuilding CXX object CMakeFiles/test_merging_pipeline.dir/test/test_merging_pipeline.cpp.o[0m
[177.233s] In file included from [01m[K/home/mariem/multi_robot_ws/src/multirobot_map_merge/test/testing_helpers.h:7[m[K,
[177.233s]                  from [01m[K/home/mariem/multi_robot_ws/src/multirobot_map_merge/test/test_merging_pipeline.cpp:42[m[K:
[177.233s] [01m[K/opt/ros/humble/include/tf2_geometry_msgs/tf2_geometry_msgs/tf2_geometry_msgs.h:35:2:[m[K [01;35m[Kwarning: [m[K#warning This header is obsolete, please include tf2_geometry_msgs/tf2_geometry_msgs.hpp instead [[01;35m[K]8;;https://gcc.gnu.org/onlinedocs/gcc/Warning-Options.html#index-Wcpp-Wcpp]8;;[m[K]
[177.233s]    35 | #[01;35m[Kwarning[m[K This header is obsolete, please include tf2_geometry_msgs/tf2_geometry_msgs.hpp instead
[177.233s]       |  [01;35m[K^~~~~~~[m[K
[177.916s] In file included from [01m[K/home/mariem/multi_robot_ws/src/multirobot_map_merge/src/map_merge.cpp:44[m[K:
[177.916s] [01m[K/opt/ros/humble/include/tf2_geometry_msgs/tf2_geometry_msgs/tf2_geometry_msgs.h:35:2:[m[K [01;35m[Kwarning: [m[K#warning This header is obsolete, please include tf2_geometry_msgs/tf2_geometry_msgs.hpp instead [[01;35m[K]8;;https://gcc.gnu.org/onlinedocs/gcc/Warning-Options.html#index-Wcpp-Wcpp]8;;[m[K]
[177.916s]    35 | #[01;35m[Kwarning[m[K This header is obsolete, please include tf2_geometry_msgs/tf2_geometry_msgs.hpp instead
[177.916s]       |  [01;35m[K^~~~~~~[m[K
[180.792s] [ 91%] [32m[1mLinking CXX executable test_merging_pipeline[0m
[181.311s] [ 91%] Built target test_merging_pipeline
[187.470s] [100%] [32m[1mLinking CXX executable map_merge[0m
[188.348s] [100%] Built target map_merge
[188.356s] Invoked command in '/home/mariem/multi_robot_ws/build/multirobot_map_merge' returned '0': CMAKE_PREFIX_PATH=${CMAKE_PREFIX_PATH}:/home/mariem/my_ros2_ws/install/my_turtlebot_gazebo:/home/mariem/multi_robot_ws/install/merge_map:/opt/ros/humble /usr/bin/cmake --build /home/mariem/multi_robot_ws/build/multirobot_map_merge -- -j16 -l16
[188.358s] Invoking command in '/home/mariem/multi_robot_ws/build/multirobot_map_merge': CMAKE_PREFIX_PATH=${CMAKE_PREFIX_PATH}:/home/mariem/my_ros2_ws/install/my_turtlebot_gazebo:/home/mariem/multi_robot_ws/install/merge_map:/opt/ros/humble /usr/bin/cmake --install /home/mariem/multi_robot_ws/build/multirobot_map_merge
[188.362s] -- Install configuration: ""
[188.362s] -- Installing: /home/mariem/multi_robot_ws/install/multirobot_map_merge/include/map_merge/
[188.362s] -- Installing: /home/mariem/multi_robot_ws/install/multirobot_map_merge/include/map_merge//map_merge.h
[188.362s] -- Installing: /home/mariem/multi_robot_ws/install/multirobot_map_merge/include/map_merge//ros1_names.hpp
[188.362s] -- Installing: /home/mariem/multi_robot_ws/install/multirobot_map_merge/share/multirobot_map_merge/launch
[188.362s] -- Installing: /home/mariem/multi_robot_ws/install/multirobot_map_merge/share/multirobot_map_merge/launch/tb3_simulation
[188.362s] -- Installing: /home/mariem/multi_robot_ws/install/multirobot_map_merge/share/multirobot_map_merge/launch/tb3_simulation/bringup_launch.py
[188.362s] -- Installing: /home/mariem/multi_robot_ws/install/multirobot_map_merge/share/multirobot_map_merge/launch/tb3_simulation/slam_toolbox.py
[188.363s] -- Installing: /home/mariem/multi_robot_ws/install/multirobot_map_merge/share/multirobot_map_merge/launch/tb3_simulation/worlds
[188.363s] -- Installing: /home/mariem/multi_robot_ws/install/multirobot_map_merge/share/multirobot_map_merge/launch/tb3_simulation/worlds/world_only.model
[188.363s] -- Installing: /home/mariem/multi_robot_ws/install/multirobot_map_merge/share/multirobot_map_merge/launch/tb3_simulation/multi_tb3_simulation_launch.py
[188.363s] -- Installing: /home/mariem/multi_robot_ws/install/multirobot_map_merge/share/multirobot_map_merge/launch/tb3_simulation/config
[188.363s] -- Installing: /home/mariem/multi_robot_ws/install/multirobot_map_merge/share/multirobot_map_merge/launch/tb3_simulation/config/nav2_multirobot_params_2.yaml
[188.363s] -- Installing: /home/mariem/multi_robot_ws/install/multirobot_map_merge/share/multirobot_map_merge/launch/tb3_simulation/config/nav2_multirobot_params_1.yaml
[188.363s] -- Installing: /home/mariem/multi_robot_ws/install/multirobot_map_merge/share/multirobot_map_merge/launch/tb3_simulation/tb3_simulation_launch.py
[188.363s] -- Installing: /home/mariem/multi_robot_ws/install/multirobot_map_merge/lib/libcombine_grids.a
[188.364s] -- Installing: /home/mariem/multi_robot_ws/install/multirobot_map_merge/lib/multirobot_map_merge/map_merge
[188.367s] -- Set runtime path of "/home/mariem/multi_robot_ws/install/multirobot_map_merge/lib/multirobot_map_merge/map_merge" to ""
[188.367s] -- Installing: /home/mariem/multi_robot_ws/install/multirobot_map_merge/share/multirobot_map_merge/environment/library_path.sh
[188.367s] -- Installing: /home/mariem/multi_robot_ws/install/multirobot_map_merge/share/multirobot_map_merge/environment/library_path.dsv
[188.367s] -- Installing: /home/mariem/multi_robot_ws/install/multirobot_map_merge/share/ament_index/resource_index/package_run_dependencies/multirobot_map_merge
[188.367s] -- Installing: /home/mariem/multi_robot_ws/install/multirobot_map_merge/share/ament_index/resource_index/parent_prefix_path/multirobot_map_merge
[188.367s] -- Installing: /home/mariem/multi_robot_ws/install/multirobot_map_merge/share/multirobot_map_merge/environment/ament_prefix_path.sh
[188.367s] -- Installing: /home/mariem/multi_robot_ws/install/multirobot_map_merge/share/multirobot_map_merge/environment/ament_prefix_path.dsv
[188.367s] -- Installing: /home/mariem/multi_robot_ws/install/multirobot_map_merge/share/multirobot_map_merge/environment/path.sh
[188.367s] -- Installing: /home/mariem/multi_robot_ws/install/multirobot_map_merge/share/multirobot_map_merge/environment/path.dsv
[188.367s] -- Installing: /home/mariem/multi_robot_ws/install/multirobot_map_merge/share/multirobot_map_merge/local_setup.bash
[188.368s] -- Installing: /home/mariem/multi_robot_ws/install/multirobot_map_merge/share/multirobot_map_merge/local_setup.sh
[188.368s] -- Installing: /home/mariem/multi_robot_ws/install/multirobot_map_merge/share/multirobot_map_merge/local_setup.zsh
[188.368s] -- Installing: /home/mariem/multi_robot_ws/install/multirobot_map_merge/share/multirobot_map_merge/local_setup.dsv
[188.368s] -- Installing: /home/mariem/multi_robot_ws/install/multirobot_map_merge/share/multirobot_map_merge/package.dsv
[188.368s] -- Installing: /home/mariem/multi_robot_ws/install/multirobot_map_merge/share/ament_index/resource_index/packages/multirobot_map_merge
[188.368s] -- Installing: /home/mariem/multi_robot_ws/install/multirobot_map_merge/share/multirobot_map_merge/cmake/ament_cmake_export_include_directories-extras.cmake
[188.368s] -- Installing: /home/mariem/multi_robot_ws/install/multirobot_map_merge/share/multirobot_map_merge/cmake/ament_cmake_export_libraries-extras.cmake
[188.368s] -- Installing: /home/mariem/multi_robot_ws/install/multirobot_map_merge/share/multirobot_map_merge/cmake/multirobot_map_mergeConfig.cmake
[188.368s] -- Installing: /home/mariem/multi_robot_ws/install/multirobot_map_merge/share/multirobot_map_merge/cmake/multirobot_map_mergeConfig-version.cmake
[188.368s] -- Installing: /home/mariem/multi_robot_ws/install/multirobot_map_merge/share/multirobot_map_merge/package.xml
[188.370s] Invoked command in '/home/mariem/multi_robot_ws/build/multirobot_map_merge' returned '0': CMAKE_PREFIX_PATH=${CMAKE_PREFIX_PATH}:/home/mariem/my_ros2_ws/install/my_turtlebot_gazebo:/home/mariem/multi_robot_ws/install/merge_map:/opt/ros/humble /usr/bin/cmake --install /home/mariem/multi_robot_ws/build/multirobot_map_merge
