[0.728s] Invoking command in '/home/mariem/multi_robot_ws/src/merge_map': PYTHONPATH=/home/mariem/multi_robot_ws/build/merge_map/prefix_override:/usr/lib/python3/dist-packages/colcon_core/task/python/colcon_distutils_commands:/home/mariem/multi_robot_ws/install/merge_map/lib/python3.10/site-packages:${PYTHONPATH} /usr/bin/python3 -W ignore:setup.py install is deprecated -W ignore:easy_install command is deprecated setup.py egg_info --egg-base ../../build/merge_map build --build-base /home/mariem/multi_robot_ws/build/merge_map/build install --record /home/mariem/multi_robot_ws/build/merge_map/install.log --single-version-externally-managed install_data
[1.038s] running egg_info
[1.038s] writing ../../build/merge_map/merge_map.egg-info/PKG-INFO
[1.039s] writing dependency_links to ../../build/merge_map/merge_map.egg-info/dependency_links.txt
[1.039s] writing entry points to ../../build/merge_map/merge_map.egg-info/entry_points.txt
[1.039s] writing requirements to ../../build/merge_map/merge_map.egg-info/requires.txt
[1.039s] writing top-level names to ../../build/merge_map/merge_map.egg-info/top_level.txt
[1.041s] reading manifest file '../../build/merge_map/merge_map.egg-info/SOURCES.txt'
[1.042s] writing manifest file '../../build/merge_map/merge_map.egg-info/SOURCES.txt'
[1.043s] running build
[1.043s] running build_py
[1.043s] running install
[1.043s] running install_lib
[1.045s] running install_data
[1.045s] running install_egg_info
[1.048s] removing '/home/mariem/multi_robot_ws/install/merge_map/lib/python3.10/site-packages/merge_map-0.0.0-py3.10.egg-info' (and everything under it)
[1.048s] Copying ../../build/merge_map/merge_map.egg-info to /home/mariem/multi_robot_ws/install/merge_map/lib/python3.10/site-packages/merge_map-0.0.0-py3.10.egg-info
[1.049s] running install_scripts
[1.075s] Installing merge_map script to /home/mariem/multi_robot_ws/install/merge_map/lib/merge_map
[1.075s] writing list of installed files to '/home/mariem/multi_robot_ws/build/merge_map/install.log'
[1.102s] Invoked command in '/home/mariem/multi_robot_ws/src/merge_map' returned '0': PYTHONPATH=/home/mariem/multi_robot_ws/build/merge_map/prefix_override:/usr/lib/python3/dist-packages/colcon_core/task/python/colcon_distutils_commands:/home/mariem/multi_robot_ws/install/merge_map/lib/python3.10/site-packages:${PYTHONPATH} /usr/bin/python3 -W ignore:setup.py install is deprecated -W ignore:easy_install command is deprecated setup.py egg_info --egg-base ../../build/merge_map build --build-base /home/mariem/multi_robot_ws/build/merge_map/build install --record /home/mariem/multi_robot_ws/build/merge_map/install.log --single-version-externally-managed install_data
