[0.019s] Invoking command in '/home/mariem/multi_robot_ws/build/explore_lite': CMAKE_PREFIX_PATH=${CMAKE_PREFIX_PATH}:/home/mariem/multi_robot_ws/install/merge_map:/home/mariem/my_ros2_ws/install/my_turtlebot_gazebo:/opt/ros/humble /usr/bin/cmake /home/mariem/multi_robot_ws/src/explore -DCMAKE_INSTALL_PREFIX=/home/mariem/multi_robot_ws/install/explore_lite
[0.204s] -- BuilD for ROS2: humble
[0.204s] -- Found ament_cmake: 1.3.11 (/opt/ros/humble/share/ament_cmake/cmake)
[0.204s] -- Override CMake install command with custom implementation using symlinks instead of copying resources
[0.204s] -- Found rclcpp: 16.0.11 (/opt/ros/humble/share/rclcpp/cmake)
[0.204s] -- Found rosidl_generator_c: 3.1.6 (/opt/ros/humble/share/rosidl_generator_c/cmake)
[0.204s] -- Found rosidl_adapter: 3.1.6 (/opt/ros/humble/share/rosidl_adapter/cmake)
[0.207s] -- Found rosidl_generator_cpp: 3.1.6 (/opt/ros/humble/share/rosidl_generator_cpp/cmake)
[0.218s] -- Using all available rosidl_typesupport_c: rosidl_typesupport_fastrtps_c;rosidl_typesupport_introspection_c
[0.232s] -- Using all available rosidl_typesupport_cpp: rosidl_typesupport_fastrtps_cpp;rosidl_typesupport_introspection_cpp
[0.265s] -- Found rmw_implementation_cmake: 6.1.2 (/opt/ros/humble/share/rmw_implementation_cmake/cmake)
[0.267s] -- Found rmw_fastrtps_cpp: 6.2.7 (/opt/ros/humble/share/rmw_fastrtps_cpp/cmake)
[0.360s] -- Using RMW implementation 'rmw_fastrtps_cpp' as default
[0.412s] -- Found sensor_msgs: 4.2.4 (/opt/ros/humble/share/sensor_msgs/cmake)
[0.440s] -- Found tf2_ros: 0.25.12 (/opt/ros/humble/share/tf2_ros/cmake)
[0.525s] -- Found tf2_geometry_msgs: 0.25.12 (/opt/ros/humble/share/tf2_geometry_msgs/cmake)
[0.534s] -- Found eigen3_cmake_module: 0.1.1 (/opt/ros/humble/share/eigen3_cmake_module/cmake)
[0.536s] -- Ensuring Eigen3 include directory is part of orocos-kdl CMake target
[0.538s] -- Found nav2_msgs: 1.1.18 (/opt/ros/humble/share/nav2_msgs/cmake)
[0.575s] -- Found map_msgs: 2.1.0 (/opt/ros/humble/share/map_msgs/cmake)
[0.591s] -- Found visualization_msgs: 4.2.4 (/opt/ros/humble/share/visualization_msgs/cmake)
[0.609s] -- Found nav2_costmap_2d: 1.1.18 (/opt/ros/humble/share/nav2_costmap_2d/cmake)
[0.715s] -- Found ament_lint_auto: 0.12.11 (/opt/ros/humble/share/ament_lint_auto/cmake)
[0.771s] -- Found ament_cmake_gtest: 1.3.11 (/opt/ros/humble/share/ament_cmake_gtest/cmake)
[0.771s] -- Found gtest sources under '/opt/ros/humble/src/gtest_vendor': C++ tests using 'Google Test' will be built
[0.791s] -- Added test 'cppcheck' to perform static code analysis on C / C++ code
[0.792s] -- Configured cppcheck include dirs: /home/mariem/multi_robot_ws/src/explore/include;$<BUILD_INTERFACE:/home/mariem/multi_robot_ws/src/explore/include>
[0.792s] -- Configured cppcheck exclude dirs and/or files: 
[0.792s] -- Added test 'flake8' to check Python code syntax and style conventions
[0.793s] -- Added test 'lint_cmake' to check CMake code style
[0.793s] -- Added test 'pep257' to check Python code against some of the docstring style conventions in PEP 257
[0.795s] -- Added test 'uncrustify' to check C / C++ code style
[0.795s] -- Configured uncrustify additional arguments: 
[0.795s] -- Added test 'xmllint' to check XML markup files
[0.799s] -- Configuring done
[0.929s] -- Generating done
[0.941s] -- Build files have been written to: /home/mariem/multi_robot_ws/build/explore_lite
[0.950s] Invoked command in '/home/mariem/multi_robot_ws/build/explore_lite' returned '0': CMAKE_PREFIX_PATH=${CMAKE_PREFIX_PATH}:/home/mariem/multi_robot_ws/install/merge_map:/home/mariem/my_ros2_ws/install/my_turtlebot_gazebo:/opt/ros/humble /usr/bin/cmake /home/mariem/multi_robot_ws/src/explore -DCMAKE_INSTALL_PREFIX=/home/mariem/multi_robot_ws/install/explore_lite
[0.952s] Invoking command in '/home/mariem/multi_robot_ws/build/explore_lite': CMAKE_PREFIX_PATH=${CMAKE_PREFIX_PATH}:/home/mariem/multi_robot_ws/install/merge_map:/home/mariem/my_ros2_ws/install/my_turtlebot_gazebo:/opt/ros/humble /usr/bin/cmake --build /home/mariem/multi_robot_ws/build/explore_lite -- -j16 -l16
[0.988s] [35m[1mConsolidate compiler generated dependencies of target gtest_main[0m
[0.988s] [35m[1mConsolidate compiler generated dependencies of target gtest[0m
[0.992s] [35m[1mConsolidate compiler generated dependencies of target explore[0m
[1.000s] [ 20%] Built target gtest_main
[1.000s] [ 40%] Built target gtest
[1.011s] [35m[1mConsolidate compiler generated dependencies of target test_explore[0m
[1.024s] [ 60%] Built target test_explore
[1.030s] [100%] Built target explore
[1.040s] Invoked command in '/home/mariem/multi_robot_ws/build/explore_lite' returned '0': CMAKE_PREFIX_PATH=${CMAKE_PREFIX_PATH}:/home/mariem/multi_robot_ws/install/merge_map:/home/mariem/my_ros2_ws/install/my_turtlebot_gazebo:/opt/ros/humble /usr/bin/cmake --build /home/mariem/multi_robot_ws/build/explore_lite -- -j16 -l16
[1.047s] Invoking command in '/home/mariem/multi_robot_ws/build/explore_lite': CMAKE_PREFIX_PATH=${CMAKE_PREFIX_PATH}:/home/mariem/multi_robot_ws/install/merge_map:/home/mariem/my_ros2_ws/install/my_turtlebot_gazebo:/opt/ros/humble /usr/bin/cmake --install /home/mariem/multi_robot_ws/build/explore_lite
[1.053s] -- Install configuration: ""
[1.053s] -- Execute custom install script
[1.054s] -- Up-to-date symlink: /home/mariem/multi_robot_ws/install/explore_lite/include/explore//costmap_client.h
[1.054s] -- Up-to-date symlink: /home/mariem/multi_robot_ws/install/explore_lite/include/explore//costmap_tools.h
[1.055s] -- Up-to-date symlink: /home/mariem/multi_robot_ws/install/explore_lite/include/explore//explore.h
[1.055s] -- Up-to-date symlink: /home/mariem/multi_robot_ws/install/explore_lite/include/explore//frontier_search.h
[1.055s] -- Up-to-date symlink: /home/mariem/multi_robot_ws/install/explore_lite/share/explore_lite/config/params.yaml
[1.055s] -- Up-to-date symlink: /home/mariem/multi_robot_ws/install/explore_lite/share/explore_lite/config/params_costmap.yaml
[1.056s] -- Up-to-date symlink: /home/mariem/multi_robot_ws/install/explore_lite/share/explore_lite/config/robot1_explore_params.yaml
[1.056s] -- Up-to-date symlink: /home/mariem/multi_robot_ws/install/explore_lite/share/explore_lite/launch/explore.launch.py
[1.056s] -- Up-to-date symlink: /home/mariem/multi_robot_ws/install/explore_lite/share/explore_lite/launch/robot1_explore.launch.py
[1.057s] -- Up-to-date symlink: /home/mariem/multi_robot_ws/install/explore_lite/share/explore_lite/launch/robot2_explore.launch.py
[1.057s] -- Up-to-date symlink: /home/mariem/multi_robot_ws/install/explore_lite/lib/explore_lite/explore
[1.057s] -- Up-to-date symlink: /home/mariem/multi_robot_ws/install/explore_lite/share/ament_index/resource_index/package_run_dependencies/explore_lite
[1.058s] -- Up-to-date symlink: /home/mariem/multi_robot_ws/install/explore_lite/share/ament_index/resource_index/parent_prefix_path/explore_lite
[1.058s] -- Up-to-date symlink: /home/mariem/multi_robot_ws/install/explore_lite/share/explore_lite/environment/ament_prefix_path.sh
[1.058s] -- Up-to-date symlink: /home/mariem/multi_robot_ws/install/explore_lite/share/explore_lite/environment/ament_prefix_path.dsv
[1.058s] -- Up-to-date symlink: /home/mariem/multi_robot_ws/install/explore_lite/share/explore_lite/environment/path.sh
[1.058s] -- Up-to-date symlink: /home/mariem/multi_robot_ws/install/explore_lite/share/explore_lite/environment/path.dsv
[1.059s] -- Up-to-date symlink: /home/mariem/multi_robot_ws/install/explore_lite/share/explore_lite/local_setup.bash
[1.059s] -- Up-to-date symlink: /home/mariem/multi_robot_ws/install/explore_lite/share/explore_lite/local_setup.sh
[1.059s] -- Up-to-date symlink: /home/mariem/multi_robot_ws/install/explore_lite/share/explore_lite/local_setup.zsh
[1.059s] -- Up-to-date symlink: /home/mariem/multi_robot_ws/install/explore_lite/share/explore_lite/local_setup.dsv
[1.059s] -- Symlinking: /home/mariem/multi_robot_ws/install/explore_lite/share/explore_lite/package.dsv
[1.067s] -- Up-to-date symlink: /home/mariem/multi_robot_ws/install/explore_lite/share/ament_index/resource_index/packages/explore_lite
[1.067s] -- Up-to-date symlink: /home/mariem/multi_robot_ws/install/explore_lite/share/explore_lite/cmake/ament_cmake_export_include_directories-extras.cmake
[1.067s] -- Up-to-date symlink: /home/mariem/multi_robot_ws/install/explore_lite/share/explore_lite/cmake/explore_liteConfig.cmake
[1.067s] -- Up-to-date symlink: /home/mariem/multi_robot_ws/install/explore_lite/share/explore_lite/cmake/explore_liteConfig-version.cmake
[1.067s] -- Up-to-date symlink: /home/mariem/multi_robot_ws/install/explore_lite/share/explore_lite/package.xml
[1.069s] Invoked command in '/home/mariem/multi_robot_ws/build/explore_lite' returned '0': CMAKE_PREFIX_PATH=${CMAKE_PREFIX_PATH}:/home/mariem/multi_robot_ws/install/merge_map:/home/mariem/my_ros2_ws/install/my_turtlebot_gazebo:/opt/ros/humble /usr/bin/cmake --install /home/mariem/multi_robot_ws/build/explore_lite
