[0.087s] DEBUG:colcon:Command line arguments: ['/usr/bin/colcon', 'build', '--symlink-install']
[0.087s] DEBUG:colcon:Parsed command line arguments: Namespace(log_base=None, log_level=None, verb_name='build', build_base='build', install_base='install', merge_install=False, symlink_install=True, test_result_base=None, continue_on_error=False, executor='parallel', parallel_workers=16, event_handlers=None, ignore_user_meta=False, metas=['./colcon.meta'], base_paths=['.'], packages_ignore=None, packages_ignore_regex=None, paths=None, packages_up_to=None, packages_up_to_regex=None, packages_above=None, packages_above_and_dependencies=None, packages_above_depth=None, packages_select_by_dep=None, packages_skip_by_dep=None, packages_skip_up_to=None, packages_select_build_failed=False, packages_skip_build_finished=False, packages_select_test_failures=False, packages_skip_test_passed=False, packages_select=None, packages_skip=None, packages_select_regex=None, packages_skip_regex=None, packages_start=None, packages_end=None, allow_overriding=[], cmake_args=None, cmake_target=None, cmake_target_skip_unavailable=False, cmake_clean_cache=False, cmake_clean_first=False, cmake_force_configure=False, ament_cmake_args=None, catkin_cmake_args=None, catkin_skip_building_tests=False, mixin_files=None, mixin=None, verb_parser=<colcon_mixin.mixin.mixin_argument.MixinArgumentDecorator object at 0x7f53e716a530>, verb_extension=<colcon_core.verb.build.BuildVerb object at 0x7f53e726aa70>, main=<bound method BuildVerb.main of <colcon_core.verb.build.BuildVerb object at 0x7f53e726aa70>>, mixin_verb=('build',))
[0.231s] Level 1:colcon.colcon_core.package_discovery:discover_packages(colcon_meta) check parameters
[0.231s] Level 1:colcon.colcon_core.package_discovery:discover_packages(recursive) check parameters
[0.231s] Level 1:colcon.colcon_core.package_discovery:discover_packages(ignore) check parameters
[0.231s] Level 1:colcon.colcon_core.package_discovery:discover_packages(path) check parameters
[0.231s] Level 1:colcon.colcon_core.package_discovery:discover_packages(colcon_meta) discover
[0.231s] Level 1:colcon.colcon_core.package_discovery:discover_packages(recursive) discover
[0.231s] INFO:colcon.colcon_core.package_discovery:Crawling recursively for packages in '/home/mariem/multi_robot_ws'
[0.231s] Level 1:colcon.colcon_core.package_identification:_identify(.) by extensions ['ignore', 'ignore_ament_install']
[0.231s] Level 1:colcon.colcon_core.package_identification:_identify(.) by extension 'ignore'
[0.231s] Level 1:colcon.colcon_core.package_identification:_identify(.) by extension 'ignore_ament_install'
[0.231s] Level 1:colcon.colcon_core.package_identification:_identify(.) by extensions ['colcon_pkg']
[0.231s] Level 1:colcon.colcon_core.package_identification:_identify(.) by extension 'colcon_pkg'
[0.231s] Level 1:colcon.colcon_core.package_identification:_identify(.) by extensions ['colcon_meta']
[0.231s] Level 1:colcon.colcon_core.package_identification:_identify(.) by extension 'colcon_meta'
[0.231s] Level 1:colcon.colcon_core.package_identification:_identify(.) by extensions ['ros']
[0.231s] Level 1:colcon.colcon_core.package_identification:_identify(.) by extension 'ros'
[0.241s] Level 1:colcon.colcon_core.package_identification:_identify(.) by extensions ['cmake', 'python']
[0.241s] Level 1:colcon.colcon_core.package_identification:_identify(.) by extension 'cmake'
[0.241s] Level 1:colcon.colcon_core.package_identification:_identify(.) by extension 'python'
[0.241s] Level 1:colcon.colcon_core.package_identification:_identify(.) by extensions ['python_setup_py']
[0.241s] Level 1:colcon.colcon_core.package_identification:_identify(.) by extension 'python_setup_py'
[0.241s] Level 1:colcon.colcon_core.package_identification:_identify(build) by extensions ['ignore', 'ignore_ament_install']
[0.241s] Level 1:colcon.colcon_core.package_identification:_identify(build) by extension 'ignore'
[0.241s] Level 1:colcon.colcon_core.package_identification:_identify(build) ignored
[0.241s] Level 1:colcon.colcon_core.package_identification:_identify(install) by extensions ['ignore', 'ignore_ament_install']
[0.241s] Level 1:colcon.colcon_core.package_identification:_identify(install) by extension 'ignore'
[0.241s] Level 1:colcon.colcon_core.package_identification:_identify(install) ignored
[0.241s] Level 1:colcon.colcon_core.package_identification:_identify(log) by extensions ['ignore', 'ignore_ament_install']
[0.241s] Level 1:colcon.colcon_core.package_identification:_identify(log) by extension 'ignore'
[0.241s] Level 1:colcon.colcon_core.package_identification:_identify(log) ignored
[0.242s] Level 1:colcon.colcon_core.package_identification:_identify(src) by extensions ['ignore', 'ignore_ament_install']
[0.242s] Level 1:colcon.colcon_core.package_identification:_identify(src) by extension 'ignore'
[0.242s] Level 1:colcon.colcon_core.package_identification:_identify(src) by extension 'ignore_ament_install'
[0.242s] Level 1:colcon.colcon_core.package_identification:_identify(src) by extensions ['colcon_pkg']
[0.242s] Level 1:colcon.colcon_core.package_identification:_identify(src) by extension 'colcon_pkg'
[0.242s] Level 1:colcon.colcon_core.package_identification:_identify(src) by extensions ['colcon_meta']
[0.242s] Level 1:colcon.colcon_core.package_identification:_identify(src) by extension 'colcon_meta'
[0.242s] Level 1:colcon.colcon_core.package_identification:_identify(src) by extensions ['ros']
[0.242s] Level 1:colcon.colcon_core.package_identification:_identify(src) by extension 'ros'
[0.242s] Level 1:colcon.colcon_core.package_identification:_identify(src) by extensions ['cmake', 'python']
[0.242s] Level 1:colcon.colcon_core.package_identification:_identify(src) by extension 'cmake'
[0.242s] Level 1:colcon.colcon_core.package_identification:_identify(src) by extension 'python'
[0.242s] Level 1:colcon.colcon_core.package_identification:_identify(src) by extensions ['python_setup_py']
[0.242s] Level 1:colcon.colcon_core.package_identification:_identify(src) by extension 'python_setup_py'
[0.242s] Level 1:colcon.colcon_core.package_identification:_identify(src/explore) by extensions ['ignore', 'ignore_ament_install']
[0.242s] Level 1:colcon.colcon_core.package_identification:_identify(src/explore) by extension 'ignore'
[0.242s] Level 1:colcon.colcon_core.package_identification:_identify(src/explore) by extension 'ignore_ament_install'
[0.242s] Level 1:colcon.colcon_core.package_identification:_identify(src/explore) by extensions ['colcon_pkg']
[0.242s] Level 1:colcon.colcon_core.package_identification:_identify(src/explore) by extension 'colcon_pkg'
[0.242s] Level 1:colcon.colcon_core.package_identification:_identify(src/explore) by extensions ['colcon_meta']
[0.242s] Level 1:colcon.colcon_core.package_identification:_identify(src/explore) by extension 'colcon_meta'
[0.242s] Level 1:colcon.colcon_core.package_identification:_identify(src/explore) by extensions ['ros']
[0.242s] Level 1:colcon.colcon_core.package_identification:_identify(src/explore) by extension 'ros'
[0.245s] DEBUG:colcon.colcon_core.package_identification:Package 'src/explore' with type 'ros.ament_cmake' and name 'explore_lite'
[0.245s] Level 1:colcon.colcon_core.package_identification:_identify(src/merge_map) by extensions ['ignore', 'ignore_ament_install']
[0.245s] Level 1:colcon.colcon_core.package_identification:_identify(src/merge_map) by extension 'ignore'
[0.245s] Level 1:colcon.colcon_core.package_identification:_identify(src/merge_map) by extension 'ignore_ament_install'
[0.245s] Level 1:colcon.colcon_core.package_identification:_identify(src/merge_map) by extensions ['colcon_pkg']
[0.245s] Level 1:colcon.colcon_core.package_identification:_identify(src/merge_map) by extension 'colcon_pkg'
[0.245s] Level 1:colcon.colcon_core.package_identification:_identify(src/merge_map) by extensions ['colcon_meta']
[0.246s] Level 1:colcon.colcon_core.package_identification:_identify(src/merge_map) by extension 'colcon_meta'
[0.246s] Level 1:colcon.colcon_core.package_identification:_identify(src/merge_map) by extensions ['ros']
[0.246s] Level 1:colcon.colcon_core.package_identification:_identify(src/merge_map) by extension 'ros'
[0.246s] DEBUG:colcon.colcon_core.package_identification:Package 'src/merge_map' with type 'ros.ament_python' and name 'merge_map'
[0.246s] Level 1:colcon.colcon_core.package_identification:_identify(src/models) by extensions ['ignore', 'ignore_ament_install']
[0.246s] Level 1:colcon.colcon_core.package_identification:_identify(src/models) by extension 'ignore'
[0.246s] Level 1:colcon.colcon_core.package_identification:_identify(src/models) by extension 'ignore_ament_install'
[0.246s] Level 1:colcon.colcon_core.package_identification:_identify(src/models) by extensions ['colcon_pkg']
[0.246s] Level 1:colcon.colcon_core.package_identification:_identify(src/models) by extension 'colcon_pkg'
[0.246s] Level 1:colcon.colcon_core.package_identification:_identify(src/models) by extensions ['colcon_meta']
[0.246s] Level 1:colcon.colcon_core.package_identification:_identify(src/models) by extension 'colcon_meta'
[0.246s] Level 1:colcon.colcon_core.package_identification:_identify(src/models) by extensions ['ros']
[0.246s] Level 1:colcon.colcon_core.package_identification:_identify(src/models) by extension 'ros'
[0.246s] Level 1:colcon.colcon_core.package_identification:_identify(src/models) by extensions ['cmake', 'python']
[0.247s] Level 1:colcon.colcon_core.package_identification:_identify(src/models) by extension 'cmake'
[0.247s] Level 1:colcon.colcon_core.package_identification:_identify(src/models) by extension 'python'
[0.247s] Level 1:colcon.colcon_core.package_identification:_identify(src/models) by extensions ['python_setup_py']
[0.247s] Level 1:colcon.colcon_core.package_identification:_identify(src/models) by extension 'python_setup_py'
[0.247s] Level 1:colcon.colcon_core.package_identification:_identify(src/models/turtlebot3_waffle_noisy) by extensions ['ignore', 'ignore_ament_install']
[0.247s] Level 1:colcon.colcon_core.package_identification:_identify(src/models/turtlebot3_waffle_noisy) by extension 'ignore'
[0.247s] Level 1:colcon.colcon_core.package_identification:_identify(src/models/turtlebot3_waffle_noisy) by extension 'ignore_ament_install'
[0.247s] Level 1:colcon.colcon_core.package_identification:_identify(src/models/turtlebot3_waffle_noisy) by extensions ['colcon_pkg']
[0.247s] Level 1:colcon.colcon_core.package_identification:_identify(src/models/turtlebot3_waffle_noisy) by extension 'colcon_pkg'
[0.247s] Level 1:colcon.colcon_core.package_identification:_identify(src/models/turtlebot3_waffle_noisy) by extensions ['colcon_meta']
[0.247s] Level 1:colcon.colcon_core.package_identification:_identify(src/models/turtlebot3_waffle_noisy) by extension 'colcon_meta'
[0.247s] Level 1:colcon.colcon_core.package_identification:_identify(src/models/turtlebot3_waffle_noisy) by extensions ['ros']
[0.247s] Level 1:colcon.colcon_core.package_identification:_identify(src/models/turtlebot3_waffle_noisy) by extension 'ros'
[0.247s] Level 1:colcon.colcon_core.package_identification:_identify(src/models/turtlebot3_waffle_noisy) by extensions ['cmake', 'python']
[0.247s] Level 1:colcon.colcon_core.package_identification:_identify(src/models/turtlebot3_waffle_noisy) by extension 'cmake'
[0.247s] Level 1:colcon.colcon_core.package_identification:_identify(src/models/turtlebot3_waffle_noisy) by extension 'python'
[0.247s] Level 1:colcon.colcon_core.package_identification:_identify(src/models/turtlebot3_waffle_noisy) by extensions ['python_setup_py']
[0.247s] Level 1:colcon.colcon_core.package_identification:_identify(src/models/turtlebot3_waffle_noisy) by extension 'python_setup_py'
[0.247s] Level 1:colcon.colcon_core.package_identification:_identify(src/multirobot_map_merge) by extensions ['ignore', 'ignore_ament_install']
[0.247s] Level 1:colcon.colcon_core.package_identification:_identify(src/multirobot_map_merge) by extension 'ignore'
[0.247s] Level 1:colcon.colcon_core.package_identification:_identify(src/multirobot_map_merge) by extension 'ignore_ament_install'
[0.247s] Level 1:colcon.colcon_core.package_identification:_identify(src/multirobot_map_merge) by extensions ['colcon_pkg']
[0.247s] Level 1:colcon.colcon_core.package_identification:_identify(src/multirobot_map_merge) by extension 'colcon_pkg'
[0.247s] Level 1:colcon.colcon_core.package_identification:_identify(src/multirobot_map_merge) by extensions ['colcon_meta']
[0.247s] Level 1:colcon.colcon_core.package_identification:_identify(src/multirobot_map_merge) by extension 'colcon_meta'
[0.247s] Level 1:colcon.colcon_core.package_identification:_identify(src/multirobot_map_merge) by extensions ['ros']
[0.247s] Level 1:colcon.colcon_core.package_identification:_identify(src/multirobot_map_merge) by extension 'ros'
[0.248s] DEBUG:colcon.colcon_core.package_identification:Package 'src/multirobot_map_merge' with type 'ros.ament_cmake' and name 'multirobot_map_merge'
[0.248s] Level 1:colcon.colcon_core.package_discovery:discover_packages(recursive) using defaults
[0.248s] Level 1:colcon.colcon_core.package_discovery:discover_packages(ignore) discover
[0.248s] Level 1:colcon.colcon_core.package_discovery:discover_packages(ignore) using defaults
[0.248s] Level 1:colcon.colcon_core.package_discovery:discover_packages(path) discover
[0.248s] Level 1:colcon.colcon_core.package_discovery:discover_packages(path) using defaults
[0.274s] Level 1:colcon.colcon_core.package_discovery:discover_packages(prefix_path) check parameters
[0.274s] Level 1:colcon.colcon_core.package_discovery:discover_packages(prefix_path) discover
[0.275s] DEBUG:colcon.colcon_installed_package_information.package_discovery:Found 3 installed packages in /home/mariem/multi_robot_ws/install
[0.276s] DEBUG:colcon.colcon_installed_package_information.package_discovery:Found 1 installed packages in /home/mariem/test_ws/install
[0.276s] DEBUG:colcon.colcon_installed_package_information.package_discovery:Found 1 installed packages in /home/mariem/pcd_ws/install
[0.276s] DEBUG:colcon.colcon_installed_package_information.package_discovery:Found 5 installed packages in /home/mariem/my_ros2_ws/install
[0.278s] DEBUG:colcon.colcon_installed_package_information.package_discovery:Found 398 installed packages in /opt/ros/humble
[0.279s] Level 1:colcon.colcon_core.package_discovery:discover_packages(prefix_path) using defaults
[0.321s] Level 5:colcon.colcon_core.verb:set package 'explore_lite' build argument 'cmake_args' from command line to 'None'
[0.321s] Level 5:colcon.colcon_core.verb:set package 'explore_lite' build argument 'cmake_target' from command line to 'None'
[0.321s] Level 5:colcon.colcon_core.verb:set package 'explore_lite' build argument 'cmake_target_skip_unavailable' from command line to 'False'
[0.321s] Level 5:colcon.colcon_core.verb:set package 'explore_lite' build argument 'cmake_clean_cache' from command line to 'False'
[0.321s] Level 5:colcon.colcon_core.verb:set package 'explore_lite' build argument 'cmake_clean_first' from command line to 'False'
[0.321s] Level 5:colcon.colcon_core.verb:set package 'explore_lite' build argument 'cmake_force_configure' from command line to 'False'
[0.321s] Level 5:colcon.colcon_core.verb:set package 'explore_lite' build argument 'ament_cmake_args' from command line to 'None'
[0.321s] Level 5:colcon.colcon_core.verb:set package 'explore_lite' build argument 'catkin_cmake_args' from command line to 'None'
[0.321s] Level 5:colcon.colcon_core.verb:set package 'explore_lite' build argument 'catkin_skip_building_tests' from command line to 'False'
[0.321s] DEBUG:colcon.colcon_core.verb:Building package 'explore_lite' with the following arguments: {'ament_cmake_args': None, 'build_base': '/home/mariem/multi_robot_ws/build/explore_lite', 'catkin_cmake_args': None, 'catkin_skip_building_tests': False, 'cmake_args': None, 'cmake_clean_cache': False, 'cmake_clean_first': False, 'cmake_force_configure': False, 'cmake_target': None, 'cmake_target_skip_unavailable': False, 'install_base': '/home/mariem/multi_robot_ws/install/explore_lite', 'merge_install': False, 'path': '/home/mariem/multi_robot_ws/src/explore', 'symlink_install': True, 'test_result_base': None}
[0.321s] Level 5:colcon.colcon_core.verb:set package 'merge_map' build argument 'cmake_args' from command line to 'None'
[0.321s] Level 5:colcon.colcon_core.verb:set package 'merge_map' build argument 'cmake_target' from command line to 'None'
[0.321s] Level 5:colcon.colcon_core.verb:set package 'merge_map' build argument 'cmake_target_skip_unavailable' from command line to 'False'
[0.321s] Level 5:colcon.colcon_core.verb:set package 'merge_map' build argument 'cmake_clean_cache' from command line to 'False'
[0.321s] Level 5:colcon.colcon_core.verb:set package 'merge_map' build argument 'cmake_clean_first' from command line to 'False'
[0.321s] Level 5:colcon.colcon_core.verb:set package 'merge_map' build argument 'cmake_force_configure' from command line to 'False'
[0.321s] Level 5:colcon.colcon_core.verb:set package 'merge_map' build argument 'ament_cmake_args' from command line to 'None'
[0.321s] Level 5:colcon.colcon_core.verb:set package 'merge_map' build argument 'catkin_cmake_args' from command line to 'None'
[0.321s] Level 5:colcon.colcon_core.verb:set package 'merge_map' build argument 'catkin_skip_building_tests' from command line to 'False'
[0.321s] DEBUG:colcon.colcon_core.verb:Building package 'merge_map' with the following arguments: {'ament_cmake_args': None, 'build_base': '/home/mariem/multi_robot_ws/build/merge_map', 'catkin_cmake_args': None, 'catkin_skip_building_tests': False, 'cmake_args': None, 'cmake_clean_cache': False, 'cmake_clean_first': False, 'cmake_force_configure': False, 'cmake_target': None, 'cmake_target_skip_unavailable': False, 'install_base': '/home/mariem/multi_robot_ws/install/merge_map', 'merge_install': False, 'path': '/home/mariem/multi_robot_ws/src/merge_map', 'symlink_install': True, 'test_result_base': None}
[0.322s] Level 5:colcon.colcon_core.verb:set package 'multirobot_map_merge' build argument 'cmake_args' from command line to 'None'
[0.322s] Level 5:colcon.colcon_core.verb:set package 'multirobot_map_merge' build argument 'cmake_target' from command line to 'None'
[0.322s] Level 5:colcon.colcon_core.verb:set package 'multirobot_map_merge' build argument 'cmake_target_skip_unavailable' from command line to 'False'
[0.322s] Level 5:colcon.colcon_core.verb:set package 'multirobot_map_merge' build argument 'cmake_clean_cache' from command line to 'False'
[0.322s] Level 5:colcon.colcon_core.verb:set package 'multirobot_map_merge' build argument 'cmake_clean_first' from command line to 'False'
[0.322s] Level 5:colcon.colcon_core.verb:set package 'multirobot_map_merge' build argument 'cmake_force_configure' from command line to 'False'
[0.322s] Level 5:colcon.colcon_core.verb:set package 'multirobot_map_merge' build argument 'ament_cmake_args' from command line to 'None'
[0.322s] Level 5:colcon.colcon_core.verb:set package 'multirobot_map_merge' build argument 'catkin_cmake_args' from command line to 'None'
[0.322s] Level 5:colcon.colcon_core.verb:set package 'multirobot_map_merge' build argument 'catkin_skip_building_tests' from command line to 'False'
[0.322s] DEBUG:colcon.colcon_core.verb:Building package 'multirobot_map_merge' with the following arguments: {'ament_cmake_args': None, 'build_base': '/home/mariem/multi_robot_ws/build/multirobot_map_merge', 'catkin_cmake_args': None, 'catkin_skip_building_tests': False, 'cmake_args': None, 'cmake_clean_cache': False, 'cmake_clean_first': False, 'cmake_force_configure': False, 'cmake_target': None, 'cmake_target_skip_unavailable': False, 'install_base': '/home/mariem/multi_robot_ws/install/multirobot_map_merge', 'merge_install': False, 'path': '/home/mariem/multi_robot_ws/src/multirobot_map_merge', 'symlink_install': True, 'test_result_base': None}
[0.322s] INFO:colcon.colcon_core.executor:Executing jobs using 'parallel' executor
[0.323s] DEBUG:colcon.colcon_parallel_executor.executor.parallel:run_until_complete
[0.323s] INFO:colcon.colcon_ros.task.ament_cmake.build:Building ROS package in '/home/mariem/multi_robot_ws/src/explore' with build type 'ament_cmake'
[0.323s] INFO:colcon.colcon_cmake.task.cmake.build:Building CMake package in '/home/mariem/multi_robot_ws/src/explore'
[0.325s] INFO:colcon.colcon_core.plugin_system:Skipping extension 'colcon_core.shell.bat': Not used on non-Windows systems
[0.325s] INFO:colcon.colcon_core.shell:Skip shell extension 'powershell' for command environment: Not usable outside of PowerShell
[0.325s] DEBUG:colcon.colcon_core.shell:Skip shell extension 'dsv' for command environment
[0.330s] INFO:colcon.colcon_ros.task.ament_python.build:Building ROS package in '/home/mariem/multi_robot_ws/src/merge_map' with build type 'ament_python'
[0.330s] Level 1:colcon.colcon_core.shell:create_environment_hook('merge_map', 'ament_prefix_path')
[0.330s] INFO:colcon.colcon_core.shell:Creating environment hook '/home/mariem/multi_robot_ws/install/merge_map/share/merge_map/hook/ament_prefix_path.ps1'
[0.331s] INFO:colcon.colcon_core.shell:Creating environment descriptor '/home/mariem/multi_robot_ws/install/merge_map/share/merge_map/hook/ament_prefix_path.dsv'
[0.331s] INFO:colcon.colcon_core.shell:Creating environment hook '/home/mariem/multi_robot_ws/install/merge_map/share/merge_map/hook/ament_prefix_path.sh'
[0.332s] INFO:colcon.colcon_core.shell:Skip shell extension 'powershell' for command environment: Not usable outside of PowerShell
[0.332s] DEBUG:colcon.colcon_core.shell:Skip shell extension 'dsv' for command environment
[0.335s] INFO:colcon.colcon_ros.task.ament_cmake.build:Building ROS package in '/home/mariem/multi_robot_ws/src/multirobot_map_merge' with build type 'ament_cmake'
[0.335s] INFO:colcon.colcon_cmake.task.cmake.build:Building CMake package in '/home/mariem/multi_robot_ws/src/multirobot_map_merge'
[0.336s] INFO:colcon.colcon_core.shell:Skip shell extension 'powershell' for command environment: Not usable outside of PowerShell
[0.336s] DEBUG:colcon.colcon_core.shell:Skip shell extension 'dsv' for command environment
[0.344s] DEBUG:colcon.colcon_core.event_handler.log_command:Invoking command in '/home/mariem/multi_robot_ws/build/explore_lite': CMAKE_PREFIX_PATH=${CMAKE_PREFIX_PATH}:/home/mariem/multi_robot_ws/install/merge_map:/home/mariem/my_ros2_ws/install/my_turtlebot_gazebo:/opt/ros/humble /usr/bin/cmake --build /home/mariem/multi_robot_ws/build/explore_lite -- -j16 -l16
[0.572s] INFO:colcon.colcon_core.task.python.build:Building Python package in '/home/mariem/multi_robot_ws/src/merge_map'
[0.573s] INFO:colcon.colcon_core.shell:Skip shell extension 'powershell' for command environment: Not usable outside of PowerShell
[0.573s] DEBUG:colcon.colcon_core.shell:Skip shell extension 'dsv' for command environment
[0.579s] DEBUG:colcon.colcon_core.event_handler.log_command:Invoked command in '/home/mariem/multi_robot_ws/build/explore_lite' returned '0': CMAKE_PREFIX_PATH=${CMAKE_PREFIX_PATH}:/home/mariem/multi_robot_ws/install/merge_map:/home/mariem/my_ros2_ws/install/my_turtlebot_gazebo:/opt/ros/humble /usr/bin/cmake --build /home/mariem/multi_robot_ws/build/explore_lite -- -j16 -l16
[0.587s] DEBUG:colcon.colcon_core.event_handler.log_command:Invoking command in '/home/mariem/multi_robot_ws/build/explore_lite': CMAKE_PREFIX_PATH=${CMAKE_PREFIX_PATH}:/home/mariem/multi_robot_ws/install/merge_map:/home/mariem/my_ros2_ws/install/my_turtlebot_gazebo:/opt/ros/humble /usr/bin/cmake --install /home/mariem/multi_robot_ws/build/explore_lite
[0.589s] DEBUG:colcon.colcon_core.event_handler.log_command:Invoking command in '/home/mariem/multi_robot_ws/build/multirobot_map_merge': CMAKE_PREFIX_PATH=${CMAKE_PREFIX_PATH}:/home/mariem/multi_robot_ws/install/merge_map:/home/mariem/my_ros2_ws/install/my_turtlebot_gazebo:/opt/ros/humble /usr/bin/cmake --build /home/mariem/multi_robot_ws/build/multirobot_map_merge -- -j16 -l16
[0.606s] Level 1:colcon.colcon_core.environment:create_environment_scripts_only(explore_lite)
[0.606s] DEBUG:colcon.colcon_core.event_handler.log_command:Invoked command in '/home/mariem/multi_robot_ws/build/explore_lite' returned '0': CMAKE_PREFIX_PATH=${CMAKE_PREFIX_PATH}:/home/mariem/multi_robot_ws/install/merge_map:/home/mariem/my_ros2_ws/install/my_turtlebot_gazebo:/opt/ros/humble /usr/bin/cmake --install /home/mariem/multi_robot_ws/build/explore_lite
[0.609s] Level 1:colcon.colcon_core.environment:checking '/home/mariem/multi_robot_ws/install/explore_lite' for CMake module files
[0.609s] Level 1:colcon.colcon_core.environment:checking '/home/mariem/multi_robot_ws/install/explore_lite' for CMake config files
[0.609s] Level 1:colcon.colcon_core.shell:create_environment_hook('explore_lite', 'cmake_prefix_path')
[0.610s] INFO:colcon.colcon_core.shell:Creating environment hook '/home/mariem/multi_robot_ws/install/explore_lite/share/explore_lite/hook/cmake_prefix_path.ps1'
[0.610s] INFO:colcon.colcon_core.shell:Creating environment descriptor '/home/mariem/multi_robot_ws/install/explore_lite/share/explore_lite/hook/cmake_prefix_path.dsv'
[0.610s] INFO:colcon.colcon_core.shell:Creating environment hook '/home/mariem/multi_robot_ws/install/explore_lite/share/explore_lite/hook/cmake_prefix_path.sh'
[0.611s] Level 1:colcon.colcon_core.environment:checking '/home/mariem/multi_robot_ws/install/explore_lite/lib'
[0.611s] Level 1:colcon.colcon_core.environment:checking '/home/mariem/multi_robot_ws/install/explore_lite/bin'
[0.611s] Level 1:colcon.colcon_core.environment:checking '/home/mariem/multi_robot_ws/install/explore_lite/lib/pkgconfig/explore_lite.pc'
[0.612s] Level 1:colcon.colcon_core.environment:checking '/home/mariem/multi_robot_ws/install/explore_lite/lib/python3.10/site-packages'
[0.612s] Level 1:colcon.colcon_core.environment:checking '/home/mariem/multi_robot_ws/install/explore_lite/bin'
[0.612s] INFO:colcon.colcon_core.shell:Creating package script '/home/mariem/multi_robot_ws/install/explore_lite/share/explore_lite/package.ps1'
[0.613s] INFO:colcon.colcon_core.shell:Creating package descriptor '/home/mariem/multi_robot_ws/install/explore_lite/share/explore_lite/package.dsv'
[0.613s] INFO:colcon.colcon_core.shell:Creating package script '/home/mariem/multi_robot_ws/install/explore_lite/share/explore_lite/package.sh'
[0.614s] INFO:colcon.colcon_core.shell:Creating package script '/home/mariem/multi_robot_ws/install/explore_lite/share/explore_lite/package.bash'
[0.614s] INFO:colcon.colcon_core.shell:Creating package script '/home/mariem/multi_robot_ws/install/explore_lite/share/explore_lite/package.zsh'
[0.615s] Level 1:colcon.colcon_core.environment:create_file_with_runtime_dependencies(/home/mariem/multi_robot_ws/install/explore_lite/share/colcon-core/packages/explore_lite)
[0.616s] Level 1:colcon.colcon_core.environment:create_environment_scripts_only(explore_lite)
[0.616s] Level 1:colcon.colcon_core.environment:checking '/home/mariem/multi_robot_ws/install/explore_lite' for CMake module files
[0.616s] Level 1:colcon.colcon_core.environment:checking '/home/mariem/multi_robot_ws/install/explore_lite' for CMake config files
[0.616s] Level 1:colcon.colcon_core.shell:create_environment_hook('explore_lite', 'cmake_prefix_path')
[0.617s] INFO:colcon.colcon_core.shell:Creating environment hook '/home/mariem/multi_robot_ws/install/explore_lite/share/explore_lite/hook/cmake_prefix_path.ps1'
[0.617s] INFO:colcon.colcon_core.shell:Creating environment descriptor '/home/mariem/multi_robot_ws/install/explore_lite/share/explore_lite/hook/cmake_prefix_path.dsv'
[0.617s] INFO:colcon.colcon_core.shell:Creating environment hook '/home/mariem/multi_robot_ws/install/explore_lite/share/explore_lite/hook/cmake_prefix_path.sh'
[0.618s] Level 1:colcon.colcon_core.environment:checking '/home/mariem/multi_robot_ws/install/explore_lite/lib'
[0.618s] Level 1:colcon.colcon_core.environment:checking '/home/mariem/multi_robot_ws/install/explore_lite/bin'
[0.618s] Level 1:colcon.colcon_core.environment:checking '/home/mariem/multi_robot_ws/install/explore_lite/lib/pkgconfig/explore_lite.pc'
[0.618s] Level 1:colcon.colcon_core.environment:checking '/home/mariem/multi_robot_ws/install/explore_lite/lib/python3.10/site-packages'
[0.619s] Level 1:colcon.colcon_core.environment:checking '/home/mariem/multi_robot_ws/install/explore_lite/bin'
[0.619s] INFO:colcon.colcon_core.shell:Creating package script '/home/mariem/multi_robot_ws/install/explore_lite/share/explore_lite/package.ps1'
[0.619s] INFO:colcon.colcon_core.shell:Creating package descriptor '/home/mariem/multi_robot_ws/install/explore_lite/share/explore_lite/package.dsv'
[0.620s] INFO:colcon.colcon_core.shell:Creating package script '/home/mariem/multi_robot_ws/install/explore_lite/share/explore_lite/package.sh'
[0.621s] INFO:colcon.colcon_core.shell:Creating package script '/home/mariem/multi_robot_ws/install/explore_lite/share/explore_lite/package.bash'
[0.621s] INFO:colcon.colcon_core.shell:Creating package script '/home/mariem/multi_robot_ws/install/explore_lite/share/explore_lite/package.zsh'
[0.622s] Level 1:colcon.colcon_core.environment:create_file_with_runtime_dependencies(/home/mariem/multi_robot_ws/install/explore_lite/share/colcon-core/packages/explore_lite)
[0.687s] DEBUG:colcon.colcon_core.event_handler.log_command:Invoked command in '/home/mariem/multi_robot_ws/build/multirobot_map_merge' returned '0': CMAKE_PREFIX_PATH=${CMAKE_PREFIX_PATH}:/home/mariem/multi_robot_ws/install/merge_map:/home/mariem/my_ros2_ws/install/my_turtlebot_gazebo:/opt/ros/humble /usr/bin/cmake --build /home/mariem/multi_robot_ws/build/multirobot_map_merge -- -j16 -l16
[0.688s] DEBUG:colcon.colcon_core.event_handler.log_command:Invoking command in '/home/mariem/multi_robot_ws/build/multirobot_map_merge': CMAKE_PREFIX_PATH=${CMAKE_PREFIX_PATH}:/home/mariem/multi_robot_ws/install/merge_map:/home/mariem/my_ros2_ws/install/my_turtlebot_gazebo:/opt/ros/humble /usr/bin/cmake --install /home/mariem/multi_robot_ws/build/multirobot_map_merge
[0.709s] Level 1:colcon.colcon_core.environment:create_environment_scripts_only(multirobot_map_merge)
[0.709s] Level 1:colcon.colcon_core.environment:checking '/home/mariem/multi_robot_ws/install/multirobot_map_merge' for CMake module files
[0.710s] DEBUG:colcon.colcon_core.event_handler.log_command:Invoked command in '/home/mariem/multi_robot_ws/build/multirobot_map_merge' returned '0': CMAKE_PREFIX_PATH=${CMAKE_PREFIX_PATH}:/home/mariem/multi_robot_ws/install/merge_map:/home/mariem/my_ros2_ws/install/my_turtlebot_gazebo:/opt/ros/humble /usr/bin/cmake --install /home/mariem/multi_robot_ws/build/multirobot_map_merge
[0.710s] Level 1:colcon.colcon_core.environment:checking '/home/mariem/multi_robot_ws/install/multirobot_map_merge' for CMake config files
[0.711s] Level 1:colcon.colcon_core.shell:create_environment_hook('multirobot_map_merge', 'cmake_prefix_path')
[0.711s] INFO:colcon.colcon_core.shell:Creating environment hook '/home/mariem/multi_robot_ws/install/multirobot_map_merge/share/multirobot_map_merge/hook/cmake_prefix_path.ps1'
[0.711s] INFO:colcon.colcon_core.shell:Creating environment descriptor '/home/mariem/multi_robot_ws/install/multirobot_map_merge/share/multirobot_map_merge/hook/cmake_prefix_path.dsv'
[0.712s] INFO:colcon.colcon_core.shell:Creating environment hook '/home/mariem/multi_robot_ws/install/multirobot_map_merge/share/multirobot_map_merge/hook/cmake_prefix_path.sh'
[0.713s] Level 1:colcon.colcon_core.environment:checking '/home/mariem/multi_robot_ws/install/multirobot_map_merge/lib'
[0.713s] Level 1:colcon.colcon_core.environment:checking '/home/mariem/multi_robot_ws/install/multirobot_map_merge/bin'
[0.713s] Level 1:colcon.colcon_core.environment:checking '/home/mariem/multi_robot_ws/install/multirobot_map_merge/lib/pkgconfig/multirobot_map_merge.pc'
[0.713s] Level 1:colcon.colcon_core.environment:checking '/home/mariem/multi_robot_ws/install/multirobot_map_merge/lib/python3.10/site-packages'
[0.713s] Level 1:colcon.colcon_core.environment:checking '/home/mariem/multi_robot_ws/install/multirobot_map_merge/bin'
[0.714s] INFO:colcon.colcon_core.shell:Creating package script '/home/mariem/multi_robot_ws/install/multirobot_map_merge/share/multirobot_map_merge/package.ps1'
[0.714s] INFO:colcon.colcon_core.shell:Creating package descriptor '/home/mariem/multi_robot_ws/install/multirobot_map_merge/share/multirobot_map_merge/package.dsv'
[0.714s] INFO:colcon.colcon_core.shell:Creating package script '/home/mariem/multi_robot_ws/install/multirobot_map_merge/share/multirobot_map_merge/package.sh'
[0.715s] INFO:colcon.colcon_core.shell:Creating package script '/home/mariem/multi_robot_ws/install/multirobot_map_merge/share/multirobot_map_merge/package.bash'
[0.715s] INFO:colcon.colcon_core.shell:Creating package script '/home/mariem/multi_robot_ws/install/multirobot_map_merge/share/multirobot_map_merge/package.zsh'
[0.715s] Level 1:colcon.colcon_core.environment:create_file_with_runtime_dependencies(/home/mariem/multi_robot_ws/install/multirobot_map_merge/share/colcon-core/packages/multirobot_map_merge)
[0.716s] Level 1:colcon.colcon_core.environment:create_environment_scripts_only(multirobot_map_merge)
[0.716s] Level 1:colcon.colcon_core.environment:checking '/home/mariem/multi_robot_ws/install/multirobot_map_merge' for CMake module files
[0.717s] Level 1:colcon.colcon_core.environment:checking '/home/mariem/multi_robot_ws/install/multirobot_map_merge' for CMake config files
[0.717s] Level 1:colcon.colcon_core.shell:create_environment_hook('multirobot_map_merge', 'cmake_prefix_path')
[0.717s] INFO:colcon.colcon_core.shell:Creating environment hook '/home/mariem/multi_robot_ws/install/multirobot_map_merge/share/multirobot_map_merge/hook/cmake_prefix_path.ps1'
[0.717s] INFO:colcon.colcon_core.shell:Creating environment descriptor '/home/mariem/multi_robot_ws/install/multirobot_map_merge/share/multirobot_map_merge/hook/cmake_prefix_path.dsv'
[0.718s] INFO:colcon.colcon_core.shell:Creating environment hook '/home/mariem/multi_robot_ws/install/multirobot_map_merge/share/multirobot_map_merge/hook/cmake_prefix_path.sh'
[0.718s] Level 1:colcon.colcon_core.environment:checking '/home/mariem/multi_robot_ws/install/multirobot_map_merge/lib'
[0.718s] Level 1:colcon.colcon_core.environment:checking '/home/mariem/multi_robot_ws/install/multirobot_map_merge/bin'
[0.718s] Level 1:colcon.colcon_core.environment:checking '/home/mariem/multi_robot_ws/install/multirobot_map_merge/lib/pkgconfig/multirobot_map_merge.pc'
[0.718s] Level 1:colcon.colcon_core.environment:checking '/home/mariem/multi_robot_ws/install/multirobot_map_merge/lib/python3.10/site-packages'
[0.718s] Level 1:colcon.colcon_core.environment:checking '/home/mariem/multi_robot_ws/install/multirobot_map_merge/bin'
[0.719s] INFO:colcon.colcon_core.shell:Creating package script '/home/mariem/multi_robot_ws/install/multirobot_map_merge/share/multirobot_map_merge/package.ps1'
[0.719s] INFO:colcon.colcon_core.shell:Creating package descriptor '/home/mariem/multi_robot_ws/install/multirobot_map_merge/share/multirobot_map_merge/package.dsv'
[0.720s] INFO:colcon.colcon_core.shell:Creating package script '/home/mariem/multi_robot_ws/install/multirobot_map_merge/share/multirobot_map_merge/package.sh'
[0.720s] INFO:colcon.colcon_core.shell:Creating package script '/home/mariem/multi_robot_ws/install/multirobot_map_merge/share/multirobot_map_merge/package.bash'
[0.720s] INFO:colcon.colcon_core.shell:Creating package script '/home/mariem/multi_robot_ws/install/multirobot_map_merge/share/multirobot_map_merge/package.zsh'
[0.721s] Level 1:colcon.colcon_core.environment:create_file_with_runtime_dependencies(/home/mariem/multi_robot_ws/install/multirobot_map_merge/share/colcon-core/packages/multirobot_map_merge)
[0.967s] DEBUG:colcon.colcon_core.event_handler.log_command:Invoking command in '/home/mariem/multi_robot_ws/build/merge_map': PYTHONPATH=/home/mariem/multi_robot_ws/build/merge_map/prefix_override:/usr/lib/python3/dist-packages/colcon_core/task/python/colcon_distutils_commands:/home/mariem/multi_robot_ws/install/merge_map/lib/python3.10/site-packages:${PYTHONPATH} /usr/bin/python3 -W ignore:setup.py install is deprecated -W ignore:easy_install command is deprecated setup.py develop --editable --build-directory /home/mariem/multi_robot_ws/build/merge_map/build --no-deps symlink_data
[1.449s] Level 1:colcon.colcon_core.shell:create_environment_hook('merge_map', 'pythonpath_develop')
[1.449s] INFO:colcon.colcon_core.shell:Creating environment hook '/home/mariem/multi_robot_ws/build/merge_map/share/merge_map/hook/pythonpath_develop.ps1'
[1.450s] DEBUG:colcon.colcon_core.event_handler.log_command:Invoked command in '/home/mariem/multi_robot_ws/build/merge_map' returned '0': PYTHONPATH=/home/mariem/multi_robot_ws/build/merge_map/prefix_override:/usr/lib/python3/dist-packages/colcon_core/task/python/colcon_distutils_commands:/home/mariem/multi_robot_ws/install/merge_map/lib/python3.10/site-packages:${PYTHONPATH} /usr/bin/python3 -W ignore:setup.py install is deprecated -W ignore:easy_install command is deprecated setup.py develop --editable --build-directory /home/mariem/multi_robot_ws/build/merge_map/build --no-deps symlink_data
[1.450s] INFO:colcon.colcon_core.shell:Creating environment descriptor '/home/mariem/multi_robot_ws/build/merge_map/share/merge_map/hook/pythonpath_develop.dsv'
[1.451s] INFO:colcon.colcon_core.shell:Creating environment hook '/home/mariem/multi_robot_ws/build/merge_map/share/merge_map/hook/pythonpath_develop.sh'
[1.451s] Level 1:colcon.colcon_core.environment:checking '/home/mariem/multi_robot_ws/install/merge_map' for CMake module files
[1.452s] Level 1:colcon.colcon_core.environment:checking '/home/mariem/multi_robot_ws/install/merge_map' for CMake config files
[1.452s] Level 1:colcon.colcon_core.environment:checking '/home/mariem/multi_robot_ws/install/merge_map/lib'
[1.452s] Level 1:colcon.colcon_core.environment:checking '/home/mariem/multi_robot_ws/install/merge_map/bin'
[1.453s] Level 1:colcon.colcon_core.environment:checking '/home/mariem/multi_robot_ws/install/merge_map/lib/pkgconfig/merge_map.pc'
[1.453s] Level 1:colcon.colcon_core.environment:checking '/home/mariem/multi_robot_ws/install/merge_map/lib/python3.10/site-packages'
[1.453s] Level 1:colcon.colcon_core.shell:create_environment_hook('merge_map', 'pythonpath')
[1.453s] INFO:colcon.colcon_core.shell:Creating environment hook '/home/mariem/multi_robot_ws/install/merge_map/share/merge_map/hook/pythonpath.ps1'
[1.453s] INFO:colcon.colcon_core.shell:Creating environment descriptor '/home/mariem/multi_robot_ws/install/merge_map/share/merge_map/hook/pythonpath.dsv'
[1.454s] INFO:colcon.colcon_core.shell:Creating environment hook '/home/mariem/multi_robot_ws/install/merge_map/share/merge_map/hook/pythonpath.sh'
[1.454s] Level 1:colcon.colcon_core.environment:checking '/home/mariem/multi_robot_ws/install/merge_map/bin'
[1.454s] Level 1:colcon.colcon_core.environment:create_environment_scripts_only(merge_map)
[1.455s] INFO:colcon.colcon_core.shell:Creating package script '/home/mariem/multi_robot_ws/install/merge_map/share/merge_map/package.ps1'
[1.455s] INFO:colcon.colcon_core.shell:Creating package descriptor '/home/mariem/multi_robot_ws/install/merge_map/share/merge_map/package.dsv'
[1.456s] INFO:colcon.colcon_core.shell:Creating package script '/home/mariem/multi_robot_ws/install/merge_map/share/merge_map/package.sh'
[1.456s] INFO:colcon.colcon_core.shell:Creating package script '/home/mariem/multi_robot_ws/install/merge_map/share/merge_map/package.bash'
[1.456s] INFO:colcon.colcon_core.shell:Creating package script '/home/mariem/multi_robot_ws/install/merge_map/share/merge_map/package.zsh'
[1.457s] Level 1:colcon.colcon_core.environment:create_file_with_runtime_dependencies(/home/mariem/multi_robot_ws/install/merge_map/share/colcon-core/packages/merge_map)
[1.457s] DEBUG:colcon.colcon_parallel_executor.executor.parallel:closing loop
[1.457s] DEBUG:colcon.colcon_parallel_executor.executor.parallel:loop closed
[1.457s] DEBUG:colcon.colcon_parallel_executor.executor.parallel:run_until_complete finished with '0'
[1.457s] DEBUG:colcon.colcon_core.event_reactor:joining thread
[1.462s] INFO:colcon.colcon_core.plugin_system:Skipping extension 'colcon_notification.desktop_notification.terminal_notifier': Not used on non-Darwin systems
[1.462s] INFO:colcon.colcon_core.plugin_system:Skipping extension 'colcon_notification.desktop_notification.win32': Not used on non-Windows systems
[1.462s] INFO:colcon.colcon_notification.desktop_notification:Sending desktop notification using 'notify2'
[1.472s] DEBUG:colcon.colcon_core.event_reactor:joined thread
[1.472s] INFO:colcon.colcon_core.shell:Creating prefix script '/home/mariem/multi_robot_ws/install/local_setup.ps1'
[1.473s] INFO:colcon.colcon_core.shell:Creating prefix util module '/home/mariem/multi_robot_ws/install/_local_setup_util_ps1.py'
[1.475s] INFO:colcon.colcon_core.shell:Creating prefix chain script '/home/mariem/multi_robot_ws/install/setup.ps1'
[1.476s] INFO:colcon.colcon_core.shell:Creating prefix script '/home/mariem/multi_robot_ws/install/local_setup.sh'
[1.476s] INFO:colcon.colcon_core.shell:Creating prefix util module '/home/mariem/multi_robot_ws/install/_local_setup_util_sh.py'
[1.477s] INFO:colcon.colcon_core.shell:Creating prefix chain script '/home/mariem/multi_robot_ws/install/setup.sh'
[1.478s] INFO:colcon.colcon_core.shell:Creating prefix script '/home/mariem/multi_robot_ws/install/local_setup.bash'
[1.479s] INFO:colcon.colcon_core.shell:Creating prefix chain script '/home/mariem/multi_robot_ws/install/setup.bash'
[1.480s] INFO:colcon.colcon_core.shell:Creating prefix script '/home/mariem/multi_robot_ws/install/local_setup.zsh'
[1.480s] INFO:colcon.colcon_core.shell:Creating prefix chain script '/home/mariem/multi_robot_ws/install/setup.zsh'
