[0.486s] Invoking command in '/home/mariem/multi_robot_ws/src/merge_map': PYTHONPATH=/home/mariem/multi_robot_ws/build/merge_map/prefix_override:/usr/lib/python3/dist-packages/colcon_core/task/python/colcon_distutils_commands:/home/mariem/multi_robot_ws/install/merge_map/lib/python3.10/site-packages:${PYTHONPATH} /usr/bin/python3 -W ignore:setup.py install is deprecated -W ignore:easy_install command is deprecated setup.py egg_info --egg-base ../../build/merge_map build --build-base /home/mariem/multi_robot_ws/build/merge_map/build install --record /home/mariem/multi_robot_ws/build/merge_map/install.log --single-version-externally-managed install_data
[0.686s] running egg_info
[0.686s] creating ../../build/merge_map/merge_map.egg-info
[0.686s] writing ../../build/merge_map/merge_map.egg-info/PKG-INFO
[0.686s] writing dependency_links to ../../build/merge_map/merge_map.egg-info/dependency_links.txt
[0.686s] writing entry points to ../../build/merge_map/merge_map.egg-info/entry_points.txt
[0.686s] writing requirements to ../../build/merge_map/merge_map.egg-info/requires.txt
[0.687s] writing top-level names to ../../build/merge_map/merge_map.egg-info/top_level.txt
[0.687s] writing manifest file '../../build/merge_map/merge_map.egg-info/SOURCES.txt'
[0.688s] reading manifest file '../../build/merge_map/merge_map.egg-info/SOURCES.txt'
[0.688s] writing manifest file '../../build/merge_map/merge_map.egg-info/SOURCES.txt'
[0.688s] running build
[0.688s] running build_py
[0.689s] creating /home/mariem/multi_robot_ws/build/merge_map/build
[0.689s] creating /home/mariem/multi_robot_ws/build/merge_map/build/lib
[0.689s] creating /home/mariem/multi_robot_ws/build/merge_map/build/lib/merge_map
[0.689s] copying merge_map/merge_map.py -> /home/mariem/multi_robot_ws/build/merge_map/build/lib/merge_map
[0.689s] copying merge_map/__init__.py -> /home/mariem/multi_robot_ws/build/merge_map/build/lib/merge_map
[0.689s] running install
[0.689s] running install_lib
[0.690s] creating /home/mariem/multi_robot_ws/install/merge_map/lib/python3.10/site-packages/merge_map
[0.690s] copying /home/mariem/multi_robot_ws/build/merge_map/build/lib/merge_map/merge_map.py -> /home/mariem/multi_robot_ws/install/merge_map/lib/python3.10/site-packages/merge_map
[0.690s] copying /home/mariem/multi_robot_ws/build/merge_map/build/lib/merge_map/__init__.py -> /home/mariem/multi_robot_ws/install/merge_map/lib/python3.10/site-packages/merge_map
[0.690s] byte-compiling /home/mariem/multi_robot_ws/install/merge_map/lib/python3.10/site-packages/merge_map/merge_map.py to merge_map.cpython-310.pyc
[0.691s] byte-compiling /home/mariem/multi_robot_ws/install/merge_map/lib/python3.10/site-packages/merge_map/__init__.py to __init__.cpython-310.pyc
[0.691s] running install_data
[0.691s] creating /home/mariem/multi_robot_ws/install/merge_map/share/ament_index
[0.691s] creating /home/mariem/multi_robot_ws/install/merge_map/share/ament_index/resource_index
[0.691s] creating /home/mariem/multi_robot_ws/install/merge_map/share/ament_index/resource_index/packages
[0.691s] copying resource/merge_map -> /home/mariem/multi_robot_ws/install/merge_map/share/ament_index/resource_index/packages
[0.691s] copying package.xml -> /home/mariem/multi_robot_ws/install/merge_map/share/merge_map
[0.691s] creating /home/mariem/multi_robot_ws/install/merge_map/share/merge_map/launch
[0.691s] copying launch/merge_map_launch.py -> /home/mariem/multi_robot_ws/install/merge_map/share/merge_map/launch
[0.692s] creating /home/mariem/multi_robot_ws/install/merge_map/share/merge_map/config
[0.692s] copying config/merge_map.rviz -> /home/mariem/multi_robot_ws/install/merge_map/share/merge_map/config
[0.692s] running install_egg_info
[0.693s] Copying ../../build/merge_map/merge_map.egg-info to /home/mariem/multi_robot_ws/install/merge_map/lib/python3.10/site-packages/merge_map-0.0.0-py3.10.egg-info
[0.693s] running install_scripts
[0.710s] Installing merge_map script to /home/mariem/multi_robot_ws/install/merge_map/lib/merge_map
[0.710s] writing list of installed files to '/home/mariem/multi_robot_ws/build/merge_map/install.log'
[0.728s] Invoked command in '/home/mariem/multi_robot_ws/src/merge_map' returned '0': PYTHONPATH=/home/mariem/multi_robot_ws/build/merge_map/prefix_override:/usr/lib/python3/dist-packages/colcon_core/task/python/colcon_distutils_commands:/home/mariem/multi_robot_ws/install/merge_map/lib/python3.10/site-packages:${PYTHONPATH} /usr/bin/python3 -W ignore:setup.py install is deprecated -W ignore:easy_install command is deprecated setup.py egg_info --egg-base ../../build/merge_map build --build-base /home/mariem/multi_robot_ws/build/merge_map/build install --record /home/mariem/multi_robot_ws/build/merge_map/install.log --single-version-externally-managed install_data
