[0.018s] Invoking command in '/home/mariem/multi_robot_ws/build/explore_lite': CMAKE_PREFIX_PATH=${CMAKE_PREFIX_PATH}:/home/mariem/my_ros2_ws/install/my_turtlebot_gazebo:/home/mariem/multi_robot_ws/install/merge_map:/opt/ros/humble /usr/bin/cmake /home/mariem/multi_robot_ws/src/explore -DCMAKE_INSTALL_PREFIX=/home/mariem/multi_robot_ws/install/explore_lite
[0.210s] -- The C compiler identification is GNU 11.4.0
[0.210s] -- The CXX compiler identification is GNU 11.4.0
[0.210s] -- Detecting C compiler ABI info
[0.234s] -- Detecting C compiler ABI info - done
[0.239s] -- Check for working C compiler: /usr/bin/cc - skipped
[0.240s] -- Detecting C compile features
[0.240s] -- Detecting C compile features - done
[0.242s] -- Detecting CXX compiler ABI info
[0.301s] -- Detecting CXX compiler ABI info - done
[0.307s] -- Check for working CXX compiler: /usr/bin/c++ - skipped
[0.308s] -- Detecting CXX compile features
[0.308s] -- Detecting CXX compile features - done
[0.308s] -- BuilD for ROS2: humble
[0.311s] -- Found ament_cmake: 1.3.11 (/opt/ros/humble/share/ament_cmake/cmake)
[0.431s] -- Found Python3: /usr/bin/python3 (found version "3.10.12") found components: Interpreter 
[0.519s] -- Found rclcpp: 16.0.11 (/opt/ros/humble/share/rclcpp/cmake)
[0.562s] -- Found rosidl_generator_c: 3.1.6 (/opt/ros/humble/share/rosidl_generator_c/cmake)
[0.568s] -- Found rosidl_adapter: 3.1.6 (/opt/ros/humble/share/rosidl_adapter/cmake)
[0.576s] -- Found rosidl_generator_cpp: 3.1.6 (/opt/ros/humble/share/rosidl_generator_cpp/cmake)
[0.588s] -- Using all available rosidl_typesupport_c: rosidl_typesupport_fastrtps_c;rosidl_typesupport_introspection_c
[0.604s] -- Using all available rosidl_typesupport_cpp: rosidl_typesupport_fastrtps_cpp;rosidl_typesupport_introspection_cpp
[0.644s] -- Found rmw_implementation_cmake: 6.1.2 (/opt/ros/humble/share/rmw_implementation_cmake/cmake)
[0.647s] -- Found rmw_fastrtps_cpp: 6.2.7 (/opt/ros/humble/share/rmw_fastrtps_cpp/cmake)
[0.723s] -- Found OpenSSL: /usr/lib/x86_64-linux-gnu/libcrypto.so (found version "3.0.2")  
[0.747s] -- Found FastRTPS: /opt/ros/humble/include  
[0.784s] -- Using RMW implementation 'rmw_fastrtps_cpp' as default
[0.793s] -- Looking for pthread.h
[0.850s] -- Looking for pthread.h - found
[0.850s] -- Performing Test CMAKE_HAVE_LIBC_PTHREAD
[0.908s] -- Performing Test CMAKE_HAVE_LIBC_PTHREAD - Success
[0.909s] -- Found Threads: TRUE  
[0.949s] -- Found sensor_msgs: 4.2.4 (/opt/ros/humble/share/sensor_msgs/cmake)
[0.976s] -- Found tf2_ros: 0.25.12 (/opt/ros/humble/share/tf2_ros/cmake)
[1.070s] -- Found tf2_geometry_msgs: 0.25.12 (/opt/ros/humble/share/tf2_geometry_msgs/cmake)
[1.084s] -- Found eigen3_cmake_module: 0.1.1 (/opt/ros/humble/share/eigen3_cmake_module/cmake)
[1.085s] -- Found Eigen3: TRUE (found version "3.4.0") 
[1.085s] -- Ensuring Eigen3 include directory is part of orocos-kdl CMake target
[1.088s] -- Found nav2_msgs: 1.1.18 (/opt/ros/humble/share/nav2_msgs/cmake)
[1.131s] -- Found map_msgs: 2.1.0 (/opt/ros/humble/share/map_msgs/cmake)
[1.149s] -- Found visualization_msgs: 4.2.4 (/opt/ros/humble/share/visualization_msgs/cmake)
[1.171s] -- Found nav2_costmap_2d: 1.1.18 (/opt/ros/humble/share/nav2_costmap_2d/cmake)
[1.294s] -- Found ament_lint_auto: 0.12.11 (/opt/ros/humble/share/ament_lint_auto/cmake)
[1.352s] -- Found ament_cmake_gtest: 1.3.11 (/opt/ros/humble/share/ament_cmake_gtest/cmake)
[1.355s] -- Found gtest sources under '/opt/ros/humble/src/gtest_vendor': C++ tests using 'Google Test' will be built
[1.366s] -- Added test 'cppcheck' to perform static code analysis on C / C++ code
[1.367s] -- Configured cppcheck include dirs: /home/mariem/multi_robot_ws/src/explore/include;$<BUILD_INTERFACE:/home/mariem/multi_robot_ws/src/explore/include>
[1.367s] -- Configured cppcheck exclude dirs and/or files: 
[1.367s] -- Added test 'flake8' to check Python code syntax and style conventions
[1.368s] -- Added test 'lint_cmake' to check CMake code style
[1.368s] -- Added test 'pep257' to check Python code against some of the docstring style conventions in PEP 257
[1.369s] -- Added test 'uncrustify' to check C / C++ code style
[1.369s] -- Configured uncrustify additional arguments: 
[1.370s] -- Added test 'xmllint' to check XML markup files
[1.371s] -- Configuring done
[1.438s] -- Generating done
[1.448s] -- Build files have been written to: /home/mariem/multi_robot_ws/build/explore_lite
[1.459s] Invoked command in '/home/mariem/multi_robot_ws/build/explore_lite' returned '0': CMAKE_PREFIX_PATH=${CMAKE_PREFIX_PATH}:/home/mariem/my_ros2_ws/install/my_turtlebot_gazebo:/home/mariem/multi_robot_ws/install/merge_map:/opt/ros/humble /usr/bin/cmake /home/mariem/multi_robot_ws/src/explore -DCMAKE_INSTALL_PREFIX=/home/mariem/multi_robot_ws/install/explore_lite
[1.461s] Invoking command in '/home/mariem/multi_robot_ws/build/explore_lite': CMAKE_PREFIX_PATH=${CMAKE_PREFIX_PATH}:/home/mariem/my_ros2_ws/install/my_turtlebot_gazebo:/home/mariem/multi_robot_ws/install/merge_map:/opt/ros/humble /usr/bin/cmake --build /home/mariem/multi_robot_ws/build/explore_lite -- -j16 -l16
[1.493s] [ 10%] [32mBuilding CXX object gtest/CMakeFiles/gtest_main.dir/src/gtest_main.cc.o[0m
[1.493s] [ 20%] [32mBuilding CXX object gtest/CMakeFiles/gtest.dir/src/gtest-all.cc.o[0m
[1.494s] [ 30%] [32mBuilding CXX object CMakeFiles/explore.dir/src/costmap_client.cpp.o[0m
[1.494s] [ 40%] [32mBuilding CXX object CMakeFiles/explore.dir/src/explore.cpp.o[0m
[1.494s] [ 50%] [32mBuilding CXX object CMakeFiles/explore.dir/src/frontier_search.cpp.o[0m
[2.102s] [ 60%] [32m[1mLinking CXX static library libgtest_main.a[0m
[2.129s] [ 60%] Built target gtest_main
[4.205s] [ 70%] [32m[1mLinking CXX static library libgtest.a[0m
[4.255s] [ 70%] Built target gtest
[4.273s] [ 80%] [32mBuilding CXX object CMakeFiles/test_explore.dir/test/test_explore.cpp.o[0m
[5.356s] [ 90%] [32m[1mLinking CXX executable test_explore[0m
[6.269s] [ 90%] Built target test_explore
[12.269s] [100%] [32m[1mLinking CXX executable explore[0m
[13.825s] [100%] Built target explore
[13.854s] Invoked command in '/home/mariem/multi_robot_ws/build/explore_lite' returned '0': CMAKE_PREFIX_PATH=${CMAKE_PREFIX_PATH}:/home/mariem/my_ros2_ws/install/my_turtlebot_gazebo:/home/mariem/multi_robot_ws/install/merge_map:/opt/ros/humble /usr/bin/cmake --build /home/mariem/multi_robot_ws/build/explore_lite -- -j16 -l16
[13.860s] Invoking command in '/home/mariem/multi_robot_ws/build/explore_lite': CMAKE_PREFIX_PATH=${CMAKE_PREFIX_PATH}:/home/mariem/my_ros2_ws/install/my_turtlebot_gazebo:/home/mariem/multi_robot_ws/install/merge_map:/opt/ros/humble /usr/bin/cmake --install /home/mariem/multi_robot_ws/build/explore_lite
[13.865s] -- Install configuration: ""
[13.865s] -- Installing: /home/mariem/multi_robot_ws/install/explore_lite/include/explore/
[13.865s] -- Installing: /home/mariem/multi_robot_ws/install/explore_lite/include/explore//explore.h
[13.865s] -- Installing: /home/mariem/multi_robot_ws/install/explore_lite/include/explore//costmap_client.h
[13.865s] -- Installing: /home/mariem/multi_robot_ws/install/explore_lite/include/explore//frontier_search.h
[13.865s] -- Installing: /home/mariem/multi_robot_ws/install/explore_lite/include/explore//costmap_tools.h
[13.865s] -- Installing: /home/mariem/multi_robot_ws/install/explore_lite/share/explore_lite/config
[13.865s] -- Installing: /home/mariem/multi_robot_ws/install/explore_lite/share/explore_lite/config/params_costmap.yaml
[13.866s] -- Installing: /home/mariem/multi_robot_ws/install/explore_lite/share/explore_lite/config/robot1_explore_params.yaml
[13.866s] -- Installing: /home/mariem/multi_robot_ws/install/explore_lite/share/explore_lite/config/params.yaml
[13.866s] -- Installing: /home/mariem/multi_robot_ws/install/explore_lite/share/explore_lite/launch
[13.866s] -- Installing: /home/mariem/multi_robot_ws/install/explore_lite/share/explore_lite/launch/robot1_explore.launch.py
[13.866s] -- Installing: /home/mariem/multi_robot_ws/install/explore_lite/share/explore_lite/launch/explore.launch.py
[13.866s] -- Installing: /home/mariem/multi_robot_ws/install/explore_lite/lib/explore_lite/explore
[13.870s] -- Set runtime path of "/home/mariem/multi_robot_ws/install/explore_lite/lib/explore_lite/explore" to ""
[13.870s] -- Installing: /home/mariem/multi_robot_ws/install/explore_lite/share/ament_index/resource_index/package_run_dependencies/explore_lite
[13.870s] -- Installing: /home/mariem/multi_robot_ws/install/explore_lite/share/ament_index/resource_index/parent_prefix_path/explore_lite
[13.870s] -- Installing: /home/mariem/multi_robot_ws/install/explore_lite/share/explore_lite/environment/ament_prefix_path.sh
[13.870s] -- Installing: /home/mariem/multi_robot_ws/install/explore_lite/share/explore_lite/environment/ament_prefix_path.dsv
[13.870s] -- Installing: /home/mariem/multi_robot_ws/install/explore_lite/share/explore_lite/environment/path.sh
[13.870s] -- Installing: /home/mariem/multi_robot_ws/install/explore_lite/share/explore_lite/environment/path.dsv
[13.870s] -- Installing: /home/mariem/multi_robot_ws/install/explore_lite/share/explore_lite/local_setup.bash
[13.870s] -- Installing: /home/mariem/multi_robot_ws/install/explore_lite/share/explore_lite/local_setup.sh
[13.871s] -- Installing: /home/mariem/multi_robot_ws/install/explore_lite/share/explore_lite/local_setup.zsh
[13.871s] -- Installing: /home/mariem/multi_robot_ws/install/explore_lite/share/explore_lite/local_setup.dsv
[13.871s] -- Installing: /home/mariem/multi_robot_ws/install/explore_lite/share/explore_lite/package.dsv
[13.871s] -- Installing: /home/mariem/multi_robot_ws/install/explore_lite/share/ament_index/resource_index/packages/explore_lite
[13.871s] -- Installing: /home/mariem/multi_robot_ws/install/explore_lite/share/explore_lite/cmake/ament_cmake_export_include_directories-extras.cmake
[13.871s] -- Installing: /home/mariem/multi_robot_ws/install/explore_lite/share/explore_lite/cmake/explore_liteConfig.cmake
[13.871s] -- Installing: /home/mariem/multi_robot_ws/install/explore_lite/share/explore_lite/cmake/explore_liteConfig-version.cmake
[13.871s] -- Installing: /home/mariem/multi_robot_ws/install/explore_lite/share/explore_lite/package.xml
[13.872s] Invoked command in '/home/mariem/multi_robot_ws/build/explore_lite' returned '0': CMAKE_PREFIX_PATH=${CMAKE_PREFIX_PATH}:/home/mariem/my_ros2_ws/install/my_turtlebot_gazebo:/home/mariem/multi_robot_ws/install/merge_map:/opt/ros/humble /usr/bin/cmake --install /home/mariem/multi_robot_ws/build/explore_lite
