[0.196s] DEBUG:colcon:Command line arguments: ['/usr/bin/colcon', 'build', '--symlink-install']
[0.196s] DEBUG:colcon:Parsed command line arguments: Namespace(log_base=None, log_level=None, verb_name='build', build_base='build', install_base='install', merge_install=False, symlink_install=True, test_result_base=None, continue_on_error=False, executor='parallel', parallel_workers=16, event_handlers=None, ignore_user_meta=False, metas=['./colcon.meta'], base_paths=['.'], packages_ignore=None, packages_ignore_regex=None, paths=None, packages_up_to=None, packages_up_to_regex=None, packages_above=None, packages_above_and_dependencies=None, packages_above_depth=None, packages_select_by_dep=None, packages_skip_by_dep=None, packages_skip_up_to=None, packages_select_build_failed=False, packages_skip_build_finished=False, packages_select_test_failures=False, packages_skip_test_passed=False, packages_select=None, packages_skip=None, packages_select_regex=None, packages_skip_regex=None, packages_start=None, packages_end=None, allow_overriding=[], cmake_args=None, cmake_target=None, cmake_target_skip_unavailable=False, cmake_clean_cache=False, cmake_clean_first=False, cmake_force_configure=False, ament_cmake_args=None, catkin_cmake_args=None, catkin_skip_building_tests=False, mixin_files=None, mixin=None, verb_parser=<colcon_mixin.mixin.mixin_argument.MixinArgumentDecorator object at 0x745c62772530>, verb_extension=<colcon_core.verb.build.BuildVerb object at 0x745c62872a70>, main=<bound method BuildVerb.main of <colcon_core.verb.build.BuildVerb object at 0x745c62872a70>>, mixin_verb=('build',))
[0.376s] Level 1:colcon.colcon_core.package_discovery:discover_packages(colcon_meta) check parameters
[0.376s] Level 1:colcon.colcon_core.package_discovery:discover_packages(recursive) check parameters
[0.376s] Level 1:colcon.colcon_core.package_discovery:discover_packages(ignore) check parameters
[0.377s] Level 1:colcon.colcon_core.package_discovery:discover_packages(path) check parameters
[0.377s] Level 1:colcon.colcon_core.package_discovery:discover_packages(colcon_meta) discover
[0.377s] Level 1:colcon.colcon_core.package_discovery:discover_packages(recursive) discover
[0.377s] INFO:colcon.colcon_core.package_discovery:Crawling recursively for packages in '/home/mariem/multi_robot_ws'
[0.377s] Level 1:colcon.colcon_core.package_identification:_identify(.) by extensions ['ignore', 'ignore_ament_install']
[0.377s] Level 1:colcon.colcon_core.package_identification:_identify(.) by extension 'ignore'
[0.377s] Level 1:colcon.colcon_core.package_identification:_identify(.) by extension 'ignore_ament_install'
[0.377s] Level 1:colcon.colcon_core.package_identification:_identify(.) by extensions ['colcon_pkg']
[0.377s] Level 1:colcon.colcon_core.package_identification:_identify(.) by extension 'colcon_pkg'
[0.377s] Level 1:colcon.colcon_core.package_identification:_identify(.) by extensions ['colcon_meta']
[0.377s] Level 1:colcon.colcon_core.package_identification:_identify(.) by extension 'colcon_meta'
[0.377s] Level 1:colcon.colcon_core.package_identification:_identify(.) by extensions ['ros']
[0.377s] Level 1:colcon.colcon_core.package_identification:_identify(.) by extension 'ros'
[0.384s] Level 1:colcon.colcon_core.package_identification:_identify(.) by extensions ['cmake', 'python']
[0.384s] Level 1:colcon.colcon_core.package_identification:_identify(.) by extension 'cmake'
[0.384s] Level 1:colcon.colcon_core.package_identification:_identify(.) by extension 'python'
[0.384s] Level 1:colcon.colcon_core.package_identification:_identify(.) by extensions ['python_setup_py']
[0.384s] Level 1:colcon.colcon_core.package_identification:_identify(.) by extension 'python_setup_py'
[0.385s] Level 1:colcon.colcon_core.package_identification:_identify(build) by extensions ['ignore', 'ignore_ament_install']
[0.385s] Level 1:colcon.colcon_core.package_identification:_identify(build) by extension 'ignore'
[0.385s] Level 1:colcon.colcon_core.package_identification:_identify(build) ignored
[0.385s] Level 1:colcon.colcon_core.package_identification:_identify(install) by extensions ['ignore', 'ignore_ament_install']
[0.385s] Level 1:colcon.colcon_core.package_identification:_identify(install) by extension 'ignore'
[0.385s] Level 1:colcon.colcon_core.package_identification:_identify(install) ignored
[0.385s] Level 1:colcon.colcon_core.package_identification:_identify(log) by extensions ['ignore', 'ignore_ament_install']
[0.385s] Level 1:colcon.colcon_core.package_identification:_identify(log) by extension 'ignore'
[0.385s] Level 1:colcon.colcon_core.package_identification:_identify(log) ignored
[0.385s] Level 1:colcon.colcon_core.package_identification:_identify(src) by extensions ['ignore', 'ignore_ament_install']
[0.385s] Level 1:colcon.colcon_core.package_identification:_identify(src) by extension 'ignore'
[0.385s] Level 1:colcon.colcon_core.package_identification:_identify(src) by extension 'ignore_ament_install'
[0.385s] Level 1:colcon.colcon_core.package_identification:_identify(src) by extensions ['colcon_pkg']
[0.385s] Level 1:colcon.colcon_core.package_identification:_identify(src) by extension 'colcon_pkg'
[0.385s] Level 1:colcon.colcon_core.package_identification:_identify(src) by extensions ['colcon_meta']
[0.385s] Level 1:colcon.colcon_core.package_identification:_identify(src) by extension 'colcon_meta'
[0.385s] Level 1:colcon.colcon_core.package_identification:_identify(src) by extensions ['ros']
[0.385s] Level 1:colcon.colcon_core.package_identification:_identify(src) by extension 'ros'
[0.385s] Level 1:colcon.colcon_core.package_identification:_identify(src) by extensions ['cmake', 'python']
[0.385s] Level 1:colcon.colcon_core.package_identification:_identify(src) by extension 'cmake'
[0.385s] Level 1:colcon.colcon_core.package_identification:_identify(src) by extension 'python'
[0.385s] Level 1:colcon.colcon_core.package_identification:_identify(src) by extensions ['python_setup_py']
[0.385s] Level 1:colcon.colcon_core.package_identification:_identify(src) by extension 'python_setup_py'
[0.385s] Level 1:colcon.colcon_core.package_identification:_identify(src/explore) by extensions ['ignore', 'ignore_ament_install']
[0.385s] Level 1:colcon.colcon_core.package_identification:_identify(src/explore) by extension 'ignore'
[0.385s] Level 1:colcon.colcon_core.package_identification:_identify(src/explore) by extension 'ignore_ament_install'
[0.386s] Level 1:colcon.colcon_core.package_identification:_identify(src/explore) by extensions ['colcon_pkg']
[0.386s] Level 1:colcon.colcon_core.package_identification:_identify(src/explore) by extension 'colcon_pkg'
[0.386s] Level 1:colcon.colcon_core.package_identification:_identify(src/explore) by extensions ['colcon_meta']
[0.386s] Level 1:colcon.colcon_core.package_identification:_identify(src/explore) by extension 'colcon_meta'
[0.386s] Level 1:colcon.colcon_core.package_identification:_identify(src/explore) by extensions ['ros']
[0.386s] Level 1:colcon.colcon_core.package_identification:_identify(src/explore) by extension 'ros'
[0.388s] DEBUG:colcon.colcon_core.package_identification:Package 'src/explore' with type 'ros.ament_cmake' and name 'explore_lite'
[0.388s] Level 1:colcon.colcon_core.package_identification:_identify(src/merge_map) by extensions ['ignore', 'ignore_ament_install']
[0.388s] Level 1:colcon.colcon_core.package_identification:_identify(src/merge_map) by extension 'ignore'
[0.389s] Level 1:colcon.colcon_core.package_identification:_identify(src/merge_map) by extension 'ignore_ament_install'
[0.389s] Level 1:colcon.colcon_core.package_identification:_identify(src/merge_map) by extensions ['colcon_pkg']
[0.389s] Level 1:colcon.colcon_core.package_identification:_identify(src/merge_map) by extension 'colcon_pkg'
[0.389s] Level 1:colcon.colcon_core.package_identification:_identify(src/merge_map) by extensions ['colcon_meta']
[0.389s] Level 1:colcon.colcon_core.package_identification:_identify(src/merge_map) by extension 'colcon_meta'
[0.389s] Level 1:colcon.colcon_core.package_identification:_identify(src/merge_map) by extensions ['ros']
[0.389s] Level 1:colcon.colcon_core.package_identification:_identify(src/merge_map) by extension 'ros'
[0.389s] DEBUG:colcon.colcon_core.package_identification:Package 'src/merge_map' with type 'ros.ament_python' and name 'merge_map'
[0.389s] Level 1:colcon.colcon_core.package_identification:_identify(src/multirobot_map_merge) by extensions ['ignore', 'ignore_ament_install']
[0.389s] Level 1:colcon.colcon_core.package_identification:_identify(src/multirobot_map_merge) by extension 'ignore'
[0.389s] Level 1:colcon.colcon_core.package_identification:_identify(src/multirobot_map_merge) by extension 'ignore_ament_install'
[0.389s] Level 1:colcon.colcon_core.package_identification:_identify(src/multirobot_map_merge) by extensions ['colcon_pkg']
[0.389s] Level 1:colcon.colcon_core.package_identification:_identify(src/multirobot_map_merge) by extension 'colcon_pkg'
[0.389s] Level 1:colcon.colcon_core.package_identification:_identify(src/multirobot_map_merge) by extensions ['colcon_meta']
[0.390s] Level 1:colcon.colcon_core.package_identification:_identify(src/multirobot_map_merge) by extension 'colcon_meta'
[0.390s] Level 1:colcon.colcon_core.package_identification:_identify(src/multirobot_map_merge) by extensions ['ros']
[0.390s] Level 1:colcon.colcon_core.package_identification:_identify(src/multirobot_map_merge) by extension 'ros'
[0.390s] DEBUG:colcon.colcon_core.package_identification:Package 'src/multirobot_map_merge' with type 'ros.ament_cmake' and name 'multirobot_map_merge'
[0.390s] Level 1:colcon.colcon_core.package_discovery:discover_packages(recursive) using defaults
[0.390s] Level 1:colcon.colcon_core.package_discovery:discover_packages(ignore) discover
[0.390s] Level 1:colcon.colcon_core.package_discovery:discover_packages(ignore) using defaults
[0.390s] Level 1:colcon.colcon_core.package_discovery:discover_packages(path) discover
[0.390s] Level 1:colcon.colcon_core.package_discovery:discover_packages(path) using defaults
[0.415s] Level 1:colcon.colcon_core.package_discovery:discover_packages(prefix_path) check parameters
[0.415s] Level 1:colcon.colcon_core.package_discovery:discover_packages(prefix_path) discover
[0.417s] DEBUG:colcon.colcon_installed_package_information.package_discovery:Found 3 installed packages in /home/mariem/multi_robot_ws/install
[0.418s] DEBUG:colcon.colcon_installed_package_information.package_discovery:Found 1 installed packages in /home/mariem/test_ws/install
[0.418s] DEBUG:colcon.colcon_installed_package_information.package_discovery:Found 1 installed packages in /home/mariem/pcd_ws/install
[0.418s] DEBUG:colcon.colcon_installed_package_information.package_discovery:Found 5 installed packages in /home/mariem/my_ros2_ws/install
[0.419s] DEBUG:colcon.colcon_installed_package_information.package_discovery:Found 398 installed packages in /opt/ros/humble
[0.420s] Level 1:colcon.colcon_core.package_discovery:discover_packages(prefix_path) using defaults
[0.459s] Level 5:colcon.colcon_core.verb:set package 'explore_lite' build argument 'cmake_args' from command line to 'None'
[0.459s] Level 5:colcon.colcon_core.verb:set package 'explore_lite' build argument 'cmake_target' from command line to 'None'
[0.459s] Level 5:colcon.colcon_core.verb:set package 'explore_lite' build argument 'cmake_target_skip_unavailable' from command line to 'False'
[0.459s] Level 5:colcon.colcon_core.verb:set package 'explore_lite' build argument 'cmake_clean_cache' from command line to 'False'
[0.459s] Level 5:colcon.colcon_core.verb:set package 'explore_lite' build argument 'cmake_clean_first' from command line to 'False'
[0.459s] Level 5:colcon.colcon_core.verb:set package 'explore_lite' build argument 'cmake_force_configure' from command line to 'False'
[0.459s] Level 5:colcon.colcon_core.verb:set package 'explore_lite' build argument 'ament_cmake_args' from command line to 'None'
[0.459s] Level 5:colcon.colcon_core.verb:set package 'explore_lite' build argument 'catkin_cmake_args' from command line to 'None'
[0.459s] Level 5:colcon.colcon_core.verb:set package 'explore_lite' build argument 'catkin_skip_building_tests' from command line to 'False'
[0.459s] DEBUG:colcon.colcon_core.verb:Building package 'explore_lite' with the following arguments: {'ament_cmake_args': None, 'build_base': '/home/mariem/multi_robot_ws/build/explore_lite', 'catkin_cmake_args': None, 'catkin_skip_building_tests': False, 'cmake_args': None, 'cmake_clean_cache': False, 'cmake_clean_first': False, 'cmake_force_configure': False, 'cmake_target': None, 'cmake_target_skip_unavailable': False, 'install_base': '/home/mariem/multi_robot_ws/install/explore_lite', 'merge_install': False, 'path': '/home/mariem/multi_robot_ws/src/explore', 'symlink_install': True, 'test_result_base': None}
[0.459s] Level 5:colcon.colcon_core.verb:set package 'merge_map' build argument 'cmake_args' from command line to 'None'
[0.459s] Level 5:colcon.colcon_core.verb:set package 'merge_map' build argument 'cmake_target' from command line to 'None'
[0.459s] Level 5:colcon.colcon_core.verb:set package 'merge_map' build argument 'cmake_target_skip_unavailable' from command line to 'False'
[0.459s] Level 5:colcon.colcon_core.verb:set package 'merge_map' build argument 'cmake_clean_cache' from command line to 'False'
[0.459s] Level 5:colcon.colcon_core.verb:set package 'merge_map' build argument 'cmake_clean_first' from command line to 'False'
[0.459s] Level 5:colcon.colcon_core.verb:set package 'merge_map' build argument 'cmake_force_configure' from command line to 'False'
[0.459s] Level 5:colcon.colcon_core.verb:set package 'merge_map' build argument 'ament_cmake_args' from command line to 'None'
[0.459s] Level 5:colcon.colcon_core.verb:set package 'merge_map' build argument 'catkin_cmake_args' from command line to 'None'
[0.459s] Level 5:colcon.colcon_core.verb:set package 'merge_map' build argument 'catkin_skip_building_tests' from command line to 'False'
[0.459s] DEBUG:colcon.colcon_core.verb:Building package 'merge_map' with the following arguments: {'ament_cmake_args': None, 'build_base': '/home/mariem/multi_robot_ws/build/merge_map', 'catkin_cmake_args': None, 'catkin_skip_building_tests': False, 'cmake_args': None, 'cmake_clean_cache': False, 'cmake_clean_first': False, 'cmake_force_configure': False, 'cmake_target': None, 'cmake_target_skip_unavailable': False, 'install_base': '/home/mariem/multi_robot_ws/install/merge_map', 'merge_install': False, 'path': '/home/mariem/multi_robot_ws/src/merge_map', 'symlink_install': True, 'test_result_base': None}
[0.459s] Level 5:colcon.colcon_core.verb:set package 'multirobot_map_merge' build argument 'cmake_args' from command line to 'None'
[0.459s] Level 5:colcon.colcon_core.verb:set package 'multirobot_map_merge' build argument 'cmake_target' from command line to 'None'
[0.459s] Level 5:colcon.colcon_core.verb:set package 'multirobot_map_merge' build argument 'cmake_target_skip_unavailable' from command line to 'False'
[0.459s] Level 5:colcon.colcon_core.verb:set package 'multirobot_map_merge' build argument 'cmake_clean_cache' from command line to 'False'
[0.459s] Level 5:colcon.colcon_core.verb:set package 'multirobot_map_merge' build argument 'cmake_clean_first' from command line to 'False'
[0.459s] Level 5:colcon.colcon_core.verb:set package 'multirobot_map_merge' build argument 'cmake_force_configure' from command line to 'False'
[0.459s] Level 5:colcon.colcon_core.verb:set package 'multirobot_map_merge' build argument 'ament_cmake_args' from command line to 'None'
[0.459s] Level 5:colcon.colcon_core.verb:set package 'multirobot_map_merge' build argument 'catkin_cmake_args' from command line to 'None'
[0.459s] Level 5:colcon.colcon_core.verb:set package 'multirobot_map_merge' build argument 'catkin_skip_building_tests' from command line to 'False'
[0.459s] DEBUG:colcon.colcon_core.verb:Building package 'multirobot_map_merge' with the following arguments: {'ament_cmake_args': None, 'build_base': '/home/mariem/multi_robot_ws/build/multirobot_map_merge', 'catkin_cmake_args': None, 'catkin_skip_building_tests': False, 'cmake_args': None, 'cmake_clean_cache': False, 'cmake_clean_first': False, 'cmake_force_configure': False, 'cmake_target': None, 'cmake_target_skip_unavailable': False, 'install_base': '/home/mariem/multi_robot_ws/install/multirobot_map_merge', 'merge_install': False, 'path': '/home/mariem/multi_robot_ws/src/multirobot_map_merge', 'symlink_install': True, 'test_result_base': None}
[0.459s] INFO:colcon.colcon_core.executor:Executing jobs using 'parallel' executor
[0.460s] DEBUG:colcon.colcon_parallel_executor.executor.parallel:run_until_complete
[0.460s] INFO:colcon.colcon_ros.task.ament_cmake.build:Building ROS package in '/home/mariem/multi_robot_ws/src/explore' with build type 'ament_cmake'
[0.461s] INFO:colcon.colcon_cmake.task.cmake.build:Building CMake package in '/home/mariem/multi_robot_ws/src/explore'
[0.464s] INFO:colcon.colcon_core.plugin_system:Skipping extension 'colcon_core.shell.bat': Not used on non-Windows systems
[0.464s] INFO:colcon.colcon_core.shell:Skip shell extension 'powershell' for command environment: Not usable outside of PowerShell
[0.464s] DEBUG:colcon.colcon_core.shell:Skip shell extension 'dsv' for command environment
[0.467s] INFO:colcon.colcon_ros.task.ament_python.build:Building ROS package in '/home/mariem/multi_robot_ws/src/merge_map' with build type 'ament_python'
[0.467s] Level 1:colcon.colcon_core.shell:create_environment_hook('merge_map', 'ament_prefix_path')
[0.467s] INFO:colcon.colcon_core.shell:Creating environment hook '/home/mariem/multi_robot_ws/install/merge_map/share/merge_map/hook/ament_prefix_path.ps1'
[0.468s] INFO:colcon.colcon_core.shell:Creating environment descriptor '/home/mariem/multi_robot_ws/install/merge_map/share/merge_map/hook/ament_prefix_path.dsv'
[0.469s] INFO:colcon.colcon_core.shell:Creating environment hook '/home/mariem/multi_robot_ws/install/merge_map/share/merge_map/hook/ament_prefix_path.sh'
[0.470s] INFO:colcon.colcon_core.shell:Skip shell extension 'powershell' for command environment: Not usable outside of PowerShell
[0.470s] DEBUG:colcon.colcon_core.shell:Skip shell extension 'dsv' for command environment
[0.472s] INFO:colcon.colcon_ros.task.ament_cmake.build:Building ROS package in '/home/mariem/multi_robot_ws/src/multirobot_map_merge' with build type 'ament_cmake'
[0.472s] INFO:colcon.colcon_cmake.task.cmake.build:Building CMake package in '/home/mariem/multi_robot_ws/src/multirobot_map_merge'
[0.473s] INFO:colcon.colcon_core.shell:Skip shell extension 'powershell' for command environment: Not usable outside of PowerShell
[0.473s] DEBUG:colcon.colcon_core.shell:Skip shell extension 'dsv' for command environment
[0.478s] DEBUG:colcon.colcon_core.event_handler.log_command:Invoking command in '/home/mariem/multi_robot_ws/build/explore_lite': CMAKE_PREFIX_PATH=${CMAKE_PREFIX_PATH}:/home/mariem/multi_robot_ws/install/merge_map:/home/mariem/my_ros2_ws/install/my_turtlebot_gazebo:/opt/ros/humble /usr/bin/cmake --build /home/mariem/multi_robot_ws/build/explore_lite -- -j16 -l16
[0.655s] INFO:colcon.colcon_core.task.python.build:Building Python package in '/home/mariem/multi_robot_ws/src/merge_map'
[0.656s] INFO:colcon.colcon_core.shell:Skip shell extension 'powershell' for command environment: Not usable outside of PowerShell
[0.656s] DEBUG:colcon.colcon_core.shell:Skip shell extension 'dsv' for command environment
[0.662s] DEBUG:colcon.colcon_core.event_handler.log_command:Invoking command in '/home/mariem/multi_robot_ws/build/multirobot_map_merge': CMAKE_PREFIX_PATH=${CMAKE_PREFIX_PATH}:/home/mariem/multi_robot_ws/install/merge_map:/home/mariem/my_ros2_ws/install/my_turtlebot_gazebo:/opt/ros/humble /usr/bin/cmake --build /home/mariem/multi_robot_ws/build/multirobot_map_merge -- -j16 -l16
[0.662s] DEBUG:colcon.colcon_core.event_handler.log_command:Invoked command in '/home/mariem/multi_robot_ws/build/explore_lite' returned '0': CMAKE_PREFIX_PATH=${CMAKE_PREFIX_PATH}:/home/mariem/multi_robot_ws/install/merge_map:/home/mariem/my_ros2_ws/install/my_turtlebot_gazebo:/opt/ros/humble /usr/bin/cmake --build /home/mariem/multi_robot_ws/build/explore_lite -- -j16 -l16
[0.669s] DEBUG:colcon.colcon_core.event_handler.log_command:Invoking command in '/home/mariem/multi_robot_ws/build/explore_lite': CMAKE_PREFIX_PATH=${CMAKE_PREFIX_PATH}:/home/mariem/multi_robot_ws/install/merge_map:/home/mariem/my_ros2_ws/install/my_turtlebot_gazebo:/opt/ros/humble /usr/bin/cmake --install /home/mariem/multi_robot_ws/build/explore_lite
[0.689s] Level 1:colcon.colcon_core.environment:create_environment_scripts_only(explore_lite)
[0.689s] DEBUG:colcon.colcon_core.event_handler.log_command:Invoked command in '/home/mariem/multi_robot_ws/build/explore_lite' returned '0': CMAKE_PREFIX_PATH=${CMAKE_PREFIX_PATH}:/home/mariem/multi_robot_ws/install/merge_map:/home/mariem/my_ros2_ws/install/my_turtlebot_gazebo:/opt/ros/humble /usr/bin/cmake --install /home/mariem/multi_robot_ws/build/explore_lite
[0.694s] Level 1:colcon.colcon_core.environment:checking '/home/mariem/multi_robot_ws/install/explore_lite' for CMake module files
[0.695s] Level 1:colcon.colcon_core.environment:checking '/home/mariem/multi_robot_ws/install/explore_lite' for CMake config files
[0.695s] Level 1:colcon.colcon_core.shell:create_environment_hook('explore_lite', 'cmake_prefix_path')
[0.695s] INFO:colcon.colcon_core.shell:Creating environment hook '/home/mariem/multi_robot_ws/install/explore_lite/share/explore_lite/hook/cmake_prefix_path.ps1'
[0.696s] INFO:colcon.colcon_core.shell:Creating environment descriptor '/home/mariem/multi_robot_ws/install/explore_lite/share/explore_lite/hook/cmake_prefix_path.dsv'
[0.696s] INFO:colcon.colcon_core.shell:Creating environment hook '/home/mariem/multi_robot_ws/install/explore_lite/share/explore_lite/hook/cmake_prefix_path.sh'
[0.697s] Level 1:colcon.colcon_core.environment:checking '/home/mariem/multi_robot_ws/install/explore_lite/lib'
[0.697s] Level 1:colcon.colcon_core.environment:checking '/home/mariem/multi_robot_ws/install/explore_lite/bin'
[0.697s] Level 1:colcon.colcon_core.environment:checking '/home/mariem/multi_robot_ws/install/explore_lite/lib/pkgconfig/explore_lite.pc'
[0.697s] Level 1:colcon.colcon_core.environment:checking '/home/mariem/multi_robot_ws/install/explore_lite/lib/python3.10/site-packages'
[0.697s] Level 1:colcon.colcon_core.environment:checking '/home/mariem/multi_robot_ws/install/explore_lite/bin'
[0.698s] INFO:colcon.colcon_core.shell:Creating package script '/home/mariem/multi_robot_ws/install/explore_lite/share/explore_lite/package.ps1'
[0.698s] INFO:colcon.colcon_core.shell:Creating package descriptor '/home/mariem/multi_robot_ws/install/explore_lite/share/explore_lite/package.dsv'
[0.699s] INFO:colcon.colcon_core.shell:Creating package script '/home/mariem/multi_robot_ws/install/explore_lite/share/explore_lite/package.sh'
[0.702s] INFO:colcon.colcon_core.shell:Creating package script '/home/mariem/multi_robot_ws/install/explore_lite/share/explore_lite/package.bash'
[0.703s] INFO:colcon.colcon_core.shell:Creating package script '/home/mariem/multi_robot_ws/install/explore_lite/share/explore_lite/package.zsh'
[0.708s] Level 1:colcon.colcon_core.environment:create_file_with_runtime_dependencies(/home/mariem/multi_robot_ws/install/explore_lite/share/colcon-core/packages/explore_lite)
[0.709s] Level 1:colcon.colcon_core.environment:create_environment_scripts_only(explore_lite)
[0.709s] Level 1:colcon.colcon_core.environment:checking '/home/mariem/multi_robot_ws/install/explore_lite' for CMake module files
[0.709s] Level 1:colcon.colcon_core.environment:checking '/home/mariem/multi_robot_ws/install/explore_lite' for CMake config files
[0.709s] Level 1:colcon.colcon_core.shell:create_environment_hook('explore_lite', 'cmake_prefix_path')
[0.710s] INFO:colcon.colcon_core.shell:Creating environment hook '/home/mariem/multi_robot_ws/install/explore_lite/share/explore_lite/hook/cmake_prefix_path.ps1'
[0.710s] INFO:colcon.colcon_core.shell:Creating environment descriptor '/home/mariem/multi_robot_ws/install/explore_lite/share/explore_lite/hook/cmake_prefix_path.dsv'
[0.710s] INFO:colcon.colcon_core.shell:Creating environment hook '/home/mariem/multi_robot_ws/install/explore_lite/share/explore_lite/hook/cmake_prefix_path.sh'
[0.711s] Level 1:colcon.colcon_core.environment:checking '/home/mariem/multi_robot_ws/install/explore_lite/lib'
[0.711s] Level 1:colcon.colcon_core.environment:checking '/home/mariem/multi_robot_ws/install/explore_lite/bin'
[0.711s] Level 1:colcon.colcon_core.environment:checking '/home/mariem/multi_robot_ws/install/explore_lite/lib/pkgconfig/explore_lite.pc'
[0.711s] Level 1:colcon.colcon_core.environment:checking '/home/mariem/multi_robot_ws/install/explore_lite/lib/python3.10/site-packages'
[0.711s] Level 1:colcon.colcon_core.environment:checking '/home/mariem/multi_robot_ws/install/explore_lite/bin'
[0.711s] INFO:colcon.colcon_core.shell:Creating package script '/home/mariem/multi_robot_ws/install/explore_lite/share/explore_lite/package.ps1'
[0.712s] INFO:colcon.colcon_core.shell:Creating package descriptor '/home/mariem/multi_robot_ws/install/explore_lite/share/explore_lite/package.dsv'
[0.712s] INFO:colcon.colcon_core.shell:Creating package script '/home/mariem/multi_robot_ws/install/explore_lite/share/explore_lite/package.sh'
[0.712s] INFO:colcon.colcon_core.shell:Creating package script '/home/mariem/multi_robot_ws/install/explore_lite/share/explore_lite/package.bash'
[0.713s] INFO:colcon.colcon_core.shell:Creating package script '/home/mariem/multi_robot_ws/install/explore_lite/share/explore_lite/package.zsh'
[0.713s] Level 1:colcon.colcon_core.environment:create_file_with_runtime_dependencies(/home/mariem/multi_robot_ws/install/explore_lite/share/colcon-core/packages/explore_lite)
[0.787s] DEBUG:colcon.colcon_core.event_handler.log_command:Invoked command in '/home/mariem/multi_robot_ws/build/multirobot_map_merge' returned '0': CMAKE_PREFIX_PATH=${CMAKE_PREFIX_PATH}:/home/mariem/multi_robot_ws/install/merge_map:/home/mariem/my_ros2_ws/install/my_turtlebot_gazebo:/opt/ros/humble /usr/bin/cmake --build /home/mariem/multi_robot_ws/build/multirobot_map_merge -- -j16 -l16
[0.789s] DEBUG:colcon.colcon_core.event_handler.log_command:Invoking command in '/home/mariem/multi_robot_ws/build/multirobot_map_merge': CMAKE_PREFIX_PATH=${CMAKE_PREFIX_PATH}:/home/mariem/multi_robot_ws/install/merge_map:/home/mariem/my_ros2_ws/install/my_turtlebot_gazebo:/opt/ros/humble /usr/bin/cmake --install /home/mariem/multi_robot_ws/build/multirobot_map_merge
[0.807s] Level 1:colcon.colcon_core.environment:create_environment_scripts_only(multirobot_map_merge)
[0.808s] Level 1:colcon.colcon_core.environment:checking '/home/mariem/multi_robot_ws/install/multirobot_map_merge' for CMake module files
[0.808s] DEBUG:colcon.colcon_core.event_handler.log_command:Invoked command in '/home/mariem/multi_robot_ws/build/multirobot_map_merge' returned '0': CMAKE_PREFIX_PATH=${CMAKE_PREFIX_PATH}:/home/mariem/multi_robot_ws/install/merge_map:/home/mariem/my_ros2_ws/install/my_turtlebot_gazebo:/opt/ros/humble /usr/bin/cmake --install /home/mariem/multi_robot_ws/build/multirobot_map_merge
[0.808s] Level 1:colcon.colcon_core.environment:checking '/home/mariem/multi_robot_ws/install/multirobot_map_merge' for CMake config files
[0.808s] Level 1:colcon.colcon_core.shell:create_environment_hook('multirobot_map_merge', 'cmake_prefix_path')
[0.808s] INFO:colcon.colcon_core.shell:Creating environment hook '/home/mariem/multi_robot_ws/install/multirobot_map_merge/share/multirobot_map_merge/hook/cmake_prefix_path.ps1'
[0.809s] INFO:colcon.colcon_core.shell:Creating environment descriptor '/home/mariem/multi_robot_ws/install/multirobot_map_merge/share/multirobot_map_merge/hook/cmake_prefix_path.dsv'
[0.809s] INFO:colcon.colcon_core.shell:Creating environment hook '/home/mariem/multi_robot_ws/install/multirobot_map_merge/share/multirobot_map_merge/hook/cmake_prefix_path.sh'
[0.809s] Level 1:colcon.colcon_core.environment:checking '/home/mariem/multi_robot_ws/install/multirobot_map_merge/lib'
[0.809s] Level 1:colcon.colcon_core.environment:checking '/home/mariem/multi_robot_ws/install/multirobot_map_merge/bin'
[0.809s] Level 1:colcon.colcon_core.environment:checking '/home/mariem/multi_robot_ws/install/multirobot_map_merge/lib/pkgconfig/multirobot_map_merge.pc'
[0.810s] Level 1:colcon.colcon_core.environment:checking '/home/mariem/multi_robot_ws/install/multirobot_map_merge/lib/python3.10/site-packages'
[0.810s] Level 1:colcon.colcon_core.environment:checking '/home/mariem/multi_robot_ws/install/multirobot_map_merge/bin'
[0.810s] INFO:colcon.colcon_core.shell:Creating package script '/home/mariem/multi_robot_ws/install/multirobot_map_merge/share/multirobot_map_merge/package.ps1'
[0.810s] INFO:colcon.colcon_core.shell:Creating package descriptor '/home/mariem/multi_robot_ws/install/multirobot_map_merge/share/multirobot_map_merge/package.dsv'
[0.810s] INFO:colcon.colcon_core.shell:Creating package script '/home/mariem/multi_robot_ws/install/multirobot_map_merge/share/multirobot_map_merge/package.sh'
[0.811s] INFO:colcon.colcon_core.shell:Creating package script '/home/mariem/multi_robot_ws/install/multirobot_map_merge/share/multirobot_map_merge/package.bash'
[0.811s] INFO:colcon.colcon_core.shell:Creating package script '/home/mariem/multi_robot_ws/install/multirobot_map_merge/share/multirobot_map_merge/package.zsh'
[0.811s] Level 1:colcon.colcon_core.environment:create_file_with_runtime_dependencies(/home/mariem/multi_robot_ws/install/multirobot_map_merge/share/colcon-core/packages/multirobot_map_merge)
[0.811s] Level 1:colcon.colcon_core.environment:create_environment_scripts_only(multirobot_map_merge)
[0.812s] Level 1:colcon.colcon_core.environment:checking '/home/mariem/multi_robot_ws/install/multirobot_map_merge' for CMake module files
[0.812s] Level 1:colcon.colcon_core.environment:checking '/home/mariem/multi_robot_ws/install/multirobot_map_merge' for CMake config files
[0.812s] Level 1:colcon.colcon_core.shell:create_environment_hook('multirobot_map_merge', 'cmake_prefix_path')
[0.812s] INFO:colcon.colcon_core.shell:Creating environment hook '/home/mariem/multi_robot_ws/install/multirobot_map_merge/share/multirobot_map_merge/hook/cmake_prefix_path.ps1'
[0.813s] INFO:colcon.colcon_core.shell:Creating environment descriptor '/home/mariem/multi_robot_ws/install/multirobot_map_merge/share/multirobot_map_merge/hook/cmake_prefix_path.dsv'
[0.813s] INFO:colcon.colcon_core.shell:Creating environment hook '/home/mariem/multi_robot_ws/install/multirobot_map_merge/share/multirobot_map_merge/hook/cmake_prefix_path.sh'
[0.813s] Level 1:colcon.colcon_core.environment:checking '/home/mariem/multi_robot_ws/install/multirobot_map_merge/lib'
[0.813s] Level 1:colcon.colcon_core.environment:checking '/home/mariem/multi_robot_ws/install/multirobot_map_merge/bin'
[0.813s] Level 1:colcon.colcon_core.environment:checking '/home/mariem/multi_robot_ws/install/multirobot_map_merge/lib/pkgconfig/multirobot_map_merge.pc'
[0.813s] Level 1:colcon.colcon_core.environment:checking '/home/mariem/multi_robot_ws/install/multirobot_map_merge/lib/python3.10/site-packages'
[0.814s] Level 1:colcon.colcon_core.environment:checking '/home/mariem/multi_robot_ws/install/multirobot_map_merge/bin'
[0.814s] INFO:colcon.colcon_core.shell:Creating package script '/home/mariem/multi_robot_ws/install/multirobot_map_merge/share/multirobot_map_merge/package.ps1'
[0.814s] INFO:colcon.colcon_core.shell:Creating package descriptor '/home/mariem/multi_robot_ws/install/multirobot_map_merge/share/multirobot_map_merge/package.dsv'
[0.814s] INFO:colcon.colcon_core.shell:Creating package script '/home/mariem/multi_robot_ws/install/multirobot_map_merge/share/multirobot_map_merge/package.sh'
[0.815s] INFO:colcon.colcon_core.shell:Creating package script '/home/mariem/multi_robot_ws/install/multirobot_map_merge/share/multirobot_map_merge/package.bash'
[0.815s] INFO:colcon.colcon_core.shell:Creating package script '/home/mariem/multi_robot_ws/install/multirobot_map_merge/share/multirobot_map_merge/package.zsh'
[0.815s] Level 1:colcon.colcon_core.environment:create_file_with_runtime_dependencies(/home/mariem/multi_robot_ws/install/multirobot_map_merge/share/colcon-core/packages/multirobot_map_merge)
[0.991s] DEBUG:colcon.colcon_core.event_handler.log_command:Invoking command in '/home/mariem/multi_robot_ws/build/merge_map': PYTHONPATH=/home/mariem/multi_robot_ws/build/merge_map/prefix_override:/usr/lib/python3/dist-packages/colcon_core/task/python/colcon_distutils_commands:/home/mariem/multi_robot_ws/install/merge_map/lib/python3.10/site-packages:${PYTHONPATH} /usr/bin/python3 -W ignore:setup.py install is deprecated -W ignore:easy_install command is deprecated setup.py develop --editable --build-directory /home/mariem/multi_robot_ws/build/merge_map/build --no-deps symlink_data
[1.290s] Level 1:colcon.colcon_core.shell:create_environment_hook('merge_map', 'pythonpath_develop')
[1.291s] INFO:colcon.colcon_core.shell:Creating environment hook '/home/mariem/multi_robot_ws/build/merge_map/share/merge_map/hook/pythonpath_develop.ps1'
[1.291s] DEBUG:colcon.colcon_core.event_handler.log_command:Invoked command in '/home/mariem/multi_robot_ws/build/merge_map' returned '0': PYTHONPATH=/home/mariem/multi_robot_ws/build/merge_map/prefix_override:/usr/lib/python3/dist-packages/colcon_core/task/python/colcon_distutils_commands:/home/mariem/multi_robot_ws/install/merge_map/lib/python3.10/site-packages:${PYTHONPATH} /usr/bin/python3 -W ignore:setup.py install is deprecated -W ignore:easy_install command is deprecated setup.py develop --editable --build-directory /home/mariem/multi_robot_ws/build/merge_map/build --no-deps symlink_data
[1.291s] INFO:colcon.colcon_core.shell:Creating environment descriptor '/home/mariem/multi_robot_ws/build/merge_map/share/merge_map/hook/pythonpath_develop.dsv'
[1.291s] INFO:colcon.colcon_core.shell:Creating environment hook '/home/mariem/multi_robot_ws/build/merge_map/share/merge_map/hook/pythonpath_develop.sh'
[1.292s] Level 1:colcon.colcon_core.environment:checking '/home/mariem/multi_robot_ws/install/merge_map' for CMake module files
[1.292s] Level 1:colcon.colcon_core.environment:checking '/home/mariem/multi_robot_ws/install/merge_map' for CMake config files
[1.293s] Level 1:colcon.colcon_core.environment:checking '/home/mariem/multi_robot_ws/install/merge_map/lib'
[1.293s] Level 1:colcon.colcon_core.environment:checking '/home/mariem/multi_robot_ws/install/merge_map/bin'
[1.293s] Level 1:colcon.colcon_core.environment:checking '/home/mariem/multi_robot_ws/install/merge_map/lib/pkgconfig/merge_map.pc'
[1.293s] Level 1:colcon.colcon_core.environment:checking '/home/mariem/multi_robot_ws/install/merge_map/lib/python3.10/site-packages'
[1.293s] Level 1:colcon.colcon_core.shell:create_environment_hook('merge_map', 'pythonpath')
[1.293s] INFO:colcon.colcon_core.shell:Creating environment hook '/home/mariem/multi_robot_ws/install/merge_map/share/merge_map/hook/pythonpath.ps1'
[1.294s] INFO:colcon.colcon_core.shell:Creating environment descriptor '/home/mariem/multi_robot_ws/install/merge_map/share/merge_map/hook/pythonpath.dsv'
[1.294s] INFO:colcon.colcon_core.shell:Creating environment hook '/home/mariem/multi_robot_ws/install/merge_map/share/merge_map/hook/pythonpath.sh'
[1.294s] Level 1:colcon.colcon_core.environment:checking '/home/mariem/multi_robot_ws/install/merge_map/bin'
[1.294s] Level 1:colcon.colcon_core.environment:create_environment_scripts_only(merge_map)
[1.294s] INFO:colcon.colcon_core.shell:Creating package script '/home/mariem/multi_robot_ws/install/merge_map/share/merge_map/package.ps1'
[1.295s] INFO:colcon.colcon_core.shell:Creating package descriptor '/home/mariem/multi_robot_ws/install/merge_map/share/merge_map/package.dsv'
[1.295s] INFO:colcon.colcon_core.shell:Creating package script '/home/mariem/multi_robot_ws/install/merge_map/share/merge_map/package.sh'
[1.295s] INFO:colcon.colcon_core.shell:Creating package script '/home/mariem/multi_robot_ws/install/merge_map/share/merge_map/package.bash'
[1.296s] INFO:colcon.colcon_core.shell:Creating package script '/home/mariem/multi_robot_ws/install/merge_map/share/merge_map/package.zsh'
[1.296s] Level 1:colcon.colcon_core.environment:create_file_with_runtime_dependencies(/home/mariem/multi_robot_ws/install/merge_map/share/colcon-core/packages/merge_map)
[1.296s] DEBUG:colcon.colcon_parallel_executor.executor.parallel:closing loop
[1.296s] DEBUG:colcon.colcon_parallel_executor.executor.parallel:loop closed
[1.296s] DEBUG:colcon.colcon_parallel_executor.executor.parallel:run_until_complete finished with '0'
[1.296s] DEBUG:colcon.colcon_core.event_reactor:joining thread
[1.301s] INFO:colcon.colcon_core.plugin_system:Skipping extension 'colcon_notification.desktop_notification.terminal_notifier': Not used on non-Darwin systems
[1.301s] INFO:colcon.colcon_core.plugin_system:Skipping extension 'colcon_notification.desktop_notification.win32': Not used on non-Windows systems
[1.301s] INFO:colcon.colcon_notification.desktop_notification:Sending desktop notification using 'notify2'
[1.315s] DEBUG:colcon.colcon_core.event_reactor:joined thread
[1.315s] INFO:colcon.colcon_core.shell:Creating prefix script '/home/mariem/multi_robot_ws/install/local_setup.ps1'
[1.316s] INFO:colcon.colcon_core.shell:Creating prefix util module '/home/mariem/multi_robot_ws/install/_local_setup_util_ps1.py'
[1.318s] INFO:colcon.colcon_core.shell:Creating prefix chain script '/home/mariem/multi_robot_ws/install/setup.ps1'
[1.319s] INFO:colcon.colcon_core.shell:Creating prefix script '/home/mariem/multi_robot_ws/install/local_setup.sh'
[1.320s] INFO:colcon.colcon_core.shell:Creating prefix util module '/home/mariem/multi_robot_ws/install/_local_setup_util_sh.py'
[1.320s] INFO:colcon.colcon_core.shell:Creating prefix chain script '/home/mariem/multi_robot_ws/install/setup.sh'
[1.321s] INFO:colcon.colcon_core.shell:Creating prefix script '/home/mariem/multi_robot_ws/install/local_setup.bash'
[1.322s] INFO:colcon.colcon_core.shell:Creating prefix chain script '/home/mariem/multi_robot_ws/install/setup.bash'
[1.323s] INFO:colcon.colcon_core.shell:Creating prefix script '/home/mariem/multi_robot_ws/install/local_setup.zsh'
[1.324s] INFO:colcon.colcon_core.shell:Creating prefix chain script '/home/mariem/multi_robot_ws/install/setup.zsh'
