[0.241s] Invoking command in '/home/mariem/multi_robot_ws/build/multirobot_map_merge': CMAKE_PREFIX_PATH=${CMAKE_PREFIX_PATH}:/home/mariem/multi_robot_ws/install/merge_map:/home/mariem/my_ros2_ws/install/my_turtlebot_gazebo:/opt/ros/humble /usr/bin/cmake --build /home/mariem/multi_robot_ws/build/multirobot_map_merge -- -j16 -l16
[0.292s] [ 16%] Built target gtest_main
[0.293s] [ 33%] Built target gtest
[0.296s] [ 66%] Built target combine_grids
[0.324s] [ 83%] Built target test_merging_pipeline
[0.329s] [100%] Built target map_merge
[0.337s] Invoked command in '/home/mariem/multi_robot_ws/build/multirobot_map_merge' returned '0': CMAKE_PREFIX_PATH=${CMAKE_PREFIX_PATH}:/home/mariem/multi_robot_ws/install/merge_map:/home/mariem/my_ros2_ws/install/my_turtlebot_gazebo:/opt/ros/humble /usr/bin/cmake --build /home/mariem/multi_robot_ws/build/multirobot_map_merge -- -j16 -l16
[0.339s] Invoking command in '/home/mariem/multi_robot_ws/build/multirobot_map_merge': CMAKE_PREFIX_PATH=${CMAKE_PREFIX_PATH}:/home/mariem/multi_robot_ws/install/merge_map:/home/mariem/my_ros2_ws/install/my_turtlebot_gazebo:/opt/ros/humble /usr/bin/cmake --install /home/mariem/multi_robot_ws/build/multirobot_map_merge
[0.345s] -- Install configuration: ""
[0.345s] -- Execute custom install script
[0.345s] -- Up-to-date symlink: /home/mariem/multi_robot_ws/install/multirobot_map_merge/include/map_merge//map_merge.h
[0.346s] -- Up-to-date symlink: /home/mariem/multi_robot_ws/install/multirobot_map_merge/include/map_merge//ros1_names.hpp
[0.346s] -- Up-to-date symlink: /home/mariem/multi_robot_ws/install/multirobot_map_merge/share/multirobot_map_merge/launch/tb3_simulation/bringup_launch.py
[0.346s] -- Up-to-date symlink: /home/mariem/multi_robot_ws/install/multirobot_map_merge/share/multirobot_map_merge/launch/tb3_simulation/config/nav2_multirobot_params_1.yaml
[0.346s] -- Up-to-date symlink: /home/mariem/multi_robot_ws/install/multirobot_map_merge/share/multirobot_map_merge/launch/tb3_simulation/config/nav2_multirobot_params_2.yaml
[0.346s] -- Up-to-date symlink: /home/mariem/multi_robot_ws/install/multirobot_map_merge/share/multirobot_map_merge/launch/tb3_simulation/multi_tb3_simulation_launch.py
[0.346s] -- Up-to-date symlink: /home/mariem/multi_robot_ws/install/multirobot_map_merge/share/multirobot_map_merge/launch/tb3_simulation/slam_toolbox.py
[0.346s] -- Up-to-date symlink: /home/mariem/multi_robot_ws/install/multirobot_map_merge/share/multirobot_map_merge/launch/tb3_simulation/tb3_simulation_launch.py
[0.347s] -- Up-to-date symlink: /home/mariem/multi_robot_ws/install/multirobot_map_merge/share/multirobot_map_merge/launch/tb3_simulation/worlds/world_only.model
[0.347s] -- Up-to-date symlink: /home/mariem/multi_robot_ws/install/multirobot_map_merge/lib/multirobot_map_merge/map_merge
[0.347s] -- Up-to-date symlink: /home/mariem/multi_robot_ws/install/multirobot_map_merge/share/multirobot_map_merge/environment/library_path.sh
[0.347s] -- Up-to-date symlink: /home/mariem/multi_robot_ws/install/multirobot_map_merge/share/multirobot_map_merge/environment/library_path.dsv
[0.347s] -- Up-to-date symlink: /home/mariem/multi_robot_ws/install/multirobot_map_merge/share/ament_index/resource_index/package_run_dependencies/multirobot_map_merge
[0.347s] -- Up-to-date symlink: /home/mariem/multi_robot_ws/install/multirobot_map_merge/share/ament_index/resource_index/parent_prefix_path/multirobot_map_merge
[0.347s] -- Up-to-date symlink: /home/mariem/multi_robot_ws/install/multirobot_map_merge/share/multirobot_map_merge/environment/ament_prefix_path.sh
[0.347s] -- Up-to-date symlink: /home/mariem/multi_robot_ws/install/multirobot_map_merge/share/multirobot_map_merge/environment/ament_prefix_path.dsv
[0.348s] -- Up-to-date symlink: /home/mariem/multi_robot_ws/install/multirobot_map_merge/share/multirobot_map_merge/environment/path.sh
[0.348s] -- Up-to-date symlink: /home/mariem/multi_robot_ws/install/multirobot_map_merge/share/multirobot_map_merge/environment/path.dsv
[0.348s] -- Up-to-date symlink: /home/mariem/multi_robot_ws/install/multirobot_map_merge/share/multirobot_map_merge/local_setup.bash
[0.348s] -- Up-to-date symlink: /home/mariem/multi_robot_ws/install/multirobot_map_merge/share/multirobot_map_merge/local_setup.sh
[0.348s] -- Up-to-date symlink: /home/mariem/multi_robot_ws/install/multirobot_map_merge/share/multirobot_map_merge/local_setup.zsh
[0.348s] -- Up-to-date symlink: /home/mariem/multi_robot_ws/install/multirobot_map_merge/share/multirobot_map_merge/local_setup.dsv
[0.348s] -- Symlinking: /home/mariem/multi_robot_ws/install/multirobot_map_merge/share/multirobot_map_merge/package.dsv
[0.356s] -- Up-to-date symlink: /home/mariem/multi_robot_ws/install/multirobot_map_merge/share/ament_index/resource_index/packages/multirobot_map_merge
[0.356s] -- Up-to-date symlink: /home/mariem/multi_robot_ws/install/multirobot_map_merge/share/multirobot_map_merge/cmake/ament_cmake_export_include_directories-extras.cmake
[0.356s] -- Up-to-date symlink: /home/mariem/multi_robot_ws/install/multirobot_map_merge/share/multirobot_map_merge/cmake/ament_cmake_export_libraries-extras.cmake
[0.356s] -- Up-to-date symlink: /home/mariem/multi_robot_ws/install/multirobot_map_merge/share/multirobot_map_merge/cmake/multirobot_map_mergeConfig.cmake
[0.356s] -- Up-to-date symlink: /home/mariem/multi_robot_ws/install/multirobot_map_merge/share/multirobot_map_merge/cmake/multirobot_map_mergeConfig-version.cmake
[0.356s] -- Up-to-date symlink: /home/mariem/multi_robot_ws/install/multirobot_map_merge/share/multirobot_map_merge/package.xml
[0.356s] -- Up-to-date: /home/mariem/multi_robot_ws/install/multirobot_map_merge/lib/libcombine_grids.a
[0.358s] Invoked command in '/home/mariem/multi_robot_ws/build/multirobot_map_merge' returned '0': CMAKE_PREFIX_PATH=${CMAKE_PREFIX_PATH}:/home/mariem/multi_robot_ws/install/merge_map:/home/mariem/my_ros2_ws/install/my_turtlebot_gazebo:/opt/ros/humble /usr/bin/cmake --install /home/mariem/multi_robot_ws/build/multirobot_map_merge
